[2.977s] Invoking command in '/root/robot_ws/src/thymio_project/build/thymio_project': PYTHONPATH=/root/robot_ws/src/thymio_project/build/thymio_project/prefix_override:/usr/lib/python3/dist-packages/colcon_core/task/python/colcon_distutils_commands:/root/robot_ws/src/thymio_project/install/thymio_project/lib/python3.12/site-packages:${PYTHONPATH} /usr/bin/python3 -W ignore:setup.py install is deprecated -W ignore:easy_install command is deprecated setup.py develop --editable --build-directory /root/robot_ws/src/thymio_project/build/thymio_project/build --no-deps symlink_data
[4.106s] running develop
[4.716s] running egg_info
[4.717s] creating thymio_project.egg-info
[4.776s] writing thymio_project.egg-info/PKG-INFO
[4.778s] writing dependency_links to thymio_project.egg-info/dependency_links.txt
[4.779s] writing entry points to thymio_project.egg-info/entry_points.txt
[4.779s] writing requirements to thymio_project.egg-info/requires.txt
[4.779s] writing top-level names to thymio_project.egg-info/top_level.txt
[4.780s] writing manifest file 'thymio_project.egg-info/SOURCES.txt'
[4.902s] reading manifest file 'thymio_project.egg-info/SOURCES.txt'
[4.905s] writing manifest file 'thymio_project.egg-info/SOURCES.txt'
[4.973s] running build_ext
[4.973s] Creating /root/robot_ws/src/thymio_project/install/thymio_project/lib/python3.12/site-packages/thymio-project.egg-link (link to .)
[4.976s] Installing main script to /root/robot_ws/src/thymio_project/install/thymio_project/lib/thymio_project
[4.977s] 
[4.977s] Installed /root/robot_ws/src/thymio_project/build/thymio_project
[4.978s] running symlink_data
[4.978s] creating /root/robot_ws/src/thymio_project/install/thymio_project/share/ament_index
[4.979s] creating /root/robot_ws/src/thymio_project/install/thymio_project/share/ament_index/resource_index
[4.979s] creating /root/robot_ws/src/thymio_project/install/thymio_project/share/ament_index/resource_index/packages
[4.980s] symbolically linking /root/robot_ws/src/thymio_project/build/thymio_project/resource/thymio_project -> /root/robot_ws/src/thymio_project/install/thymio_project/share/ament_index/resource_index/packages
[4.980s] symbolically linking /root/robot_ws/src/thymio_project/build/thymio_project/package.xml -> /root/robot_ws/src/thymio_project/install/thymio_project/share/thymio_project
[4.981s] creating /root/robot_ws/src/thymio_project/install/thymio_project/share/thymio_project/launch
[4.981s] symbolically linking /root/robot_ws/src/thymio_project/build/thymio_project/launch/thymio.launch.py -> /root/robot_ws/src/thymio_project/install/thymio_project/share/thymio_project/launch
[4.982s] symbolically linking /root/robot_ws/src/thymio_project/build/thymio_project/launch/pi_hardware.launch.py -> /root/robot_ws/src/thymio_project/install/thymio_project/share/thymio_project/launch
[4.982s] creating /root/robot_ws/src/thymio_project/install/thymio_project/share/thymio_project/config
[4.983s] symbolically linking /root/robot_ws/src/thymio_project/build/thymio_project/config/slam_config.yaml -> /root/robot_ws/src/thymio_project/install/thymio_project/share/thymio_project/config
[4.983s] symbolically linking /root/robot_ws/src/thymio_project/build/thymio_project/config/ps4_pi.yaml -> /root/robot_ws/src/thymio_project/install/thymio_project/share/thymio_project/config
[4.984s] symbolically linking /root/robot_ws/src/thymio_project/build/thymio_project/config/joystick.yaml -> /root/robot_ws/src/thymio_project/install/thymio_project/share/thymio_project/config
[5.134s] Invoked command in '/root/robot_ws/src/thymio_project/build/thymio_project' returned '0': PYTHONPATH=/root/robot_ws/src/thymio_project/build/thymio_project/prefix_override:/usr/lib/python3/dist-packages/colcon_core/task/python/colcon_distutils_commands:/root/robot_ws/src/thymio_project/install/thymio_project/lib/python3.12/site-packages:${PYTHONPATH} /usr/bin/python3 -W ignore:setup.py install is deprecated -W ignore:easy_install command is deprecated setup.py develop --editable --build-directory /root/robot_ws/src/thymio_project/build/thymio_project/build --no-deps symlink_data
