[0.670s] DEBUG:colcon:Command line arguments: ['/usr/bin/colcon', 'build', '--symlink-install']
[0.670s] DEBUG:colcon:Parsed command line arguments: Namespace(log_base=None, log_level=None, verb_name='build', build_base='build', install_base='install', merge_install=False, symlink_install=True, test_result_base=None, continue_on_error=False, executor='parallel', parallel_workers=4, event_handlers=None, ignore_user_meta=False, metas=['./colcon.meta'], base_paths=['.'], packages_ignore=None, packages_ignore_regex=None, paths=None, packages_up_to=None, packages_up_to_regex=None, packages_above=None, packages_above_and_dependencies=None, packages_above_depth=None, packages_select_by_dep=None, packages_skip_by_dep=None, packages_skip_up_to=None, packages_select_build_failed=False, packages_skip_build_finished=False, packages_select_test_failures=False, packages_skip_test_passed=False, packages_select=None, packages_skip=None, packages_select_regex=None, packages_skip_regex=None, packages_start=None, packages_end=None, cmake_args=None, cmake_target=None, cmake_target_skip_unavailable=False, cmake_clean_cache=False, cmake_clean_first=False, cmake_force_configure=False, ament_cmake_args=None, catkin_cmake_args=None, catkin_skip_building_tests=False, mixin_files=None, mixin=None, verb_parser=<colcon_mixin.mixin.mixin_argument.MixinArgumentDecorator object at 0x7f80db1d30>, verb_extension=<colcon_core.verb.build.BuildVerb object at 0x7f80f9a300>, main=<bound method BuildVerb.main of <colcon_core.verb.build.BuildVerb object at 0x7f80f9a300>>, mixin_verb=('build',))
[0.923s] Level 1:colcon.colcon_core.package_discovery:discover_packages(colcon_meta) check parameters
[0.927s] INFO:colcon.colcon_metadata.package_discovery.colcon_meta:Using configuration from '/root/.colcon/metadata/default/Gazebo.meta'
[0.930s] INFO:colcon.colcon_metadata.package_discovery.colcon_meta:Using configuration from '/root/.colcon/metadata/default/fastdds.meta'
[0.932s] INFO:colcon.colcon_metadata.package_discovery.colcon_meta:Using configuration from '/root/.colcon/metadata/default/fastrtps.meta'
[0.932s] Level 1:colcon.colcon_core.package_discovery:discover_packages(recursive) check parameters
[0.932s] Level 1:colcon.colcon_core.package_discovery:discover_packages(ignore) check parameters
[0.932s] Level 1:colcon.colcon_core.package_discovery:discover_packages(path) check parameters
[0.933s] Level 1:colcon.colcon_core.package_discovery:discover_packages(colcon_meta) discover
[0.933s] Level 1:colcon.colcon_core.package_discovery:discover_packages(recursive) discover
[0.933s] INFO:colcon.colcon_core.package_discovery:Crawling recursively for packages in '/root/robot_ws'
[0.933s] Level 1:colcon.colcon_core.package_identification:_identify(.) by extensions ['ignore', 'ignore_ament_install']
[0.934s] Level 1:colcon.colcon_core.package_identification:_identify(.) by extension 'ignore'
[0.934s] Level 1:colcon.colcon_core.package_identification:_identify(.) by extension 'ignore_ament_install'
[0.934s] Level 1:colcon.colcon_core.package_identification:_identify(.) by extensions ['colcon_pkg']
[0.934s] Level 1:colcon.colcon_core.package_identification:_identify(.) by extension 'colcon_pkg'
[0.934s] Level 1:colcon.colcon_core.package_identification:_identify(.) by extensions ['colcon_meta']
[0.934s] Level 1:colcon.colcon_core.package_identification:_identify(.) by extension 'colcon_meta'
[0.935s] Level 1:colcon.colcon_core.package_identification:_identify(.) by extensions ['ros']
[0.935s] Level 1:colcon.colcon_core.package_identification:_identify(.) by extension 'ros'
[1.071s] Level 1:colcon.colcon_core.package_identification:_identify(.) by extensions ['cmake', 'python']
[1.072s] Level 1:colcon.colcon_core.package_identification:_identify(.) by extension 'cmake'
[1.072s] Level 1:colcon.colcon_core.package_identification:_identify(.) by extension 'python'
[1.072s] Level 1:colcon.colcon_core.package_identification:_identify(.) by extensions ['python_setup_py']
[1.072s] Level 1:colcon.colcon_core.package_identification:_identify(.) by extension 'python_setup_py'
[1.072s] Level 1:colcon.colcon_core.package_identification:_identify(build) by extensions ['ignore', 'ignore_ament_install']
[1.073s] Level 1:colcon.colcon_core.package_identification:_identify(build) by extension 'ignore'
[1.073s] Level 1:colcon.colcon_core.package_identification:_identify(build) ignored
[1.073s] Level 1:colcon.colcon_core.package_identification:_identify(install) by extensions ['ignore', 'ignore_ament_install']
[1.074s] Level 1:colcon.colcon_core.package_identification:_identify(install) by extension 'ignore'
[1.074s] Level 1:colcon.colcon_core.package_identification:_identify(install) ignored
[1.074s] Level 1:colcon.colcon_core.package_identification:_identify(log) by extensions ['ignore', 'ignore_ament_install']
[1.074s] Level 1:colcon.colcon_core.package_identification:_identify(log) by extension 'ignore'
[1.075s] Level 1:colcon.colcon_core.package_identification:_identify(log) ignored
[1.076s] Level 1:colcon.colcon_core.package_identification:_identify(src) by extensions ['ignore', 'ignore_ament_install']
[1.076s] Level 1:colcon.colcon_core.package_identification:_identify(src) by extension 'ignore'
[1.076s] Level 1:colcon.colcon_core.package_identification:_identify(src) by extension 'ignore_ament_install'
[1.076s] Level 1:colcon.colcon_core.package_identification:_identify(src) by extensions ['colcon_pkg']
[1.077s] Level 1:colcon.colcon_core.package_identification:_identify(src) by extension 'colcon_pkg'
[1.077s] Level 1:colcon.colcon_core.package_identification:_identify(src) by extensions ['colcon_meta']
[1.077s] Level 1:colcon.colcon_core.package_identification:_identify(src) by extension 'colcon_meta'
[1.077s] Level 1:colcon.colcon_core.package_identification:_identify(src) by extensions ['ros']
[1.077s] Level 1:colcon.colcon_core.package_identification:_identify(src) by extension 'ros'
[1.078s] Level 1:colcon.colcon_core.package_identification:_identify(src) by extensions ['cmake', 'python']
[1.078s] Level 1:colcon.colcon_core.package_identification:_identify(src) by extension 'cmake'
[1.078s] Level 1:colcon.colcon_core.package_identification:_identify(src) by extension 'python'
[1.078s] Level 1:colcon.colcon_core.package_identification:_identify(src) by extensions ['python_setup_py']
[1.078s] Level 1:colcon.colcon_core.package_identification:_identify(src) by extension 'python_setup_py'
[1.079s] Level 1:colcon.colcon_core.package_identification:_identify(src/ldlidar_ros2_ws) by extensions ['ignore', 'ignore_ament_install']
[1.079s] Level 1:colcon.colcon_core.package_identification:_identify(src/ldlidar_ros2_ws) by extension 'ignore'
[1.080s] Level 1:colcon.colcon_core.package_identification:_identify(src/ldlidar_ros2_ws) by extension 'ignore_ament_install'
[1.080s] Level 1:colcon.colcon_core.package_identification:_identify(src/ldlidar_ros2_ws) by extensions ['colcon_pkg']
[1.080s] Level 1:colcon.colcon_core.package_identification:_identify(src/ldlidar_ros2_ws) by extension 'colcon_pkg'
[1.080s] Level 1:colcon.colcon_core.package_identification:_identify(src/ldlidar_ros2_ws) by extensions ['colcon_meta']
[1.080s] Level 1:colcon.colcon_core.package_identification:_identify(src/ldlidar_ros2_ws) by extension 'colcon_meta'
[1.080s] Level 1:colcon.colcon_core.package_identification:_identify(src/ldlidar_ros2_ws) by extensions ['ros']
[1.081s] Level 1:colcon.colcon_core.package_identification:_identify(src/ldlidar_ros2_ws) by extension 'ros'
[1.081s] Level 1:colcon.colcon_core.package_identification:_identify(src/ldlidar_ros2_ws) by extensions ['cmake', 'python']
[1.081s] Level 1:colcon.colcon_core.package_identification:_identify(src/ldlidar_ros2_ws) by extension 'cmake'
[1.081s] Level 1:colcon.colcon_core.package_identification:_identify(src/ldlidar_ros2_ws) by extension 'python'
[1.081s] Level 1:colcon.colcon_core.package_identification:_identify(src/ldlidar_ros2_ws) by extensions ['python_setup_py']
[1.081s] Level 1:colcon.colcon_core.package_identification:_identify(src/ldlidar_ros2_ws) by extension 'python_setup_py'
[1.082s] Level 1:colcon.colcon_core.package_identification:_identify(src/ldlidar_ros2_ws/build) by extensions ['ignore', 'ignore_ament_install']
[1.083s] Level 1:colcon.colcon_core.package_identification:_identify(src/ldlidar_ros2_ws/build) by extension 'ignore'
[1.083s] Level 1:colcon.colcon_core.package_identification:_identify(src/ldlidar_ros2_ws/build) ignored
[1.084s] Level 1:colcon.colcon_core.package_identification:_identify(src/ldlidar_ros2_ws/install) by extensions ['ignore', 'ignore_ament_install']
[1.084s] Level 1:colcon.colcon_core.package_identification:_identify(src/ldlidar_ros2_ws/install) by extension 'ignore'
[1.084s] Level 1:colcon.colcon_core.package_identification:_identify(src/ldlidar_ros2_ws/install) ignored
[1.085s] Level 1:colcon.colcon_core.package_identification:_identify(src/ldlidar_ros2_ws/log) by extensions ['ignore', 'ignore_ament_install']
[1.085s] Level 1:colcon.colcon_core.package_identification:_identify(src/ldlidar_ros2_ws/log) by extension 'ignore'
[1.086s] Level 1:colcon.colcon_core.package_identification:_identify(src/ldlidar_ros2_ws/log) ignored
[1.086s] Level 1:colcon.colcon_core.package_identification:_identify(src/ldlidar_ros2_ws/src) by extensions ['ignore', 'ignore_ament_install']
[1.087s] Level 1:colcon.colcon_core.package_identification:_identify(src/ldlidar_ros2_ws/src) by extension 'ignore'
[1.087s] Level 1:colcon.colcon_core.package_identification:_identify(src/ldlidar_ros2_ws/src) by extension 'ignore_ament_install'
[1.087s] Level 1:colcon.colcon_core.package_identification:_identify(src/ldlidar_ros2_ws/src) by extensions ['colcon_pkg']
[1.087s] Level 1:colcon.colcon_core.package_identification:_identify(src/ldlidar_ros2_ws/src) by extension 'colcon_pkg'
[1.088s] Level 1:colcon.colcon_core.package_identification:_identify(src/ldlidar_ros2_ws/src) by extensions ['colcon_meta']
[1.088s] Level 1:colcon.colcon_core.package_identification:_identify(src/ldlidar_ros2_ws/src) by extension 'colcon_meta'
[1.088s] Level 1:colcon.colcon_core.package_identification:_identify(src/ldlidar_ros2_ws/src) by extensions ['ros']
[1.088s] Level 1:colcon.colcon_core.package_identification:_identify(src/ldlidar_ros2_ws/src) by extension 'ros'
[1.088s] Level 1:colcon.colcon_core.package_identification:_identify(src/ldlidar_ros2_ws/src) by extensions ['cmake', 'python']
[1.088s] Level 1:colcon.colcon_core.package_identification:_identify(src/ldlidar_ros2_ws/src) by extension 'cmake'
[1.089s] Level 1:colcon.colcon_core.package_identification:_identify(src/ldlidar_ros2_ws/src) by extension 'python'
[1.089s] Level 1:colcon.colcon_core.package_identification:_identify(src/ldlidar_ros2_ws/src) by extensions ['python_setup_py']
[1.089s] Level 1:colcon.colcon_core.package_identification:_identify(src/ldlidar_ros2_ws/src) by extension 'python_setup_py'
[1.090s] Level 1:colcon.colcon_core.package_identification:_identify(src/ldlidar_ros2_ws/src/ldlidar_stl_ros2) by extensions ['ignore', 'ignore_ament_install']
[1.090s] Level 1:colcon.colcon_core.package_identification:_identify(src/ldlidar_ros2_ws/src/ldlidar_stl_ros2) by extension 'ignore'
[1.090s] Level 1:colcon.colcon_core.package_identification:_identify(src/ldlidar_ros2_ws/src/ldlidar_stl_ros2) by extension 'ignore_ament_install'
[1.091s] Level 1:colcon.colcon_core.package_identification:_identify(src/ldlidar_ros2_ws/src/ldlidar_stl_ros2) by extensions ['colcon_pkg']
[1.091s] Level 1:colcon.colcon_core.package_identification:_identify(src/ldlidar_ros2_ws/src/ldlidar_stl_ros2) by extension 'colcon_pkg'
[1.091s] Level 1:colcon.colcon_core.package_identification:_identify(src/ldlidar_ros2_ws/src/ldlidar_stl_ros2) by extensions ['colcon_meta']
[1.091s] Level 1:colcon.colcon_core.package_identification:_identify(src/ldlidar_ros2_ws/src/ldlidar_stl_ros2) by extension 'colcon_meta'
[1.091s] Level 1:colcon.colcon_core.package_identification:_identify(src/ldlidar_ros2_ws/src/ldlidar_stl_ros2) by extensions ['ros']
[1.091s] Level 1:colcon.colcon_core.package_identification:_identify(src/ldlidar_ros2_ws/src/ldlidar_stl_ros2) by extension 'ros'
[1.104s] DEBUG:colcon.colcon_core.package_identification:Package 'src/ldlidar_ros2_ws/src/ldlidar_stl_ros2' with type 'ros.ament_cmake' and name 'ldlidar_stl_ros2'
[1.105s] Level 1:colcon.colcon_core.package_identification:_identify(src/thymio_project) by extensions ['ignore', 'ignore_ament_install']
[1.105s] Level 1:colcon.colcon_core.package_identification:_identify(src/thymio_project) by extension 'ignore'
[1.106s] Level 1:colcon.colcon_core.package_identification:_identify(src/thymio_project) by extension 'ignore_ament_install'
[1.106s] Level 1:colcon.colcon_core.package_identification:_identify(src/thymio_project) by extensions ['colcon_pkg']
[1.106s] Level 1:colcon.colcon_core.package_identification:_identify(src/thymio_project) by extension 'colcon_pkg'
[1.106s] Level 1:colcon.colcon_core.package_identification:_identify(src/thymio_project) by extensions ['colcon_meta']
[1.106s] Level 1:colcon.colcon_core.package_identification:_identify(src/thymio_project) by extension 'colcon_meta'
[1.107s] Level 1:colcon.colcon_core.package_identification:_identify(src/thymio_project) by extensions ['ros']
[1.107s] Level 1:colcon.colcon_core.package_identification:_identify(src/thymio_project) by extension 'ros'
[1.110s] DEBUG:colcon.colcon_core.package_identification:Package 'src/thymio_project' with type 'ros.ament_python' and name 'thymio_project'
[1.110s] Level 1:colcon.colcon_core.package_discovery:discover_packages(recursive) using defaults
[1.110s] Level 1:colcon.colcon_core.package_discovery:discover_packages(ignore) discover
[1.111s] Level 1:colcon.colcon_core.package_discovery:discover_packages(ignore) using defaults
[1.111s] Level 1:colcon.colcon_core.package_discovery:discover_packages(path) discover
[1.111s] Level 1:colcon.colcon_core.package_discovery:discover_packages(path) using defaults
[1.209s] Level 5:colcon.colcon_core.verb:set package 'ldlidar_stl_ros2' build argument 'cmake_args' from command line to 'None'
[1.209s] Level 5:colcon.colcon_core.verb:set package 'ldlidar_stl_ros2' build argument 'cmake_target' from command line to 'None'
[1.209s] Level 5:colcon.colcon_core.verb:set package 'ldlidar_stl_ros2' build argument 'cmake_target_skip_unavailable' from command line to 'False'
[1.210s] Level 5:colcon.colcon_core.verb:set package 'ldlidar_stl_ros2' build argument 'cmake_clean_cache' from command line to 'False'
[1.210s] Level 5:colcon.colcon_core.verb:set package 'ldlidar_stl_ros2' build argument 'cmake_clean_first' from command line to 'False'
[1.210s] Level 5:colcon.colcon_core.verb:set package 'ldlidar_stl_ros2' build argument 'cmake_force_configure' from command line to 'False'
[1.210s] Level 5:colcon.colcon_core.verb:set package 'ldlidar_stl_ros2' build argument 'ament_cmake_args' from command line to 'None'
[1.210s] Level 5:colcon.colcon_core.verb:set package 'ldlidar_stl_ros2' build argument 'catkin_cmake_args' from command line to 'None'
[1.210s] Level 5:colcon.colcon_core.verb:set package 'ldlidar_stl_ros2' build argument 'catkin_skip_building_tests' from command line to 'False'
[1.210s] DEBUG:colcon.colcon_core.verb:Building package 'ldlidar_stl_ros2' with the following arguments: {'ament_cmake_args': None, 'build_base': '/root/robot_ws/build/ldlidar_stl_ros2', 'catkin_cmake_args': None, 'catkin_skip_building_tests': False, 'cmake_args': None, 'cmake_clean_cache': False, 'cmake_clean_first': False, 'cmake_force_configure': False, 'cmake_target': None, 'cmake_target_skip_unavailable': False, 'install_base': '/root/robot_ws/install/ldlidar_stl_ros2', 'merge_install': False, 'path': '/root/robot_ws/src/ldlidar_ros2_ws/src/ldlidar_stl_ros2', 'symlink_install': True, 'test_result_base': None}
[1.211s] Level 5:colcon.colcon_core.verb:set package 'thymio_project' build argument 'cmake_args' from command line to 'None'
[1.212s] Level 5:colcon.colcon_core.verb:set package 'thymio_project' build argument 'cmake_target' from command line to 'None'
[1.212s] Level 5:colcon.colcon_core.verb:set package 'thymio_project' build argument 'cmake_target_skip_unavailable' from command line to 'False'
[1.212s] Level 5:colcon.colcon_core.verb:set package 'thymio_project' build argument 'cmake_clean_cache' from command line to 'False'
[1.212s] Level 5:colcon.colcon_core.verb:set package 'thymio_project' build argument 'cmake_clean_first' from command line to 'False'
[1.212s] Level 5:colcon.colcon_core.verb:set package 'thymio_project' build argument 'cmake_force_configure' from command line to 'False'
[1.212s] Level 5:colcon.colcon_core.verb:set package 'thymio_project' build argument 'ament_cmake_args' from command line to 'None'
[1.212s] Level 5:colcon.colcon_core.verb:set package 'thymio_project' build argument 'catkin_cmake_args' from command line to 'None'
[1.212s] Level 5:colcon.colcon_core.verb:set package 'thymio_project' build argument 'catkin_skip_building_tests' from command line to 'False'
[1.212s] DEBUG:colcon.colcon_core.verb:Building package 'thymio_project' with the following arguments: {'ament_cmake_args': None, 'build_base': '/root/robot_ws/build/thymio_project', 'catkin_cmake_args': None, 'catkin_skip_building_tests': False, 'cmake_args': None, 'cmake_clean_cache': False, 'cmake_clean_first': False, 'cmake_force_configure': False, 'cmake_target': None, 'cmake_target_skip_unavailable': False, 'install_base': '/root/robot_ws/install/thymio_project', 'merge_install': False, 'path': '/root/robot_ws/src/thymio_project', 'symlink_install': True, 'test_result_base': None}
[1.213s] INFO:colcon.colcon_core.executor:Executing jobs using 'parallel' executor
[1.215s] DEBUG:colcon.colcon_parallel_executor.executor.parallel:run_until_complete
[1.217s] INFO:colcon.colcon_ros.task.ament_cmake.build:Building ROS package in '/root/robot_ws/src/ldlidar_ros2_ws/src/ldlidar_stl_ros2' with build type 'ament_cmake'
[1.218s] INFO:colcon.colcon_cmake.task.cmake.build:Building CMake package in '/root/robot_ws/src/ldlidar_ros2_ws/src/ldlidar_stl_ros2'
[1.240s] INFO:colcon.colcon_core.plugin_system:Skipping extension 'colcon_core.shell.bat': Not used on non-Windows systems
[1.240s] INFO:colcon.colcon_core.shell:Skip shell extension 'powershell' for command environment: Not usable outside of PowerShell
[1.240s] DEBUG:colcon.colcon_core.shell:Skip shell extension 'dsv' for command environment
[1.260s] INFO:colcon.colcon_ros.task.ament_python.build:Building ROS package in '/root/robot_ws/src/thymio_project' with build type 'ament_python'
[1.260s] Level 1:colcon.colcon_core.shell:create_environment_hook('thymio_project', 'ament_prefix_path')
[1.261s] INFO:colcon.colcon_core.shell:Creating environment hook '/root/robot_ws/install/thymio_project/share/thymio_project/hook/ament_prefix_path.ps1'
[1.268s] INFO:colcon.colcon_core.shell:Creating environment descriptor '/root/robot_ws/install/thymio_project/share/thymio_project/hook/ament_prefix_path.dsv'
[1.271s] INFO:colcon.colcon_core.shell:Creating environment hook '/root/robot_ws/install/thymio_project/share/thymio_project/hook/ament_prefix_path.sh'
[1.274s] INFO:colcon.colcon_core.shell:Skip shell extension 'powershell' for command environment: Not usable outside of PowerShell
[1.274s] DEBUG:colcon.colcon_core.shell:Skip shell extension 'dsv' for command environment
[1.297s] DEBUG:colcon.colcon_core.event_handler.log_command:Invoking command in '/root/robot_ws/build/ldlidar_stl_ros2': CMAKE_PREFIX_PATH=/opt/ros/jazzy /usr/bin/cmake --build /root/robot_ws/build/ldlidar_stl_ros2 -- -j4 -l4
[2.152s] INFO:colcon.colcon_core.task.python.build:Building Python package in '/root/robot_ws/src/thymio_project'
[2.153s] INFO:colcon.colcon_core.shell:Skip shell extension 'powershell' for command environment: Not usable outside of PowerShell
[2.153s] DEBUG:colcon.colcon_core.shell:Skip shell extension 'dsv' for command environment
[2.164s] DEBUG:colcon.colcon_core.event_handler.log_command:Invoked command in '/root/robot_ws/build/ldlidar_stl_ros2' returned '0': CMAKE_PREFIX_PATH=/opt/ros/jazzy /usr/bin/cmake --build /root/robot_ws/build/ldlidar_stl_ros2 -- -j4 -l4
[2.200s] DEBUG:colcon.colcon_core.event_handler.log_command:Invoking command in '/root/robot_ws/build/ldlidar_stl_ros2': CMAKE_PREFIX_PATH=/opt/ros/jazzy /usr/bin/cmake --install /root/robot_ws/build/ldlidar_stl_ros2
[2.309s] Level 1:colcon.colcon_core.environment:create_environment_scripts_only(ldlidar_stl_ros2)
[2.310s] DEBUG:colcon.colcon_core.event_handler.log_command:Invoked command in '/root/robot_ws/build/ldlidar_stl_ros2' returned '0': CMAKE_PREFIX_PATH=/opt/ros/jazzy /usr/bin/cmake --install /root/robot_ws/build/ldlidar_stl_ros2
[2.337s] Level 1:colcon.colcon_core.environment:checking '/root/robot_ws/install/ldlidar_stl_ros2' for CMake module files
[2.340s] Level 1:colcon.colcon_core.environment:checking '/root/robot_ws/install/ldlidar_stl_ros2' for CMake config files
[2.346s] Level 1:colcon.colcon_core.shell:create_environment_hook('ldlidar_stl_ros2', 'cmake_prefix_path')
[2.347s] INFO:colcon.colcon_core.shell:Creating environment hook '/root/robot_ws/install/ldlidar_stl_ros2/share/ldlidar_stl_ros2/hook/cmake_prefix_path.ps1'
[2.349s] INFO:colcon.colcon_core.shell:Creating environment descriptor '/root/robot_ws/install/ldlidar_stl_ros2/share/ldlidar_stl_ros2/hook/cmake_prefix_path.dsv'
[2.351s] INFO:colcon.colcon_core.shell:Creating environment hook '/root/robot_ws/install/ldlidar_stl_ros2/share/ldlidar_stl_ros2/hook/cmake_prefix_path.sh'
[2.354s] Level 1:colcon.colcon_core.environment:checking '/root/robot_ws/install/ldlidar_stl_ros2/lib'
[2.355s] Level 1:colcon.colcon_core.environment:checking '/root/robot_ws/install/ldlidar_stl_ros2/bin'
[2.355s] Level 1:colcon.colcon_core.environment:checking '/root/robot_ws/install/ldlidar_stl_ros2/lib/pkgconfig/ldlidar_stl_ros2.pc'
[2.356s] Level 1:colcon.colcon_core.environment:checking '/root/robot_ws/install/ldlidar_stl_ros2/lib/python3.12/site-packages'
[2.358s] Level 1:colcon.colcon_core.environment:checking '/root/robot_ws/install/ldlidar_stl_ros2/bin'
[2.359s] INFO:colcon.colcon_core.shell:Creating package script '/root/robot_ws/install/ldlidar_stl_ros2/share/ldlidar_stl_ros2/package.ps1'
[2.365s] INFO:colcon.colcon_core.shell:Creating package descriptor '/root/robot_ws/install/ldlidar_stl_ros2/share/ldlidar_stl_ros2/package.dsv'
[2.368s] INFO:colcon.colcon_core.shell:Creating package script '/root/robot_ws/install/ldlidar_stl_ros2/share/ldlidar_stl_ros2/package.sh'
[2.372s] INFO:colcon.colcon_core.shell:Creating package script '/root/robot_ws/install/ldlidar_stl_ros2/share/ldlidar_stl_ros2/package.bash'
[2.376s] INFO:colcon.colcon_core.shell:Creating package script '/root/robot_ws/install/ldlidar_stl_ros2/share/ldlidar_stl_ros2/package.zsh'
[2.381s] Level 1:colcon.colcon_core.environment:create_file_with_runtime_dependencies(/root/robot_ws/install/ldlidar_stl_ros2/share/colcon-core/packages/ldlidar_stl_ros2)
[2.384s] Level 1:colcon.colcon_core.environment:create_environment_scripts_only(ldlidar_stl_ros2)
[2.385s] Level 1:colcon.colcon_core.environment:checking '/root/robot_ws/install/ldlidar_stl_ros2' for CMake module files
[2.388s] Level 1:colcon.colcon_core.environment:checking '/root/robot_ws/install/ldlidar_stl_ros2' for CMake config files
[2.389s] Level 1:colcon.colcon_core.shell:create_environment_hook('ldlidar_stl_ros2', 'cmake_prefix_path')
[2.390s] INFO:colcon.colcon_core.shell:Creating environment hook '/root/robot_ws/install/ldlidar_stl_ros2/share/ldlidar_stl_ros2/hook/cmake_prefix_path.ps1'
[2.392s] INFO:colcon.colcon_core.shell:Creating environment descriptor '/root/robot_ws/install/ldlidar_stl_ros2/share/ldlidar_stl_ros2/hook/cmake_prefix_path.dsv'
[2.394s] INFO:colcon.colcon_core.shell:Creating environment hook '/root/robot_ws/install/ldlidar_stl_ros2/share/ldlidar_stl_ros2/hook/cmake_prefix_path.sh'
[2.397s] Level 1:colcon.colcon_core.environment:checking '/root/robot_ws/install/ldlidar_stl_ros2/lib'
[2.397s] Level 1:colcon.colcon_core.environment:checking '/root/robot_ws/install/ldlidar_stl_ros2/bin'
[2.397s] Level 1:colcon.colcon_core.environment:checking '/root/robot_ws/install/ldlidar_stl_ros2/lib/pkgconfig/ldlidar_stl_ros2.pc'
[2.398s] Level 1:colcon.colcon_core.environment:checking '/root/robot_ws/install/ldlidar_stl_ros2/lib/python3.12/site-packages'
[2.400s] Level 1:colcon.colcon_core.environment:checking '/root/robot_ws/install/ldlidar_stl_ros2/bin'
[2.401s] INFO:colcon.colcon_core.shell:Creating package script '/root/robot_ws/install/ldlidar_stl_ros2/share/ldlidar_stl_ros2/package.ps1'
[2.403s] INFO:colcon.colcon_core.shell:Creating package descriptor '/root/robot_ws/install/ldlidar_stl_ros2/share/ldlidar_stl_ros2/package.dsv'
[2.405s] INFO:colcon.colcon_core.shell:Creating package script '/root/robot_ws/install/ldlidar_stl_ros2/share/ldlidar_stl_ros2/package.sh'
[2.407s] INFO:colcon.colcon_core.shell:Creating package script '/root/robot_ws/install/ldlidar_stl_ros2/share/ldlidar_stl_ros2/package.bash'
[2.410s] INFO:colcon.colcon_core.shell:Creating package script '/root/robot_ws/install/ldlidar_stl_ros2/share/ldlidar_stl_ros2/package.zsh'
[2.413s] Level 1:colcon.colcon_core.environment:create_file_with_runtime_dependencies(/root/robot_ws/install/ldlidar_stl_ros2/share/colcon-core/packages/ldlidar_stl_ros2)
[4.775s] DEBUG:colcon.colcon_core.event_handler.log_command:Invoking command in '/root/robot_ws/build/thymio_project': PYTHONPATH=/root/robot_ws/build/thymio_project/prefix_override:/usr/lib/python3/dist-packages/colcon_core/task/python/colcon_distutils_commands:/root/robot_ws/install/thymio_project/lib/python3.12/site-packages:${PYTHONPATH} /usr/bin/python3 -W ignore:setup.py install is deprecated -W ignore:easy_install command is deprecated setup.py develop --editable --build-directory /root/robot_ws/build/thymio_project/build --no-deps symlink_data
[6.821s] Level 1:colcon.colcon_core.shell:create_environment_hook('thymio_project', 'pythonpath_develop')
[6.822s] INFO:colcon.colcon_core.shell:Creating environment hook '/root/robot_ws/build/thymio_project/share/thymio_project/hook/pythonpath_develop.ps1'
[6.822s] DEBUG:colcon.colcon_core.event_handler.log_command:Invoked command in '/root/robot_ws/build/thymio_project' returned '0': PYTHONPATH=/root/robot_ws/build/thymio_project/prefix_override:/usr/lib/python3/dist-packages/colcon_core/task/python/colcon_distutils_commands:/root/robot_ws/install/thymio_project/lib/python3.12/site-packages:${PYTHONPATH} /usr/bin/python3 -W ignore:setup.py install is deprecated -W ignore:easy_install command is deprecated setup.py develop --editable --build-directory /root/robot_ws/build/thymio_project/build --no-deps symlink_data
[6.828s] INFO:colcon.colcon_core.shell:Creating environment descriptor '/root/robot_ws/build/thymio_project/share/thymio_project/hook/pythonpath_develop.dsv'
[6.830s] INFO:colcon.colcon_core.shell:Creating environment hook '/root/robot_ws/build/thymio_project/share/thymio_project/hook/pythonpath_develop.sh'
[6.832s] Level 1:colcon.colcon_core.environment:checking '/root/robot_ws/install/thymio_project' for CMake module files
[6.835s] Level 1:colcon.colcon_core.environment:checking '/root/robot_ws/install/thymio_project' for CMake config files
[6.838s] Level 1:colcon.colcon_core.environment:checking '/root/robot_ws/install/thymio_project/lib'
[6.838s] Level 1:colcon.colcon_core.environment:checking '/root/robot_ws/install/thymio_project/bin'
[6.839s] Level 1:colcon.colcon_core.environment:checking '/root/robot_ws/install/thymio_project/lib/pkgconfig/thymio_project.pc'
[6.840s] Level 1:colcon.colcon_core.environment:checking '/root/robot_ws/install/thymio_project/lib/python3.12/site-packages'
[6.840s] Level 1:colcon.colcon_core.shell:create_environment_hook('thymio_project', 'pythonpath')
[6.841s] INFO:colcon.colcon_core.shell:Creating environment hook '/root/robot_ws/install/thymio_project/share/thymio_project/hook/pythonpath.ps1'
[6.842s] INFO:colcon.colcon_core.shell:Creating environment descriptor '/root/robot_ws/install/thymio_project/share/thymio_project/hook/pythonpath.dsv'
[6.844s] INFO:colcon.colcon_core.shell:Creating environment hook '/root/robot_ws/install/thymio_project/share/thymio_project/hook/pythonpath.sh'
[6.847s] Level 1:colcon.colcon_core.environment:checking '/root/robot_ws/install/thymio_project/bin'
[6.847s] Level 1:colcon.colcon_core.environment:create_environment_scripts_only(thymio_project)
[6.848s] INFO:colcon.colcon_core.shell:Creating package script '/root/robot_ws/install/thymio_project/share/thymio_project/package.ps1'
[6.851s] INFO:colcon.colcon_core.shell:Creating package descriptor '/root/robot_ws/install/thymio_project/share/thymio_project/package.dsv'
[6.853s] INFO:colcon.colcon_core.shell:Creating package script '/root/robot_ws/install/thymio_project/share/thymio_project/package.sh'
[6.855s] INFO:colcon.colcon_core.shell:Creating package script '/root/robot_ws/install/thymio_project/share/thymio_project/package.bash'
[6.857s] INFO:colcon.colcon_core.shell:Creating package script '/root/robot_ws/install/thymio_project/share/thymio_project/package.zsh'
[6.858s] Level 1:colcon.colcon_core.environment:create_file_with_runtime_dependencies(/root/robot_ws/install/thymio_project/share/colcon-core/packages/thymio_project)
[6.859s] DEBUG:colcon.colcon_parallel_executor.executor.parallel:closing loop
[6.860s] DEBUG:colcon.colcon_parallel_executor.executor.parallel:loop closed
[6.862s] DEBUG:colcon.colcon_parallel_executor.executor.parallel:run_until_complete finished with '0'
[6.862s] DEBUG:colcon.colcon_core.event_reactor:joining thread
[6.901s] INFO:colcon.colcon_core.plugin_system:Skipping extension 'colcon_notification.desktop_notification.notify_send': Could not find 'notify-send'
[6.902s] INFO:colcon.colcon_core.plugin_system:Skipping extension 'colcon_notification.desktop_notification.terminal_notifier': Not used on non-Darwin systems
[6.902s] INFO:colcon.colcon_core.plugin_system:Skipping extension 'colcon_notification.desktop_notification.win32': Not used on non-Windows systems
[6.902s] INFO:colcon.colcon_notification.desktop_notification:Sending desktop notification using 'notify2'
[6.903s] DEBUG:colcon.colcon_notification.desktop_notification.notify2:Failed to initialize notify2: org.freedesktop.DBus.Error.NotSupported: Unable to autolaunch a dbus-daemon without a $DISPLAY for X11
[6.904s] DEBUG:colcon.colcon_core.event_reactor:joined thread
[6.904s] INFO:colcon.colcon_core.shell:Creating prefix script '/root/robot_ws/install/local_setup.ps1'
[6.908s] INFO:colcon.colcon_core.shell:Creating prefix util module '/root/robot_ws/install/_local_setup_util_ps1.py'
[6.913s] INFO:colcon.colcon_core.shell:Creating prefix chain script '/root/robot_ws/install/setup.ps1'
[6.917s] INFO:colcon.colcon_core.shell:Creating prefix script '/root/robot_ws/install/local_setup.sh'
[6.919s] INFO:colcon.colcon_core.shell:Creating prefix util module '/root/robot_ws/install/_local_setup_util_sh.py'
[6.922s] INFO:colcon.colcon_core.shell:Creating prefix chain script '/root/robot_ws/install/setup.sh'
[6.925s] INFO:colcon.colcon_core.shell:Creating prefix script '/root/robot_ws/install/local_setup.bash'
[6.928s] INFO:colcon.colcon_core.shell:Creating prefix chain script '/root/robot_ws/install/setup.bash'
[6.932s] INFO:colcon.colcon_core.shell:Creating prefix script '/root/robot_ws/install/local_setup.zsh'
[6.935s] INFO:colcon.colcon_core.shell:Creating prefix chain script '/root/robot_ws/install/setup.zsh'
