[1.397s] Invoking command in '/home/rafael/mb_project/build/thymio_project': DEBUGINFOD_URLS=https://debuginfod.ubuntu.com PYTHONPATH=/home/rafael/mb_project/build/thymio_project/prefix_override:/usr/lib/python3/dist-packages/colcon_core/task/python/colcon_distutils_commands:/home/rafael/mb_project/install/thymio_project/lib/python3.12/site-packages:${PYTHONPATH} /usr/bin/python3 -W ignore:setup.py install is deprecated -W ignore:easy_install command is deprecated setup.py develop --editable --build-directory /home/rafael/mb_project/build/thymio_project/build --no-deps symlink_data
[1.798s] running develop
[2.031s] /usr/lib/python3/dist-packages/setuptools/command/easy_install.py:363: UserWarning: Unbuilt egg for pytest-repeat [unknown version] (/usr/lib/python3/dist-packages)
[2.031s]   self.local_index = Environment(self.shadow_path + sys.path)
[2.080s] running egg_info
[2.106s] writing thymio_project.egg-info/PKG-INFO
[2.106s] writing dependency_links to thymio_project.egg-info/dependency_links.txt
[2.106s] writing entry points to thymio_project.egg-info/entry_points.txt
[2.107s] writing requirements to thymio_project.egg-info/requires.txt
[2.107s] writing top-level names to thymio_project.egg-info/top_level.txt
[2.159s] reading manifest file 'thymio_project.egg-info/SOURCES.txt'
[2.161s] writing manifest file 'thymio_project.egg-info/SOURCES.txt'
[2.189s] running build_ext
[2.190s] Creating /home/rafael/mb_project/install/thymio_project/lib/python3.12/site-packages/thymio-project.egg-link (link to .)
[2.191s] Installing main script to /home/rafael/mb_project/install/thymio_project/lib/thymio_project
[2.191s] 
[2.192s] Installed /home/rafael/mb_project/build/thymio_project
[2.192s] running symlink_data
[2.192s] symbolically linking /home/rafael/mb_project/build/thymio_project/config/joystick.yaml -> /home/rafael/mb_project/install/thymio_project/share/thymio_project/config
[2.229s] Invoked command in '/home/rafael/mb_project/build/thymio_project' returned '0': DEBUGINFOD_URLS=https://debuginfod.ubuntu.com PYTHONPATH=/home/rafael/mb_project/build/thymio_project/prefix_override:/usr/lib/python3/dist-packages/colcon_core/task/python/colcon_distutils_commands:/home/rafael/mb_project/install/thymio_project/lib/python3.12/site-packages:${PYTHONPATH} /usr/bin/python3 -W ignore:setup.py install is deprecated -W ignore:easy_install command is deprecated setup.py develop --editable --build-directory /home/rafael/mb_project/build/thymio_project/build --no-deps symlink_data
