[0.011s] Invoking command in '/home/rafael/ldlidar_ros2_ws/build/ldlidar_stl_ros2': CMAKE_PREFIX_PATH=${CMAKE_PREFIX_PATH}:/opt/ros/jazzy DEBUGINFOD_URLS=https://debuginfod.ubuntu.com /usr/bin/cmake /home/rafael/ldlidar_ros2_ws/src/ldlidar_stl_ros2 -DAMENT_CMAKE_SYMLINK_INSTALL=1 -DCMAKE_INSTALL_PREFIX=/home/rafael/ldlidar_ros2_ws/install/ldlidar_stl_ros2
[0.075s] -- The C compiler identification is GNU 13.3.0
[0.141s] -- The CXX compiler identification is GNU 13.3.0
[0.160s] -- Detecting C compiler ABI info
[0.267s] -- Detecting C compiler ABI info - done
[0.278s] -- Check for working C compiler: /usr/bin/cc - skipped
[0.278s] -- Detecting C compile features
[0.279s] -- Detecting C compile features - done
[0.290s] -- Detecting CXX compiler ABI info
[0.413s] -- Detecting CXX compiler ABI info - done
[0.424s] -- Check for working CXX compiler: /usr/bin/c++ - skipped
[0.425s] -- Detecting CXX compile features
[0.425s] -- Detecting CXX compile features - done
[0.430s] -- Found ament_cmake: 2.5.4 (/opt/ros/jazzy/share/ament_cmake/cmake)
[0.608s] -- Found Python3: /usr/bin/python3 (found version "3.12.3") found components: Interpreter 
[0.686s] -- Override CMake install command with custom implementation using symlinks instead of copying resources
[0.749s] -- Found rclcpp: 28.1.13 (/opt/ros/jazzy/share/rclcpp/cmake)
[0.836s] -- Found rosidl_generator_c: 4.6.6 (/opt/ros/jazzy/share/rosidl_generator_c/cmake)
[0.859s] -- Found rosidl_generator_cpp: 4.6.6 (/opt/ros/jazzy/share/rosidl_generator_cpp/cmake)
[0.886s] -- Using all available rosidl_typesupport_c: rosidl_typesupport_fastrtps_c;rosidl_typesupport_introspection_c
[0.917s] -- Using all available rosidl_typesupport_cpp: rosidl_typesupport_fastrtps_cpp;rosidl_typesupport_introspection_cpp
[1.028s] -- Found rmw_implementation_cmake: 7.3.2 (/opt/ros/jazzy/share/rmw_implementation_cmake/cmake)
[1.034s] -- Found rmw_fastrtps_cpp: 8.4.3 (/opt/ros/jazzy/share/rmw_fastrtps_cpp/cmake)
[1.143s] -- Found OpenSSL: /usr/lib/x86_64-linux-gnu/libcrypto.so (found version "3.0.13")  
[1.167s] -- Found FastRTPS: /opt/ros/jazzy/include (Required is at least version "2.13") 
[1.195s] -- Using RMW implementation 'rmw_fastrtps_cpp' as default
[1.294s] -- Found sensor_msgs: 5.3.6 (/opt/ros/jazzy/share/sensor_msgs/cmake)
[1.379s] [31mCMake Error at CMakeLists.txt:24 (find_package):
[1.379s]   By not providing "Findament_lint_auto.cmake" in CMAKE_MODULE_PATH this
[1.379s]   project has asked CMake to find a package configuration file provided by
[1.379s]   "ament_lint_auto", but CMake did not find one.
[1.380s] 
[1.380s]   Could not find a package configuration file provided by "ament_lint_auto"
[1.380s]   with any of the following names:
[1.380s] 
[1.380s]     ament_lint_autoConfig.cmake
[1.380s]     ament_lint_auto-config.cmake
[1.380s] 
[1.380s]   Add the installation prefix of "ament_lint_auto" to CMAKE_PREFIX_PATH or
[1.380s]   set "ament_lint_auto_DIR" to a directory containing one of the above files.
[1.380s]   If "ament_lint_auto" provides a separate development package or SDK, be
[1.380s]   sure it has been installed.
[1.380s] 
[1.381s] [0m
[1.381s] -- Configuring incomplete, errors occurred!
[1.390s] Invoked command in '/home/rafael/ldlidar_ros2_ws/build/ldlidar_stl_ros2' returned '1': CMAKE_PREFIX_PATH=${CMAKE_PREFIX_PATH}:/opt/ros/jazzy DEBUGINFOD_URLS=https://debuginfod.ubuntu.com /usr/bin/cmake /home/rafael/ldlidar_ros2_ws/src/ldlidar_stl_ros2 -DAMENT_CMAKE_SYMLINK_INSTALL=1 -DCMAKE_INSTALL_PREFIX=/home/rafael/ldlidar_ros2_ws/install/ldlidar_stl_ros2
