[3.924s] Invoking command in '/root/robot_ws/build/thymio_project': PYTHONPATH=/root/robot_ws/build/thymio_project/prefix_override:/usr/lib/python3/dist-packages/colcon_core/task/python/colcon_distutils_commands:/root/robot_ws/install/thymio_project/lib/python3.12/site-packages:${PYTHONPATH} /usr/bin/python3 -W ignore:setup.py install is deprecated -W ignore:easy_install command is deprecated setup.py develop --editable --build-directory /root/robot_ws/build/thymio_project/build --no-deps symlink_data
[5.122s] running develop
[5.811s] running egg_info
[5.812s] creating thymio_project.egg-info
[5.871s] writing thymio_project.egg-info/PKG-INFO
[5.872s] writing dependency_links to thymio_project.egg-info/dependency_links.txt
[5.873s] writing entry points to thymio_project.egg-info/entry_points.txt
[5.874s] writing requirements to thymio_project.egg-info/requires.txt
[5.875s] writing top-level names to thymio_project.egg-info/top_level.txt
[5.875s] writing manifest file 'thymio_project.egg-info/SOURCES.txt'
[6.025s] reading manifest file 'thymio_project.egg-info/SOURCES.txt'
[6.028s] writing manifest file 'thymio_project.egg-info/SOURCES.txt'
[6.103s] running build_ext
[6.103s] Creating /root/robot_ws/install/thymio_project/lib/python3.12/site-packages/thymio-project.egg-link (link to .)
[6.106s] Installing main script to /root/robot_ws/install/thymio_project/lib/thymio_project
[6.108s] 
[6.109s] Installed /root/robot_ws/build/thymio_project
[6.109s] running symlink_data
[6.110s] creating /root/robot_ws/install/thymio_project/share/ament_index
[6.110s] creating /root/robot_ws/install/thymio_project/share/ament_index/resource_index
[6.113s] creating /root/robot_ws/install/thymio_project/share/ament_index/resource_index/packages
[6.113s] symbolically linking /root/robot_ws/build/thymio_project/resource/thymio_project -> /root/robot_ws/install/thymio_project/share/ament_index/resource_index/packages
[6.114s] symbolically linking /root/robot_ws/build/thymio_project/package.xml -> /root/robot_ws/install/thymio_project/share/thymio_project
[6.115s] creating /root/robot_ws/install/thymio_project/share/thymio_project/launch
[6.116s] symbolically linking /root/robot_ws/build/thymio_project/launch/thymio.launch.py -> /root/robot_ws/install/thymio_project/share/thymio_project/launch
[6.117s] creating /root/robot_ws/install/thymio_project/share/thymio_project/config
[6.118s] symbolically linking /root/robot_ws/build/thymio_project/config/slam_config.yaml -> /root/robot_ws/install/thymio_project/share/thymio_project/config
[6.119s] symbolically linking /root/robot_ws/build/thymio_project/config/joystick.yaml -> /root/robot_ws/install/thymio_project/share/thymio_project/config
[6.302s] Invoked command in '/root/robot_ws/build/thymio_project' returned '0': PYTHONPATH=/root/robot_ws/build/thymio_project/prefix_override:/usr/lib/python3/dist-packages/colcon_core/task/python/colcon_distutils_commands:/root/robot_ws/install/thymio_project/lib/python3.12/site-packages:${PYTHONPATH} /usr/bin/python3 -W ignore:setup.py install is deprecated -W ignore:easy_install command is deprecated setup.py develop --editable --build-directory /root/robot_ws/build/thymio_project/build --no-deps symlink_data
