[0.098s] Invoking command in '/root/robot_ws/build/ldlidar_stl_ros2': CMAKE_PREFIX_PATH=/opt/ros/jazzy /usr/bin/cmake --build /root/robot_ws/build/ldlidar_stl_ros2 -- -j4 -l4
[1.245s] [100%] Built target ldlidar_stl_ros2_node
[1.283s] Invoked command in '/root/robot_ws/build/ldlidar_stl_ros2' returned '0': CMAKE_PREFIX_PATH=/opt/ros/jazzy /usr/bin/cmake --build /root/robot_ws/build/ldlidar_stl_ros2 -- -j4 -l4
[1.329s] Invoking command in '/root/robot_ws/build/ldlidar_stl_ros2': CMAKE_PREFIX_PATH=/opt/ros/jazzy /usr/bin/cmake --install /root/robot_ws/build/ldlidar_stl_ros2
[1.355s] -- Install configuration: ""
[1.360s] -- Execute custom install script
[1.366s] -- Up-to-date symlink: /root/robot_ws/install/ldlidar_stl_ros2/lib/ldlidar_stl_ros2/ldlidar_stl_ros2_node
[1.377s] -- Up-to-date symlink: /root/robot_ws/install/ldlidar_stl_ros2/share/ldlidar_stl_ros2//launch/__pycache__/test_slam.launch.cpython-312.pyc
[1.379s] -- Up-to-date symlink: /root/robot_ws/install/ldlidar_stl_ros2/share/ldlidar_stl_ros2//launch/ld06.launch.py
[1.380s] -- Up-to-date symlink: /root/robot_ws/install/ldlidar_stl_ros2/share/ldlidar_stl_ros2//launch/ld19.launch.py
[1.381s] -- Up-to-date symlink: /root/robot_ws/install/ldlidar_stl_ros2/share/ldlidar_stl_ros2//launch/stl27l.launch.py
[1.382s] -- Up-to-date symlink: /root/robot_ws/install/ldlidar_stl_ros2/share/ldlidar_stl_ros2//launch/test_slam.launch.py
[1.384s] -- Up-to-date symlink: /root/robot_ws/install/ldlidar_stl_ros2/share/ldlidar_stl_ros2//launch/viewer_ld06.launch.py
[1.385s] -- Up-to-date symlink: /root/robot_ws/install/ldlidar_stl_ros2/share/ldlidar_stl_ros2//launch/viewer_ld19.launch.py
[1.386s] -- Up-to-date symlink: /root/robot_ws/install/ldlidar_stl_ros2/share/ldlidar_stl_ros2//launch/viewer_stl27l.launch.py
[1.391s] -- Up-to-date symlink: /root/robot_ws/install/ldlidar_stl_ros2/share/ldlidar_stl_ros2//rviz2/ldlidar.rviz
[1.395s] -- Up-to-date symlink: /root/robot_ws/install/ldlidar_stl_ros2/share/ament_index/resource_index/package_run_dependencies/ldlidar_stl_ros2
[1.397s] -- Up-to-date symlink: /root/robot_ws/install/ldlidar_stl_ros2/share/ament_index/resource_index/parent_prefix_path/ldlidar_stl_ros2
[1.399s] -- Up-to-date symlink: /root/robot_ws/install/ldlidar_stl_ros2/share/ldlidar_stl_ros2/environment/ament_prefix_path.sh
[1.401s] -- Up-to-date symlink: /root/robot_ws/install/ldlidar_stl_ros2/share/ldlidar_stl_ros2/environment/ament_prefix_path.dsv
[1.402s] -- Up-to-date symlink: /root/robot_ws/install/ldlidar_stl_ros2/share/ldlidar_stl_ros2/environment/path.sh
[1.403s] -- Up-to-date symlink: /root/robot_ws/install/ldlidar_stl_ros2/share/ldlidar_stl_ros2/environment/path.dsv
[1.405s] -- Up-to-date symlink: /root/robot_ws/install/ldlidar_stl_ros2/share/ldlidar_stl_ros2/local_setup.bash
[1.406s] -- Up-to-date symlink: /root/robot_ws/install/ldlidar_stl_ros2/share/ldlidar_stl_ros2/local_setup.sh
[1.409s] -- Up-to-date symlink: /root/robot_ws/install/ldlidar_stl_ros2/share/ldlidar_stl_ros2/local_setup.zsh
[1.410s] -- Up-to-date symlink: /root/robot_ws/install/ldlidar_stl_ros2/share/ldlidar_stl_ros2/local_setup.dsv
[1.410s] -- Symlinking: /root/robot_ws/install/ldlidar_stl_ros2/share/ldlidar_stl_ros2/package.dsv
[1.443s] -- Up-to-date symlink: /root/robot_ws/install/ldlidar_stl_ros2/share/ament_index/resource_index/packages/ldlidar_stl_ros2
[1.446s] -- Up-to-date symlink: /root/robot_ws/install/ldlidar_stl_ros2/share/ldlidar_stl_ros2/cmake/ldlidar_stl_ros2Config.cmake
[1.448s] -- Up-to-date symlink: /root/robot_ws/install/ldlidar_stl_ros2/share/ldlidar_stl_ros2/cmake/ldlidar_stl_ros2Config-version.cmake
[1.450s] -- Up-to-date symlink: /root/robot_ws/install/ldlidar_stl_ros2/share/ldlidar_stl_ros2/package.xml
[1.457s] Invoked command in '/root/robot_ws/build/ldlidar_stl_ros2' returned '0': CMAKE_PREFIX_PATH=/opt/ros/jazzy /usr/bin/cmake --install /root/robot_ws/build/ldlidar_stl_ros2
