[0.053s] Invoking command in '/root/robot_ws/build/ldlidar_stl_ros2': CMAKE_PREFIX_PATH=${CMAKE_PREFIX_PATH}:/root/robot_ws/install/thymio_project:/opt/ros/jazzy /usr/bin/cmake --build /root/robot_ws/build/ldlidar_stl_ros2 -- -j4 -l4
[0.250s] [100%] Built target ldlidar_stl_ros2_node
[0.889s] Invoked command in '/root/robot_ws/build/ldlidar_stl_ros2' returned '0': CMAKE_PREFIX_PATH=${CMAKE_PREFIX_PATH}:/root/robot_ws/install/thymio_project:/opt/ros/jazzy /usr/bin/cmake --build /root/robot_ws/build/ldlidar_stl_ros2 -- -j4 -l4
[0.918s] Invoking command in '/root/robot_ws/build/ldlidar_stl_ros2': CMAKE_PREFIX_PATH=${CMAKE_PREFIX_PATH}:/root/robot_ws/install/thymio_project:/opt/ros/jazzy /usr/bin/cmake --install /root/robot_ws/build/ldlidar_stl_ros2
[0.943s] -- Install configuration: ""
[0.945s] -- Execute custom install script
[0.946s] -- Up-to-date symlink: /root/robot_ws/install/ldlidar_stl_ros2/lib/ldlidar_stl_ros2/ldlidar_stl_ros2_node
[0.948s] -- Up-to-date symlink: /root/robot_ws/install/ldlidar_stl_ros2/share/ldlidar_stl_ros2//launch/__pycache__/test_slam.launch.cpython-312.pyc
[0.949s] -- Up-to-date symlink: /root/robot_ws/install/ldlidar_stl_ros2/share/ldlidar_stl_ros2//launch/ld06.launch.py
[0.950s] -- Up-to-date symlink: /root/robot_ws/install/ldlidar_stl_ros2/share/ldlidar_stl_ros2//launch/ld19.launch.py
[0.950s] -- Up-to-date symlink: /root/robot_ws/install/ldlidar_stl_ros2/share/ldlidar_stl_ros2//launch/stl27l.launch.py
[0.951s] -- Up-to-date symlink: /root/robot_ws/install/ldlidar_stl_ros2/share/ldlidar_stl_ros2//launch/test_slam.launch.py
[0.952s] -- Up-to-date symlink: /root/robot_ws/install/ldlidar_stl_ros2/share/ldlidar_stl_ros2//launch/viewer_ld06.launch.py
[0.952s] -- Up-to-date symlink: /root/robot_ws/install/ldlidar_stl_ros2/share/ldlidar_stl_ros2//launch/viewer_ld19.launch.py
[0.953s] -- Up-to-date symlink: /root/robot_ws/install/ldlidar_stl_ros2/share/ldlidar_stl_ros2//launch/viewer_stl27l.launch.py
[0.953s] -- Up-to-date symlink: /root/robot_ws/install/ldlidar_stl_ros2/share/ldlidar_stl_ros2//rviz2/ldlidar.rviz
[0.954s] -- Up-to-date symlink: /root/robot_ws/install/ldlidar_stl_ros2/share/ament_index/resource_index/package_run_dependencies/ldlidar_stl_ros2
[0.955s] -- Up-to-date symlink: /root/robot_ws/install/ldlidar_stl_ros2/share/ament_index/resource_index/parent_prefix_path/ldlidar_stl_ros2
[0.956s] -- Up-to-date symlink: /root/robot_ws/install/ldlidar_stl_ros2/share/ldlidar_stl_ros2/environment/ament_prefix_path.sh
[0.957s] -- Up-to-date symlink: /root/robot_ws/install/ldlidar_stl_ros2/share/ldlidar_stl_ros2/environment/ament_prefix_path.dsv
[0.957s] -- Up-to-date symlink: /root/robot_ws/install/ldlidar_stl_ros2/share/ldlidar_stl_ros2/environment/path.sh
[0.958s] -- Up-to-date symlink: /root/robot_ws/install/ldlidar_stl_ros2/share/ldlidar_stl_ros2/environment/path.dsv
[0.959s] -- Up-to-date symlink: /root/robot_ws/install/ldlidar_stl_ros2/share/ldlidar_stl_ros2/local_setup.bash
[0.960s] -- Up-to-date symlink: /root/robot_ws/install/ldlidar_stl_ros2/share/ldlidar_stl_ros2/local_setup.sh
[0.961s] -- Up-to-date symlink: /root/robot_ws/install/ldlidar_stl_ros2/share/ldlidar_stl_ros2/local_setup.zsh
[0.961s] -- Up-to-date symlink: /root/robot_ws/install/ldlidar_stl_ros2/share/ldlidar_stl_ros2/local_setup.dsv
[0.962s] -- Symlinking: /root/robot_ws/install/ldlidar_stl_ros2/share/ldlidar_stl_ros2/package.dsv
[0.990s] -- Up-to-date symlink: /root/robot_ws/install/ldlidar_stl_ros2/share/ament_index/resource_index/packages/ldlidar_stl_ros2
[0.991s] -- Up-to-date symlink: /root/robot_ws/install/ldlidar_stl_ros2/share/ldlidar_stl_ros2/cmake/ldlidar_stl_ros2Config.cmake
[0.992s] -- Up-to-date symlink: /root/robot_ws/install/ldlidar_stl_ros2/share/ldlidar_stl_ros2/cmake/ldlidar_stl_ros2Config-version.cmake
[0.992s] -- Up-to-date symlink: /root/robot_ws/install/ldlidar_stl_ros2/share/ldlidar_stl_ros2/package.xml
[0.998s] Invoked command in '/root/robot_ws/build/ldlidar_stl_ros2' returned '0': CMAKE_PREFIX_PATH=${CMAKE_PREFIX_PATH}:/root/robot_ws/install/thymio_project:/opt/ros/jazzy /usr/bin/cmake --install /root/robot_ws/build/ldlidar_stl_ros2
