[1.013s] DEBUG:colcon:Command line arguments: ['/usr/bin/colcon', 'build', '--symlink-install']
[1.013s] DEBUG:colcon:Parsed command line arguments: Namespace(log_base=None, log_level=None, verb_name='build', build_base='build', install_base='install', merge_install=False, symlink_install=True, test_result_base=None, continue_on_error=False, executor='parallel', parallel_workers=4, event_handlers=None, ignore_user_meta=False, metas=['./colcon.meta'], base_paths=['.'], packages_ignore=None, packages_ignore_regex=None, paths=None, packages_up_to=None, packages_up_to_regex=None, packages_above=None, packages_above_and_dependencies=None, packages_above_depth=None, packages_select_by_dep=None, packages_skip_by_dep=None, packages_skip_up_to=None, packages_select_build_failed=False, packages_skip_build_finished=False, packages_select_test_failures=False, packages_skip_test_passed=False, packages_select=None, packages_skip=None, packages_select_regex=None, packages_skip_regex=None, packages_start=None, packages_end=None, cmake_args=None, cmake_target=None, cmake_target_skip_unavailable=False, cmake_clean_cache=False, cmake_clean_first=False, cmake_force_configure=False, ament_cmake_args=None, catkin_cmake_args=None, catkin_skip_building_tests=False, mixin_files=None, mixin=None, verb_parser=<colcon_mixin.mixin.mixin_argument.MixinArgumentDecorator object at 0x7f85485be0>, verb_extension=<colcon_core.verb.build.BuildVerb object at 0x7f85669970>, main=<bound method BuildVerb.main of <colcon_core.verb.build.BuildVerb object at 0x7f85669970>>, mixin_verb=('build',))
[1.270s] Level 1:colcon.colcon_core.package_discovery:discover_packages(colcon_meta) check parameters
[1.275s] INFO:colcon.colcon_metadata.package_discovery.colcon_meta:Using configuration from '/root/.colcon/metadata/default/Gazebo.meta'
[1.277s] INFO:colcon.colcon_metadata.package_discovery.colcon_meta:Using configuration from '/root/.colcon/metadata/default/fastdds.meta'
[1.279s] INFO:colcon.colcon_metadata.package_discovery.colcon_meta:Using configuration from '/root/.colcon/metadata/default/fastrtps.meta'
[1.280s] Level 1:colcon.colcon_core.package_discovery:discover_packages(recursive) check parameters
[1.280s] Level 1:colcon.colcon_core.package_discovery:discover_packages(ignore) check parameters
[1.280s] Level 1:colcon.colcon_core.package_discovery:discover_packages(path) check parameters
[1.280s] Level 1:colcon.colcon_core.package_discovery:discover_packages(colcon_meta) discover
[1.280s] Level 1:colcon.colcon_core.package_discovery:discover_packages(recursive) discover
[1.280s] INFO:colcon.colcon_core.package_discovery:Crawling recursively for packages in '/root/robot_ws'
[1.281s] Level 1:colcon.colcon_core.package_identification:_identify(.) by extensions ['ignore', 'ignore_ament_install']
[1.281s] Level 1:colcon.colcon_core.package_identification:_identify(.) by extension 'ignore'
[1.281s] Level 1:colcon.colcon_core.package_identification:_identify(.) by extension 'ignore_ament_install'
[1.282s] Level 1:colcon.colcon_core.package_identification:_identify(.) by extensions ['colcon_pkg']
[1.282s] Level 1:colcon.colcon_core.package_identification:_identify(.) by extension 'colcon_pkg'
[1.282s] Level 1:colcon.colcon_core.package_identification:_identify(.) by extensions ['colcon_meta']
[1.282s] Level 1:colcon.colcon_core.package_identification:_identify(.) by extension 'colcon_meta'
[1.282s] Level 1:colcon.colcon_core.package_identification:_identify(.) by extensions ['ros']
[1.282s] Level 1:colcon.colcon_core.package_identification:_identify(.) by extension 'ros'
[1.431s] Level 1:colcon.colcon_core.package_identification:_identify(.) by extensions ['cmake', 'python']
[1.431s] Level 1:colcon.colcon_core.package_identification:_identify(.) by extension 'cmake'
[1.431s] Level 1:colcon.colcon_core.package_identification:_identify(.) by extension 'python'
[1.431s] Level 1:colcon.colcon_core.package_identification:_identify(.) by extensions ['python_setup_py']
[1.431s] Level 1:colcon.colcon_core.package_identification:_identify(.) by extension 'python_setup_py'
[1.432s] Level 1:colcon.colcon_core.package_identification:_identify(build) by extensions ['ignore', 'ignore_ament_install']
[1.432s] Level 1:colcon.colcon_core.package_identification:_identify(build) by extension 'ignore'
[1.432s] Level 1:colcon.colcon_core.package_identification:_identify(build) ignored
[1.433s] Level 1:colcon.colcon_core.package_identification:_identify(install) by extensions ['ignore', 'ignore_ament_install']
[1.433s] Level 1:colcon.colcon_core.package_identification:_identify(install) by extension 'ignore'
[1.433s] Level 1:colcon.colcon_core.package_identification:_identify(install) ignored
[1.434s] Level 1:colcon.colcon_core.package_identification:_identify(log) by extensions ['ignore', 'ignore_ament_install']
[1.434s] Level 1:colcon.colcon_core.package_identification:_identify(log) by extension 'ignore'
[1.434s] Level 1:colcon.colcon_core.package_identification:_identify(log) ignored
[1.435s] Level 1:colcon.colcon_core.package_identification:_identify(src) by extensions ['ignore', 'ignore_ament_install']
[1.436s] Level 1:colcon.colcon_core.package_identification:_identify(src) by extension 'ignore'
[1.436s] Level 1:colcon.colcon_core.package_identification:_identify(src) by extension 'ignore_ament_install'
[1.436s] Level 1:colcon.colcon_core.package_identification:_identify(src) by extensions ['colcon_pkg']
[1.436s] Level 1:colcon.colcon_core.package_identification:_identify(src) by extension 'colcon_pkg'
[1.436s] Level 1:colcon.colcon_core.package_identification:_identify(src) by extensions ['colcon_meta']
[1.436s] Level 1:colcon.colcon_core.package_identification:_identify(src) by extension 'colcon_meta'
[1.437s] Level 1:colcon.colcon_core.package_identification:_identify(src) by extensions ['ros']
[1.437s] Level 1:colcon.colcon_core.package_identification:_identify(src) by extension 'ros'
[1.437s] Level 1:colcon.colcon_core.package_identification:_identify(src) by extensions ['cmake', 'python']
[1.437s] Level 1:colcon.colcon_core.package_identification:_identify(src) by extension 'cmake'
[1.437s] Level 1:colcon.colcon_core.package_identification:_identify(src) by extension 'python'
[1.437s] Level 1:colcon.colcon_core.package_identification:_identify(src) by extensions ['python_setup_py']
[1.438s] Level 1:colcon.colcon_core.package_identification:_identify(src) by extension 'python_setup_py'
[1.439s] Level 1:colcon.colcon_core.package_identification:_identify(src/ldlidar_ros2_ws) by extensions ['ignore', 'ignore_ament_install']
[1.440s] Level 1:colcon.colcon_core.package_identification:_identify(src/ldlidar_ros2_ws) by extension 'ignore'
[1.440s] Level 1:colcon.colcon_core.package_identification:_identify(src/ldlidar_ros2_ws) by extension 'ignore_ament_install'
[1.441s] Level 1:colcon.colcon_core.package_identification:_identify(src/ldlidar_ros2_ws) by extensions ['colcon_pkg']
[1.441s] Level 1:colcon.colcon_core.package_identification:_identify(src/ldlidar_ros2_ws) by extension 'colcon_pkg'
[1.441s] Level 1:colcon.colcon_core.package_identification:_identify(src/ldlidar_ros2_ws) by extensions ['colcon_meta']
[1.441s] Level 1:colcon.colcon_core.package_identification:_identify(src/ldlidar_ros2_ws) by extension 'colcon_meta'
[1.441s] Level 1:colcon.colcon_core.package_identification:_identify(src/ldlidar_ros2_ws) by extensions ['ros']
[1.441s] Level 1:colcon.colcon_core.package_identification:_identify(src/ldlidar_ros2_ws) by extension 'ros'
[1.442s] Level 1:colcon.colcon_core.package_identification:_identify(src/ldlidar_ros2_ws) by extensions ['cmake', 'python']
[1.442s] Level 1:colcon.colcon_core.package_identification:_identify(src/ldlidar_ros2_ws) by extension 'cmake'
[1.442s] Level 1:colcon.colcon_core.package_identification:_identify(src/ldlidar_ros2_ws) by extension 'python'
[1.442s] Level 1:colcon.colcon_core.package_identification:_identify(src/ldlidar_ros2_ws) by extensions ['python_setup_py']
[1.442s] Level 1:colcon.colcon_core.package_identification:_identify(src/ldlidar_ros2_ws) by extension 'python_setup_py'
[1.443s] Level 1:colcon.colcon_core.package_identification:_identify(src/ldlidar_ros2_ws/build) by extensions ['ignore', 'ignore_ament_install']
[1.444s] Level 1:colcon.colcon_core.package_identification:_identify(src/ldlidar_ros2_ws/build) by extension 'ignore'
[1.444s] Level 1:colcon.colcon_core.package_identification:_identify(src/ldlidar_ros2_ws/build) ignored
[1.445s] Level 1:colcon.colcon_core.package_identification:_identify(src/ldlidar_ros2_ws/install) by extensions ['ignore', 'ignore_ament_install']
[1.445s] Level 1:colcon.colcon_core.package_identification:_identify(src/ldlidar_ros2_ws/install) by extension 'ignore'
[1.445s] Level 1:colcon.colcon_core.package_identification:_identify(src/ldlidar_ros2_ws/install) ignored
[1.446s] Level 1:colcon.colcon_core.package_identification:_identify(src/ldlidar_ros2_ws/log) by extensions ['ignore', 'ignore_ament_install']
[1.446s] Level 1:colcon.colcon_core.package_identification:_identify(src/ldlidar_ros2_ws/log) by extension 'ignore'
[1.447s] Level 1:colcon.colcon_core.package_identification:_identify(src/ldlidar_ros2_ws/log) ignored
[1.448s] Level 1:colcon.colcon_core.package_identification:_identify(src/ldlidar_ros2_ws/src) by extensions ['ignore', 'ignore_ament_install']
[1.448s] Level 1:colcon.colcon_core.package_identification:_identify(src/ldlidar_ros2_ws/src) by extension 'ignore'
[1.448s] Level 1:colcon.colcon_core.package_identification:_identify(src/ldlidar_ros2_ws/src) by extension 'ignore_ament_install'
[1.448s] Level 1:colcon.colcon_core.package_identification:_identify(src/ldlidar_ros2_ws/src) by extensions ['colcon_pkg']
[1.448s] Level 1:colcon.colcon_core.package_identification:_identify(src/ldlidar_ros2_ws/src) by extension 'colcon_pkg'
[1.449s] Level 1:colcon.colcon_core.package_identification:_identify(src/ldlidar_ros2_ws/src) by extensions ['colcon_meta']
[1.449s] Level 1:colcon.colcon_core.package_identification:_identify(src/ldlidar_ros2_ws/src) by extension 'colcon_meta'
[1.449s] Level 1:colcon.colcon_core.package_identification:_identify(src/ldlidar_ros2_ws/src) by extensions ['ros']
[1.449s] Level 1:colcon.colcon_core.package_identification:_identify(src/ldlidar_ros2_ws/src) by extension 'ros'
[1.449s] Level 1:colcon.colcon_core.package_identification:_identify(src/ldlidar_ros2_ws/src) by extensions ['cmake', 'python']
[1.450s] Level 1:colcon.colcon_core.package_identification:_identify(src/ldlidar_ros2_ws/src) by extension 'cmake'
[1.450s] Level 1:colcon.colcon_core.package_identification:_identify(src/ldlidar_ros2_ws/src) by extension 'python'
[1.450s] Level 1:colcon.colcon_core.package_identification:_identify(src/ldlidar_ros2_ws/src) by extensions ['python_setup_py']
[1.450s] Level 1:colcon.colcon_core.package_identification:_identify(src/ldlidar_ros2_ws/src) by extension 'python_setup_py'
[1.451s] Level 1:colcon.colcon_core.package_identification:_identify(src/ldlidar_ros2_ws/src/ldlidar_stl_ros2) by extensions ['ignore', 'ignore_ament_install']
[1.451s] Level 1:colcon.colcon_core.package_identification:_identify(src/ldlidar_ros2_ws/src/ldlidar_stl_ros2) by extension 'ignore'
[1.451s] Level 1:colcon.colcon_core.package_identification:_identify(src/ldlidar_ros2_ws/src/ldlidar_stl_ros2) by extension 'ignore_ament_install'
[1.452s] Level 1:colcon.colcon_core.package_identification:_identify(src/ldlidar_ros2_ws/src/ldlidar_stl_ros2) by extensions ['colcon_pkg']
[1.452s] Level 1:colcon.colcon_core.package_identification:_identify(src/ldlidar_ros2_ws/src/ldlidar_stl_ros2) by extension 'colcon_pkg'
[1.452s] Level 1:colcon.colcon_core.package_identification:_identify(src/ldlidar_ros2_ws/src/ldlidar_stl_ros2) by extensions ['colcon_meta']
[1.452s] Level 1:colcon.colcon_core.package_identification:_identify(src/ldlidar_ros2_ws/src/ldlidar_stl_ros2) by extension 'colcon_meta'
[1.452s] Level 1:colcon.colcon_core.package_identification:_identify(src/ldlidar_ros2_ws/src/ldlidar_stl_ros2) by extensions ['ros']
[1.452s] Level 1:colcon.colcon_core.package_identification:_identify(src/ldlidar_ros2_ws/src/ldlidar_stl_ros2) by extension 'ros'
[1.465s] DEBUG:colcon.colcon_core.package_identification:Package 'src/ldlidar_ros2_ws/src/ldlidar_stl_ros2' with type 'ros.ament_cmake' and name 'ldlidar_stl_ros2'
[1.466s] Level 1:colcon.colcon_core.package_identification:_identify(src/thymio_project) by extensions ['ignore', 'ignore_ament_install']
[1.466s] Level 1:colcon.colcon_core.package_identification:_identify(src/thymio_project) by extension 'ignore'
[1.467s] Level 1:colcon.colcon_core.package_identification:_identify(src/thymio_project) by extension 'ignore_ament_install'
[1.467s] Level 1:colcon.colcon_core.package_identification:_identify(src/thymio_project) by extensions ['colcon_pkg']
[1.467s] Level 1:colcon.colcon_core.package_identification:_identify(src/thymio_project) by extension 'colcon_pkg'
[1.467s] Level 1:colcon.colcon_core.package_identification:_identify(src/thymio_project) by extensions ['colcon_meta']
[1.467s] Level 1:colcon.colcon_core.package_identification:_identify(src/thymio_project) by extension 'colcon_meta'
[1.467s] Level 1:colcon.colcon_core.package_identification:_identify(src/thymio_project) by extensions ['ros']
[1.468s] Level 1:colcon.colcon_core.package_identification:_identify(src/thymio_project) by extension 'ros'
[1.471s] DEBUG:colcon.colcon_core.package_identification:Package 'src/thymio_project' with type 'ros.ament_python' and name 'thymio_project'
[1.471s] Level 1:colcon.colcon_core.package_discovery:discover_packages(recursive) using defaults
[1.471s] Level 1:colcon.colcon_core.package_discovery:discover_packages(ignore) discover
[1.471s] Level 1:colcon.colcon_core.package_discovery:discover_packages(ignore) using defaults
[1.472s] Level 1:colcon.colcon_core.package_discovery:discover_packages(path) discover
[1.472s] Level 1:colcon.colcon_core.package_discovery:discover_packages(path) using defaults
[1.581s] Level 5:colcon.colcon_core.verb:set package 'ldlidar_stl_ros2' build argument 'cmake_args' from command line to 'None'
[1.581s] Level 5:colcon.colcon_core.verb:set package 'ldlidar_stl_ros2' build argument 'cmake_target' from command line to 'None'
[1.581s] Level 5:colcon.colcon_core.verb:set package 'ldlidar_stl_ros2' build argument 'cmake_target_skip_unavailable' from command line to 'False'
[1.581s] Level 5:colcon.colcon_core.verb:set package 'ldlidar_stl_ros2' build argument 'cmake_clean_cache' from command line to 'False'
[1.581s] Level 5:colcon.colcon_core.verb:set package 'ldlidar_stl_ros2' build argument 'cmake_clean_first' from command line to 'False'
[1.581s] Level 5:colcon.colcon_core.verb:set package 'ldlidar_stl_ros2' build argument 'cmake_force_configure' from command line to 'False'
[1.581s] Level 5:colcon.colcon_core.verb:set package 'ldlidar_stl_ros2' build argument 'ament_cmake_args' from command line to 'None'
[1.581s] Level 5:colcon.colcon_core.verb:set package 'ldlidar_stl_ros2' build argument 'catkin_cmake_args' from command line to 'None'
[1.581s] Level 5:colcon.colcon_core.verb:set package 'ldlidar_stl_ros2' build argument 'catkin_skip_building_tests' from command line to 'False'
[1.582s] DEBUG:colcon.colcon_core.verb:Building package 'ldlidar_stl_ros2' with the following arguments: {'ament_cmake_args': None, 'build_base': '/root/robot_ws/build/ldlidar_stl_ros2', 'catkin_cmake_args': None, 'catkin_skip_building_tests': False, 'cmake_args': None, 'cmake_clean_cache': False, 'cmake_clean_first': False, 'cmake_force_configure': False, 'cmake_target': None, 'cmake_target_skip_unavailable': False, 'install_base': '/root/robot_ws/install/ldlidar_stl_ros2', 'merge_install': False, 'path': '/root/robot_ws/src/ldlidar_ros2_ws/src/ldlidar_stl_ros2', 'symlink_install': True, 'test_result_base': None}
[1.583s] Level 5:colcon.colcon_core.verb:set package 'thymio_project' build argument 'cmake_args' from command line to 'None'
[1.583s] Level 5:colcon.colcon_core.verb:set package 'thymio_project' build argument 'cmake_target' from command line to 'None'
[1.583s] Level 5:colcon.colcon_core.verb:set package 'thymio_project' build argument 'cmake_target_skip_unavailable' from command line to 'False'
[1.583s] Level 5:colcon.colcon_core.verb:set package 'thymio_project' build argument 'cmake_clean_cache' from command line to 'False'
[1.583s] Level 5:colcon.colcon_core.verb:set package 'thymio_project' build argument 'cmake_clean_first' from command line to 'False'
[1.583s] Level 5:colcon.colcon_core.verb:set package 'thymio_project' build argument 'cmake_force_configure' from command line to 'False'
[1.584s] Level 5:colcon.colcon_core.verb:set package 'thymio_project' build argument 'ament_cmake_args' from command line to 'None'
[1.584s] Level 5:colcon.colcon_core.verb:set package 'thymio_project' build argument 'catkin_cmake_args' from command line to 'None'
[1.584s] Level 5:colcon.colcon_core.verb:set package 'thymio_project' build argument 'catkin_skip_building_tests' from command line to 'False'
[1.584s] DEBUG:colcon.colcon_core.verb:Building package 'thymio_project' with the following arguments: {'ament_cmake_args': None, 'build_base': '/root/robot_ws/build/thymio_project', 'catkin_cmake_args': None, 'catkin_skip_building_tests': False, 'cmake_args': None, 'cmake_clean_cache': False, 'cmake_clean_first': False, 'cmake_force_configure': False, 'cmake_target': None, 'cmake_target_skip_unavailable': False, 'install_base': '/root/robot_ws/install/thymio_project', 'merge_install': False, 'path': '/root/robot_ws/src/thymio_project', 'symlink_install': True, 'test_result_base': None}
[1.584s] INFO:colcon.colcon_core.executor:Executing jobs using 'parallel' executor
[1.587s] DEBUG:colcon.colcon_parallel_executor.executor.parallel:run_until_complete
[1.588s] INFO:colcon.colcon_ros.task.ament_cmake.build:Building ROS package in '/root/robot_ws/src/ldlidar_ros2_ws/src/ldlidar_stl_ros2' with build type 'ament_cmake'
[1.589s] INFO:colcon.colcon_cmake.task.cmake.build:Building CMake package in '/root/robot_ws/src/ldlidar_ros2_ws/src/ldlidar_stl_ros2'
[1.607s] INFO:colcon.colcon_core.plugin_system:Skipping extension 'colcon_core.shell.bat': Not used on non-Windows systems
[1.608s] INFO:colcon.colcon_core.shell:Skip shell extension 'powershell' for command environment: Not usable outside of PowerShell
[1.608s] DEBUG:colcon.colcon_core.shell:Skip shell extension 'dsv' for command environment
[1.629s] INFO:colcon.colcon_ros.task.ament_python.build:Building ROS package in '/root/robot_ws/src/thymio_project' with build type 'ament_python'
[1.629s] Level 1:colcon.colcon_core.shell:create_environment_hook('thymio_project', 'ament_prefix_path')
[1.630s] INFO:colcon.colcon_core.shell:Creating environment hook '/root/robot_ws/install/thymio_project/share/thymio_project/hook/ament_prefix_path.ps1'
[1.637s] INFO:colcon.colcon_core.shell:Creating environment descriptor '/root/robot_ws/install/thymio_project/share/thymio_project/hook/ament_prefix_path.dsv'
[1.640s] INFO:colcon.colcon_core.shell:Creating environment hook '/root/robot_ws/install/thymio_project/share/thymio_project/hook/ament_prefix_path.sh'
[1.643s] INFO:colcon.colcon_core.shell:Skip shell extension 'powershell' for command environment: Not usable outside of PowerShell
[1.643s] DEBUG:colcon.colcon_core.shell:Skip shell extension 'dsv' for command environment
[1.664s] DEBUG:colcon.colcon_core.event_handler.log_command:Invoking command in '/root/robot_ws/build/ldlidar_stl_ros2': CMAKE_PREFIX_PATH=/opt/ros/jazzy /usr/bin/cmake --build /root/robot_ws/build/ldlidar_stl_ros2 -- -j4 -l4
[2.539s] INFO:colcon.colcon_core.task.python.build:Building Python package in '/root/robot_ws/src/thymio_project'
[2.540s] INFO:colcon.colcon_core.shell:Skip shell extension 'powershell' for command environment: Not usable outside of PowerShell
[2.540s] DEBUG:colcon.colcon_core.shell:Skip shell extension 'dsv' for command environment
[2.552s] DEBUG:colcon.colcon_core.event_handler.log_command:Invoked command in '/root/robot_ws/build/ldlidar_stl_ros2' returned '0': CMAKE_PREFIX_PATH=/opt/ros/jazzy /usr/bin/cmake --build /root/robot_ws/build/ldlidar_stl_ros2 -- -j4 -l4
[2.587s] DEBUG:colcon.colcon_core.event_handler.log_command:Invoking command in '/root/robot_ws/build/ldlidar_stl_ros2': CMAKE_PREFIX_PATH=/opt/ros/jazzy /usr/bin/cmake --install /root/robot_ws/build/ldlidar_stl_ros2
[2.696s] Level 1:colcon.colcon_core.environment:create_environment_scripts_only(ldlidar_stl_ros2)
[2.698s] DEBUG:colcon.colcon_core.event_handler.log_command:Invoked command in '/root/robot_ws/build/ldlidar_stl_ros2' returned '0': CMAKE_PREFIX_PATH=/opt/ros/jazzy /usr/bin/cmake --install /root/robot_ws/build/ldlidar_stl_ros2
[2.725s] Level 1:colcon.colcon_core.environment:checking '/root/robot_ws/install/ldlidar_stl_ros2' for CMake module files
[2.728s] Level 1:colcon.colcon_core.environment:checking '/root/robot_ws/install/ldlidar_stl_ros2' for CMake config files
[2.735s] Level 1:colcon.colcon_core.shell:create_environment_hook('ldlidar_stl_ros2', 'cmake_prefix_path')
[2.735s] INFO:colcon.colcon_core.shell:Creating environment hook '/root/robot_ws/install/ldlidar_stl_ros2/share/ldlidar_stl_ros2/hook/cmake_prefix_path.ps1'
[2.737s] INFO:colcon.colcon_core.shell:Creating environment descriptor '/root/robot_ws/install/ldlidar_stl_ros2/share/ldlidar_stl_ros2/hook/cmake_prefix_path.dsv'
[2.739s] INFO:colcon.colcon_core.shell:Creating environment hook '/root/robot_ws/install/ldlidar_stl_ros2/share/ldlidar_stl_ros2/hook/cmake_prefix_path.sh'
[2.743s] Level 1:colcon.colcon_core.environment:checking '/root/robot_ws/install/ldlidar_stl_ros2/lib'
[2.744s] Level 1:colcon.colcon_core.environment:checking '/root/robot_ws/install/ldlidar_stl_ros2/bin'
[2.744s] Level 1:colcon.colcon_core.environment:checking '/root/robot_ws/install/ldlidar_stl_ros2/lib/pkgconfig/ldlidar_stl_ros2.pc'
[2.745s] Level 1:colcon.colcon_core.environment:checking '/root/robot_ws/install/ldlidar_stl_ros2/lib/python3.12/site-packages'
[2.747s] Level 1:colcon.colcon_core.environment:checking '/root/robot_ws/install/ldlidar_stl_ros2/bin'
[2.748s] INFO:colcon.colcon_core.shell:Creating package script '/root/robot_ws/install/ldlidar_stl_ros2/share/ldlidar_stl_ros2/package.ps1'
[2.754s] INFO:colcon.colcon_core.shell:Creating package descriptor '/root/robot_ws/install/ldlidar_stl_ros2/share/ldlidar_stl_ros2/package.dsv'
[2.757s] INFO:colcon.colcon_core.shell:Creating package script '/root/robot_ws/install/ldlidar_stl_ros2/share/ldlidar_stl_ros2/package.sh'
[2.761s] INFO:colcon.colcon_core.shell:Creating package script '/root/robot_ws/install/ldlidar_stl_ros2/share/ldlidar_stl_ros2/package.bash'
[2.765s] INFO:colcon.colcon_core.shell:Creating package script '/root/robot_ws/install/ldlidar_stl_ros2/share/ldlidar_stl_ros2/package.zsh'
[2.770s] Level 1:colcon.colcon_core.environment:create_file_with_runtime_dependencies(/root/robot_ws/install/ldlidar_stl_ros2/share/colcon-core/packages/ldlidar_stl_ros2)
[2.774s] Level 1:colcon.colcon_core.environment:create_environment_scripts_only(ldlidar_stl_ros2)
[2.775s] Level 1:colcon.colcon_core.environment:checking '/root/robot_ws/install/ldlidar_stl_ros2' for CMake module files
[2.777s] Level 1:colcon.colcon_core.environment:checking '/root/robot_ws/install/ldlidar_stl_ros2' for CMake config files
[2.778s] Level 1:colcon.colcon_core.shell:create_environment_hook('ldlidar_stl_ros2', 'cmake_prefix_path')
[2.779s] INFO:colcon.colcon_core.shell:Creating environment hook '/root/robot_ws/install/ldlidar_stl_ros2/share/ldlidar_stl_ros2/hook/cmake_prefix_path.ps1'
[2.781s] INFO:colcon.colcon_core.shell:Creating environment descriptor '/root/robot_ws/install/ldlidar_stl_ros2/share/ldlidar_stl_ros2/hook/cmake_prefix_path.dsv'
[2.783s] INFO:colcon.colcon_core.shell:Creating environment hook '/root/robot_ws/install/ldlidar_stl_ros2/share/ldlidar_stl_ros2/hook/cmake_prefix_path.sh'
[2.785s] Level 1:colcon.colcon_core.environment:checking '/root/robot_ws/install/ldlidar_stl_ros2/lib'
[2.786s] Level 1:colcon.colcon_core.environment:checking '/root/robot_ws/install/ldlidar_stl_ros2/bin'
[2.786s] Level 1:colcon.colcon_core.environment:checking '/root/robot_ws/install/ldlidar_stl_ros2/lib/pkgconfig/ldlidar_stl_ros2.pc'
[2.787s] Level 1:colcon.colcon_core.environment:checking '/root/robot_ws/install/ldlidar_stl_ros2/lib/python3.12/site-packages'
[2.789s] Level 1:colcon.colcon_core.environment:checking '/root/robot_ws/install/ldlidar_stl_ros2/bin'
[2.790s] INFO:colcon.colcon_core.shell:Creating package script '/root/robot_ws/install/ldlidar_stl_ros2/share/ldlidar_stl_ros2/package.ps1'
[2.792s] INFO:colcon.colcon_core.shell:Creating package descriptor '/root/robot_ws/install/ldlidar_stl_ros2/share/ldlidar_stl_ros2/package.dsv'
[2.796s] INFO:colcon.colcon_core.shell:Creating package script '/root/robot_ws/install/ldlidar_stl_ros2/share/ldlidar_stl_ros2/package.sh'
[2.800s] INFO:colcon.colcon_core.shell:Creating package script '/root/robot_ws/install/ldlidar_stl_ros2/share/ldlidar_stl_ros2/package.bash'
[2.802s] INFO:colcon.colcon_core.shell:Creating package script '/root/robot_ws/install/ldlidar_stl_ros2/share/ldlidar_stl_ros2/package.zsh'
[2.804s] Level 1:colcon.colcon_core.environment:create_file_with_runtime_dependencies(/root/robot_ws/install/ldlidar_stl_ros2/share/colcon-core/packages/ldlidar_stl_ros2)
[5.172s] DEBUG:colcon.colcon_core.event_handler.log_command:Invoking command in '/root/robot_ws/build/thymio_project': PYTHONPATH=/root/robot_ws/build/thymio_project/prefix_override:/usr/lib/python3/dist-packages/colcon_core/task/python/colcon_distutils_commands:/root/robot_ws/install/thymio_project/lib/python3.12/site-packages:${PYTHONPATH} /usr/bin/python3 -W ignore:setup.py install is deprecated -W ignore:easy_install command is deprecated setup.py develop --editable --build-directory /root/robot_ws/build/thymio_project/build --no-deps symlink_data
[7.231s] Level 1:colcon.colcon_core.shell:create_environment_hook('thymio_project', 'pythonpath_develop')
[7.232s] INFO:colcon.colcon_core.shell:Creating environment hook '/root/robot_ws/build/thymio_project/share/thymio_project/hook/pythonpath_develop.ps1'
[7.233s] DEBUG:colcon.colcon_core.event_handler.log_command:Invoked command in '/root/robot_ws/build/thymio_project' returned '0': PYTHONPATH=/root/robot_ws/build/thymio_project/prefix_override:/usr/lib/python3/dist-packages/colcon_core/task/python/colcon_distutils_commands:/root/robot_ws/install/thymio_project/lib/python3.12/site-packages:${PYTHONPATH} /usr/bin/python3 -W ignore:setup.py install is deprecated -W ignore:easy_install command is deprecated setup.py develop --editable --build-directory /root/robot_ws/build/thymio_project/build --no-deps symlink_data
[7.238s] INFO:colcon.colcon_core.shell:Creating environment descriptor '/root/robot_ws/build/thymio_project/share/thymio_project/hook/pythonpath_develop.dsv'
[7.240s] INFO:colcon.colcon_core.shell:Creating environment hook '/root/robot_ws/build/thymio_project/share/thymio_project/hook/pythonpath_develop.sh'
[7.242s] Level 1:colcon.colcon_core.environment:checking '/root/robot_ws/install/thymio_project' for CMake module files
[7.245s] Level 1:colcon.colcon_core.environment:checking '/root/robot_ws/install/thymio_project' for CMake config files
[7.248s] Level 1:colcon.colcon_core.environment:checking '/root/robot_ws/install/thymio_project/lib'
[7.248s] Level 1:colcon.colcon_core.environment:checking '/root/robot_ws/install/thymio_project/bin'
[7.249s] Level 1:colcon.colcon_core.environment:checking '/root/robot_ws/install/thymio_project/lib/pkgconfig/thymio_project.pc'
[7.250s] Level 1:colcon.colcon_core.environment:checking '/root/robot_ws/install/thymio_project/lib/python3.12/site-packages'
[7.250s] Level 1:colcon.colcon_core.shell:create_environment_hook('thymio_project', 'pythonpath')
[7.251s] INFO:colcon.colcon_core.shell:Creating environment hook '/root/robot_ws/install/thymio_project/share/thymio_project/hook/pythonpath.ps1'
[7.252s] INFO:colcon.colcon_core.shell:Creating environment descriptor '/root/robot_ws/install/thymio_project/share/thymio_project/hook/pythonpath.dsv'
[7.254s] INFO:colcon.colcon_core.shell:Creating environment hook '/root/robot_ws/install/thymio_project/share/thymio_project/hook/pythonpath.sh'
[7.257s] Level 1:colcon.colcon_core.environment:checking '/root/robot_ws/install/thymio_project/bin'
[7.257s] Level 1:colcon.colcon_core.environment:create_environment_scripts_only(thymio_project)
[7.258s] INFO:colcon.colcon_core.shell:Creating package script '/root/robot_ws/install/thymio_project/share/thymio_project/package.ps1'
[7.260s] INFO:colcon.colcon_core.shell:Creating package descriptor '/root/robot_ws/install/thymio_project/share/thymio_project/package.dsv'
[7.262s] INFO:colcon.colcon_core.shell:Creating package script '/root/robot_ws/install/thymio_project/share/thymio_project/package.sh'
[7.264s] INFO:colcon.colcon_core.shell:Creating package script '/root/robot_ws/install/thymio_project/share/thymio_project/package.bash'
[7.266s] INFO:colcon.colcon_core.shell:Creating package script '/root/robot_ws/install/thymio_project/share/thymio_project/package.zsh'
[7.267s] Level 1:colcon.colcon_core.environment:create_file_with_runtime_dependencies(/root/robot_ws/install/thymio_project/share/colcon-core/packages/thymio_project)
[7.268s] DEBUG:colcon.colcon_parallel_executor.executor.parallel:closing loop
[7.269s] DEBUG:colcon.colcon_parallel_executor.executor.parallel:loop closed
[7.270s] DEBUG:colcon.colcon_parallel_executor.executor.parallel:run_until_complete finished with '0'
[7.270s] DEBUG:colcon.colcon_core.event_reactor:joining thread
[7.329s] INFO:colcon.colcon_core.plugin_system:Skipping extension 'colcon_notification.desktop_notification.notify_send': Could not find 'notify-send'
[7.330s] INFO:colcon.colcon_core.plugin_system:Skipping extension 'colcon_notification.desktop_notification.terminal_notifier': Not used on non-Darwin systems
[7.330s] INFO:colcon.colcon_core.plugin_system:Skipping extension 'colcon_notification.desktop_notification.win32': Not used on non-Windows systems
[7.330s] INFO:colcon.colcon_notification.desktop_notification:Sending desktop notification using 'notify2'
[7.332s] DEBUG:colcon.colcon_notification.desktop_notification.notify2:Failed to initialize notify2: org.freedesktop.DBus.Error.NotSupported: Unable to autolaunch a dbus-daemon without a $DISPLAY for X11
[7.332s] DEBUG:colcon.colcon_core.event_reactor:joined thread
[7.333s] INFO:colcon.colcon_core.shell:Creating prefix script '/root/robot_ws/install/local_setup.ps1'
[7.336s] INFO:colcon.colcon_core.shell:Creating prefix util module '/root/robot_ws/install/_local_setup_util_ps1.py'
[7.341s] INFO:colcon.colcon_core.shell:Creating prefix chain script '/root/robot_ws/install/setup.ps1'
[7.348s] INFO:colcon.colcon_core.shell:Creating prefix script '/root/robot_ws/install/local_setup.sh'
[7.351s] INFO:colcon.colcon_core.shell:Creating prefix util module '/root/robot_ws/install/_local_setup_util_sh.py'
[7.353s] INFO:colcon.colcon_core.shell:Creating prefix chain script '/root/robot_ws/install/setup.sh'
[7.357s] INFO:colcon.colcon_core.shell:Creating prefix script '/root/robot_ws/install/local_setup.bash'
[7.363s] INFO:colcon.colcon_core.shell:Creating prefix chain script '/root/robot_ws/install/setup.bash'
[7.367s] INFO:colcon.colcon_core.shell:Creating prefix script '/root/robot_ws/install/local_setup.zsh'
[7.370s] INFO:colcon.colcon_core.shell:Creating prefix chain script '/root/robot_ws/install/setup.zsh'
