[0.983s] DEBUG:colcon:Command line arguments: ['/usr/bin/colcon', 'build', '--symlink-install']
[0.983s] DEBUG:colcon:Parsed command line arguments: Namespace(log_base=None, log_level=None, verb_name='build', build_base='build', install_base='install', merge_install=False, symlink_install=True, test_result_base=None, continue_on_error=False, executor='parallel', parallel_workers=4, event_handlers=None, ignore_user_meta=False, metas=['./colcon.meta'], base_paths=['.'], packages_ignore=None, packages_ignore_regex=None, paths=None, packages_up_to=None, packages_up_to_regex=None, packages_above=None, packages_above_and_dependencies=None, packages_above_depth=None, packages_select_by_dep=None, packages_skip_by_dep=None, packages_skip_up_to=None, packages_select_build_failed=False, packages_skip_build_finished=False, packages_select_test_failures=False, packages_skip_test_passed=False, packages_select=None, packages_skip=None, packages_select_regex=None, packages_skip_regex=None, packages_start=None, packages_end=None, cmake_args=None, cmake_target=None, cmake_target_skip_unavailable=False, cmake_clean_cache=False, cmake_clean_first=False, cmake_force_configure=False, ament_cmake_args=None, catkin_cmake_args=None, catkin_skip_building_tests=False, mixin_files=None, mixin=None, verb_parser=<colcon_mixin.mixin.mixin_argument.MixinArgumentDecorator object at 0x7f9d521df0>, verb_extension=<colcon_core.verb.build.BuildVerb object at 0x7f9df7e780>, main=<bound method BuildVerb.main of <colcon_core.verb.build.BuildVerb object at 0x7f9df7e780>>, mixin_verb=('build',))
[1.244s] Level 1:colcon.colcon_core.package_discovery:discover_packages(colcon_meta) check parameters
[1.248s] INFO:colcon.colcon_metadata.package_discovery.colcon_meta:Using configuration from '/root/.colcon/metadata/default/Gazebo.meta'
[1.250s] INFO:colcon.colcon_metadata.package_discovery.colcon_meta:Using configuration from '/root/.colcon/metadata/default/fastdds.meta'
[1.252s] INFO:colcon.colcon_metadata.package_discovery.colcon_meta:Using configuration from '/root/.colcon/metadata/default/fastrtps.meta'
[1.253s] Level 1:colcon.colcon_core.package_discovery:discover_packages(recursive) check parameters
[1.253s] Level 1:colcon.colcon_core.package_discovery:discover_packages(ignore) check parameters
[1.253s] Level 1:colcon.colcon_core.package_discovery:discover_packages(path) check parameters
[1.253s] Level 1:colcon.colcon_core.package_discovery:discover_packages(colcon_meta) discover
[1.253s] Level 1:colcon.colcon_core.package_discovery:discover_packages(recursive) discover
[1.253s] INFO:colcon.colcon_core.package_discovery:Crawling recursively for packages in '/root/robot_ws'
[1.254s] Level 1:colcon.colcon_core.package_identification:_identify(.) by extensions ['ignore', 'ignore_ament_install']
[1.254s] Level 1:colcon.colcon_core.package_identification:_identify(.) by extension 'ignore'
[1.254s] Level 1:colcon.colcon_core.package_identification:_identify(.) by extension 'ignore_ament_install'
[1.254s] Level 1:colcon.colcon_core.package_identification:_identify(.) by extensions ['colcon_pkg']
[1.255s] Level 1:colcon.colcon_core.package_identification:_identify(.) by extension 'colcon_pkg'
[1.255s] Level 1:colcon.colcon_core.package_identification:_identify(.) by extensions ['colcon_meta']
[1.255s] Level 1:colcon.colcon_core.package_identification:_identify(.) by extension 'colcon_meta'
[1.255s] Level 1:colcon.colcon_core.package_identification:_identify(.) by extensions ['ros']
[1.255s] Level 1:colcon.colcon_core.package_identification:_identify(.) by extension 'ros'
[1.408s] Level 1:colcon.colcon_core.package_identification:_identify(.) by extensions ['cmake', 'python']
[1.408s] Level 1:colcon.colcon_core.package_identification:_identify(.) by extension 'cmake'
[1.408s] Level 1:colcon.colcon_core.package_identification:_identify(.) by extension 'python'
[1.408s] Level 1:colcon.colcon_core.package_identification:_identify(.) by extensions ['python_setup_py']
[1.408s] Level 1:colcon.colcon_core.package_identification:_identify(.) by extension 'python_setup_py'
[1.409s] Level 1:colcon.colcon_core.package_identification:_identify(build) by extensions ['ignore', 'ignore_ament_install']
[1.409s] Level 1:colcon.colcon_core.package_identification:_identify(build) by extension 'ignore'
[1.409s] Level 1:colcon.colcon_core.package_identification:_identify(build) ignored
[1.410s] Level 1:colcon.colcon_core.package_identification:_identify(install) by extensions ['ignore', 'ignore_ament_install']
[1.410s] Level 1:colcon.colcon_core.package_identification:_identify(install) by extension 'ignore'
[1.410s] Level 1:colcon.colcon_core.package_identification:_identify(install) ignored
[1.411s] Level 1:colcon.colcon_core.package_identification:_identify(log) by extensions ['ignore', 'ignore_ament_install']
[1.411s] Level 1:colcon.colcon_core.package_identification:_identify(log) by extension 'ignore'
[1.411s] Level 1:colcon.colcon_core.package_identification:_identify(log) ignored
[1.412s] Level 1:colcon.colcon_core.package_identification:_identify(src) by extensions ['ignore', 'ignore_ament_install']
[1.413s] Level 1:colcon.colcon_core.package_identification:_identify(src) by extension 'ignore'
[1.413s] Level 1:colcon.colcon_core.package_identification:_identify(src) by extension 'ignore_ament_install'
[1.413s] Level 1:colcon.colcon_core.package_identification:_identify(src) by extensions ['colcon_pkg']
[1.413s] Level 1:colcon.colcon_core.package_identification:_identify(src) by extension 'colcon_pkg'
[1.414s] Level 1:colcon.colcon_core.package_identification:_identify(src) by extensions ['colcon_meta']
[1.414s] Level 1:colcon.colcon_core.package_identification:_identify(src) by extension 'colcon_meta'
[1.414s] Level 1:colcon.colcon_core.package_identification:_identify(src) by extensions ['ros']
[1.414s] Level 1:colcon.colcon_core.package_identification:_identify(src) by extension 'ros'
[1.414s] Level 1:colcon.colcon_core.package_identification:_identify(src) by extensions ['cmake', 'python']
[1.414s] Level 1:colcon.colcon_core.package_identification:_identify(src) by extension 'cmake'
[1.415s] Level 1:colcon.colcon_core.package_identification:_identify(src) by extension 'python'
[1.415s] Level 1:colcon.colcon_core.package_identification:_identify(src) by extensions ['python_setup_py']
[1.415s] Level 1:colcon.colcon_core.package_identification:_identify(src) by extension 'python_setup_py'
[1.416s] Level 1:colcon.colcon_core.package_identification:_identify(src/ldlidar_ros2_ws) by extensions ['ignore', 'ignore_ament_install']
[1.416s] Level 1:colcon.colcon_core.package_identification:_identify(src/ldlidar_ros2_ws) by extension 'ignore'
[1.417s] Level 1:colcon.colcon_core.package_identification:_identify(src/ldlidar_ros2_ws) by extension 'ignore_ament_install'
[1.417s] Level 1:colcon.colcon_core.package_identification:_identify(src/ldlidar_ros2_ws) by extensions ['colcon_pkg']
[1.417s] Level 1:colcon.colcon_core.package_identification:_identify(src/ldlidar_ros2_ws) by extension 'colcon_pkg'
[1.417s] Level 1:colcon.colcon_core.package_identification:_identify(src/ldlidar_ros2_ws) by extensions ['colcon_meta']
[1.417s] Level 1:colcon.colcon_core.package_identification:_identify(src/ldlidar_ros2_ws) by extension 'colcon_meta'
[1.418s] Level 1:colcon.colcon_core.package_identification:_identify(src/ldlidar_ros2_ws) by extensions ['ros']
[1.418s] Level 1:colcon.colcon_core.package_identification:_identify(src/ldlidar_ros2_ws) by extension 'ros'
[1.418s] Level 1:colcon.colcon_core.package_identification:_identify(src/ldlidar_ros2_ws) by extensions ['cmake', 'python']
[1.418s] Level 1:colcon.colcon_core.package_identification:_identify(src/ldlidar_ros2_ws) by extension 'cmake'
[1.418s] Level 1:colcon.colcon_core.package_identification:_identify(src/ldlidar_ros2_ws) by extension 'python'
[1.418s] Level 1:colcon.colcon_core.package_identification:_identify(src/ldlidar_ros2_ws) by extensions ['python_setup_py']
[1.419s] Level 1:colcon.colcon_core.package_identification:_identify(src/ldlidar_ros2_ws) by extension 'python_setup_py'
[1.420s] Level 1:colcon.colcon_core.package_identification:_identify(src/ldlidar_ros2_ws/build) by extensions ['ignore', 'ignore_ament_install']
[1.420s] Level 1:colcon.colcon_core.package_identification:_identify(src/ldlidar_ros2_ws/build) by extension 'ignore'
[1.420s] Level 1:colcon.colcon_core.package_identification:_identify(src/ldlidar_ros2_ws/build) ignored
[1.421s] Level 1:colcon.colcon_core.package_identification:_identify(src/ldlidar_ros2_ws/install) by extensions ['ignore', 'ignore_ament_install']
[1.421s] Level 1:colcon.colcon_core.package_identification:_identify(src/ldlidar_ros2_ws/install) by extension 'ignore'
[1.422s] Level 1:colcon.colcon_core.package_identification:_identify(src/ldlidar_ros2_ws/install) ignored
[1.422s] Level 1:colcon.colcon_core.package_identification:_identify(src/ldlidar_ros2_ws/log) by extensions ['ignore', 'ignore_ament_install']
[1.423s] Level 1:colcon.colcon_core.package_identification:_identify(src/ldlidar_ros2_ws/log) by extension 'ignore'
[1.423s] Level 1:colcon.colcon_core.package_identification:_identify(src/ldlidar_ros2_ws/log) ignored
[1.424s] Level 1:colcon.colcon_core.package_identification:_identify(src/ldlidar_ros2_ws/src) by extensions ['ignore', 'ignore_ament_install']
[1.424s] Level 1:colcon.colcon_core.package_identification:_identify(src/ldlidar_ros2_ws/src) by extension 'ignore'
[1.424s] Level 1:colcon.colcon_core.package_identification:_identify(src/ldlidar_ros2_ws/src) by extension 'ignore_ament_install'
[1.425s] Level 1:colcon.colcon_core.package_identification:_identify(src/ldlidar_ros2_ws/src) by extensions ['colcon_pkg']
[1.425s] Level 1:colcon.colcon_core.package_identification:_identify(src/ldlidar_ros2_ws/src) by extension 'colcon_pkg'
[1.425s] Level 1:colcon.colcon_core.package_identification:_identify(src/ldlidar_ros2_ws/src) by extensions ['colcon_meta']
[1.425s] Level 1:colcon.colcon_core.package_identification:_identify(src/ldlidar_ros2_ws/src) by extension 'colcon_meta'
[1.425s] Level 1:colcon.colcon_core.package_identification:_identify(src/ldlidar_ros2_ws/src) by extensions ['ros']
[1.425s] Level 1:colcon.colcon_core.package_identification:_identify(src/ldlidar_ros2_ws/src) by extension 'ros'
[1.426s] Level 1:colcon.colcon_core.package_identification:_identify(src/ldlidar_ros2_ws/src) by extensions ['cmake', 'python']
[1.426s] Level 1:colcon.colcon_core.package_identification:_identify(src/ldlidar_ros2_ws/src) by extension 'cmake'
[1.426s] Level 1:colcon.colcon_core.package_identification:_identify(src/ldlidar_ros2_ws/src) by extension 'python'
[1.426s] Level 1:colcon.colcon_core.package_identification:_identify(src/ldlidar_ros2_ws/src) by extensions ['python_setup_py']
[1.426s] Level 1:colcon.colcon_core.package_identification:_identify(src/ldlidar_ros2_ws/src) by extension 'python_setup_py'
[1.427s] Level 1:colcon.colcon_core.package_identification:_identify(src/ldlidar_ros2_ws/src/ldlidar_stl_ros2) by extensions ['ignore', 'ignore_ament_install']
[1.428s] Level 1:colcon.colcon_core.package_identification:_identify(src/ldlidar_ros2_ws/src/ldlidar_stl_ros2) by extension 'ignore'
[1.428s] Level 1:colcon.colcon_core.package_identification:_identify(src/ldlidar_ros2_ws/src/ldlidar_stl_ros2) by extension 'ignore_ament_install'
[1.428s] Level 1:colcon.colcon_core.package_identification:_identify(src/ldlidar_ros2_ws/src/ldlidar_stl_ros2) by extensions ['colcon_pkg']
[1.428s] Level 1:colcon.colcon_core.package_identification:_identify(src/ldlidar_ros2_ws/src/ldlidar_stl_ros2) by extension 'colcon_pkg'
[1.429s] Level 1:colcon.colcon_core.package_identification:_identify(src/ldlidar_ros2_ws/src/ldlidar_stl_ros2) by extensions ['colcon_meta']
[1.429s] Level 1:colcon.colcon_core.package_identification:_identify(src/ldlidar_ros2_ws/src/ldlidar_stl_ros2) by extension 'colcon_meta'
[1.429s] Level 1:colcon.colcon_core.package_identification:_identify(src/ldlidar_ros2_ws/src/ldlidar_stl_ros2) by extensions ['ros']
[1.429s] Level 1:colcon.colcon_core.package_identification:_identify(src/ldlidar_ros2_ws/src/ldlidar_stl_ros2) by extension 'ros'
[1.441s] DEBUG:colcon.colcon_core.package_identification:Package 'src/ldlidar_ros2_ws/src/ldlidar_stl_ros2' with type 'ros.ament_cmake' and name 'ldlidar_stl_ros2'
[1.443s] Level 1:colcon.colcon_core.package_identification:_identify(src/thymio_project) by extensions ['ignore', 'ignore_ament_install']
[1.443s] Level 1:colcon.colcon_core.package_identification:_identify(src/thymio_project) by extension 'ignore'
[1.443s] Level 1:colcon.colcon_core.package_identification:_identify(src/thymio_project) by extension 'ignore_ament_install'
[1.444s] Level 1:colcon.colcon_core.package_identification:_identify(src/thymio_project) by extensions ['colcon_pkg']
[1.444s] Level 1:colcon.colcon_core.package_identification:_identify(src/thymio_project) by extension 'colcon_pkg'
[1.444s] Level 1:colcon.colcon_core.package_identification:_identify(src/thymio_project) by extensions ['colcon_meta']
[1.444s] Level 1:colcon.colcon_core.package_identification:_identify(src/thymio_project) by extension 'colcon_meta'
[1.444s] Level 1:colcon.colcon_core.package_identification:_identify(src/thymio_project) by extensions ['ros']
[1.444s] Level 1:colcon.colcon_core.package_identification:_identify(src/thymio_project) by extension 'ros'
[1.448s] DEBUG:colcon.colcon_core.package_identification:Package 'src/thymio_project' with type 'ros.ament_python' and name 'thymio_project'
[1.448s] Level 1:colcon.colcon_core.package_discovery:discover_packages(recursive) using defaults
[1.448s] Level 1:colcon.colcon_core.package_discovery:discover_packages(ignore) discover
[1.448s] Level 1:colcon.colcon_core.package_discovery:discover_packages(ignore) using defaults
[1.448s] Level 1:colcon.colcon_core.package_discovery:discover_packages(path) discover
[1.448s] Level 1:colcon.colcon_core.package_discovery:discover_packages(path) using defaults
[1.554s] Level 5:colcon.colcon_core.verb:set package 'ldlidar_stl_ros2' build argument 'cmake_args' from command line to 'None'
[1.554s] Level 5:colcon.colcon_core.verb:set package 'ldlidar_stl_ros2' build argument 'cmake_target' from command line to 'None'
[1.555s] Level 5:colcon.colcon_core.verb:set package 'ldlidar_stl_ros2' build argument 'cmake_target_skip_unavailable' from command line to 'False'
[1.555s] Level 5:colcon.colcon_core.verb:set package 'ldlidar_stl_ros2' build argument 'cmake_clean_cache' from command line to 'False'
[1.555s] Level 5:colcon.colcon_core.verb:set package 'ldlidar_stl_ros2' build argument 'cmake_clean_first' from command line to 'False'
[1.555s] Level 5:colcon.colcon_core.verb:set package 'ldlidar_stl_ros2' build argument 'cmake_force_configure' from command line to 'False'
[1.555s] Level 5:colcon.colcon_core.verb:set package 'ldlidar_stl_ros2' build argument 'ament_cmake_args' from command line to 'None'
[1.555s] Level 5:colcon.colcon_core.verb:set package 'ldlidar_stl_ros2' build argument 'catkin_cmake_args' from command line to 'None'
[1.555s] Level 5:colcon.colcon_core.verb:set package 'ldlidar_stl_ros2' build argument 'catkin_skip_building_tests' from command line to 'False'
[1.555s] DEBUG:colcon.colcon_core.verb:Building package 'ldlidar_stl_ros2' with the following arguments: {'ament_cmake_args': None, 'build_base': '/root/robot_ws/build/ldlidar_stl_ros2', 'catkin_cmake_args': None, 'catkin_skip_building_tests': False, 'cmake_args': None, 'cmake_clean_cache': False, 'cmake_clean_first': False, 'cmake_force_configure': False, 'cmake_target': None, 'cmake_target_skip_unavailable': False, 'install_base': '/root/robot_ws/install/ldlidar_stl_ros2', 'merge_install': False, 'path': '/root/robot_ws/src/ldlidar_ros2_ws/src/ldlidar_stl_ros2', 'symlink_install': True, 'test_result_base': None}
[1.557s] Level 5:colcon.colcon_core.verb:set package 'thymio_project' build argument 'cmake_args' from command line to 'None'
[1.557s] Level 5:colcon.colcon_core.verb:set package 'thymio_project' build argument 'cmake_target' from command line to 'None'
[1.557s] Level 5:colcon.colcon_core.verb:set package 'thymio_project' build argument 'cmake_target_skip_unavailable' from command line to 'False'
[1.557s] Level 5:colcon.colcon_core.verb:set package 'thymio_project' build argument 'cmake_clean_cache' from command line to 'False'
[1.557s] Level 5:colcon.colcon_core.verb:set package 'thymio_project' build argument 'cmake_clean_first' from command line to 'False'
[1.557s] Level 5:colcon.colcon_core.verb:set package 'thymio_project' build argument 'cmake_force_configure' from command line to 'False'
[1.557s] Level 5:colcon.colcon_core.verb:set package 'thymio_project' build argument 'ament_cmake_args' from command line to 'None'
[1.557s] Level 5:colcon.colcon_core.verb:set package 'thymio_project' build argument 'catkin_cmake_args' from command line to 'None'
[1.557s] Level 5:colcon.colcon_core.verb:set package 'thymio_project' build argument 'catkin_skip_building_tests' from command line to 'False'
[1.558s] DEBUG:colcon.colcon_core.verb:Building package 'thymio_project' with the following arguments: {'ament_cmake_args': None, 'build_base': '/root/robot_ws/build/thymio_project', 'catkin_cmake_args': None, 'catkin_skip_building_tests': False, 'cmake_args': None, 'cmake_clean_cache': False, 'cmake_clean_first': False, 'cmake_force_configure': False, 'cmake_target': None, 'cmake_target_skip_unavailable': False, 'install_base': '/root/robot_ws/install/thymio_project', 'merge_install': False, 'path': '/root/robot_ws/src/thymio_project', 'symlink_install': True, 'test_result_base': None}
[1.558s] INFO:colcon.colcon_core.executor:Executing jobs using 'parallel' executor
[1.561s] DEBUG:colcon.colcon_parallel_executor.executor.parallel:run_until_complete
[1.563s] INFO:colcon.colcon_ros.task.ament_cmake.build:Building ROS package in '/root/robot_ws/src/ldlidar_ros2_ws/src/ldlidar_stl_ros2' with build type 'ament_cmake'
[1.563s] INFO:colcon.colcon_cmake.task.cmake.build:Building CMake package in '/root/robot_ws/src/ldlidar_ros2_ws/src/ldlidar_stl_ros2'
[1.585s] INFO:colcon.colcon_core.plugin_system:Skipping extension 'colcon_core.shell.bat': Not used on non-Windows systems
[1.586s] INFO:colcon.colcon_core.shell:Skip shell extension 'powershell' for command environment: Not usable outside of PowerShell
[1.586s] DEBUG:colcon.colcon_core.shell:Skip shell extension 'dsv' for command environment
[1.606s] INFO:colcon.colcon_ros.task.ament_python.build:Building ROS package in '/root/robot_ws/src/thymio_project' with build type 'ament_python'
[1.606s] Level 1:colcon.colcon_core.shell:create_environment_hook('thymio_project', 'ament_prefix_path')
[1.607s] INFO:colcon.colcon_core.shell:Creating environment hook '/root/robot_ws/install/thymio_project/share/thymio_project/hook/ament_prefix_path.ps1'
[1.614s] INFO:colcon.colcon_core.shell:Creating environment descriptor '/root/robot_ws/install/thymio_project/share/thymio_project/hook/ament_prefix_path.dsv'
[1.617s] INFO:colcon.colcon_core.shell:Creating environment hook '/root/robot_ws/install/thymio_project/share/thymio_project/hook/ament_prefix_path.sh'
[1.620s] INFO:colcon.colcon_core.shell:Skip shell extension 'powershell' for command environment: Not usable outside of PowerShell
[1.620s] DEBUG:colcon.colcon_core.shell:Skip shell extension 'dsv' for command environment
[1.643s] DEBUG:colcon.colcon_core.event_handler.log_command:Invoking command in '/root/robot_ws/build/ldlidar_stl_ros2': CMAKE_PREFIX_PATH=/opt/ros/jazzy /usr/bin/cmake --build /root/robot_ws/build/ldlidar_stl_ros2 -- -j4 -l4
[2.557s] INFO:colcon.colcon_core.task.python.build:Building Python package in '/root/robot_ws/src/thymio_project'
[2.558s] INFO:colcon.colcon_core.shell:Skip shell extension 'powershell' for command environment: Not usable outside of PowerShell
[2.558s] DEBUG:colcon.colcon_core.shell:Skip shell extension 'dsv' for command environment
[2.570s] DEBUG:colcon.colcon_core.event_handler.log_command:Invoked command in '/root/robot_ws/build/ldlidar_stl_ros2' returned '0': CMAKE_PREFIX_PATH=/opt/ros/jazzy /usr/bin/cmake --build /root/robot_ws/build/ldlidar_stl_ros2 -- -j4 -l4
[2.605s] DEBUG:colcon.colcon_core.event_handler.log_command:Invoking command in '/root/robot_ws/build/ldlidar_stl_ros2': CMAKE_PREFIX_PATH=/opt/ros/jazzy /usr/bin/cmake --install /root/robot_ws/build/ldlidar_stl_ros2
[2.722s] Level 1:colcon.colcon_core.environment:create_environment_scripts_only(ldlidar_stl_ros2)
[2.725s] DEBUG:colcon.colcon_core.event_handler.log_command:Invoked command in '/root/robot_ws/build/ldlidar_stl_ros2' returned '0': CMAKE_PREFIX_PATH=/opt/ros/jazzy /usr/bin/cmake --install /root/robot_ws/build/ldlidar_stl_ros2
[2.749s] Level 1:colcon.colcon_core.environment:checking '/root/robot_ws/install/ldlidar_stl_ros2' for CMake module files
[2.752s] Level 1:colcon.colcon_core.environment:checking '/root/robot_ws/install/ldlidar_stl_ros2' for CMake config files
[2.755s] Level 1:colcon.colcon_core.shell:create_environment_hook('ldlidar_stl_ros2', 'cmake_prefix_path')
[2.756s] INFO:colcon.colcon_core.shell:Creating environment hook '/root/robot_ws/install/ldlidar_stl_ros2/share/ldlidar_stl_ros2/hook/cmake_prefix_path.ps1'
[2.758s] INFO:colcon.colcon_core.shell:Creating environment descriptor '/root/robot_ws/install/ldlidar_stl_ros2/share/ldlidar_stl_ros2/hook/cmake_prefix_path.dsv'
[2.760s] INFO:colcon.colcon_core.shell:Creating environment hook '/root/robot_ws/install/ldlidar_stl_ros2/share/ldlidar_stl_ros2/hook/cmake_prefix_path.sh'
[2.764s] Level 1:colcon.colcon_core.environment:checking '/root/robot_ws/install/ldlidar_stl_ros2/lib'
[2.765s] Level 1:colcon.colcon_core.environment:checking '/root/robot_ws/install/ldlidar_stl_ros2/bin'
[2.765s] Level 1:colcon.colcon_core.environment:checking '/root/robot_ws/install/ldlidar_stl_ros2/lib/pkgconfig/ldlidar_stl_ros2.pc'
[2.766s] Level 1:colcon.colcon_core.environment:checking '/root/robot_ws/install/ldlidar_stl_ros2/lib/python3.12/site-packages'
[2.768s] Level 1:colcon.colcon_core.environment:checking '/root/robot_ws/install/ldlidar_stl_ros2/bin'
[2.769s] INFO:colcon.colcon_core.shell:Creating package script '/root/robot_ws/install/ldlidar_stl_ros2/share/ldlidar_stl_ros2/package.ps1'
[2.778s] INFO:colcon.colcon_core.shell:Creating package descriptor '/root/robot_ws/install/ldlidar_stl_ros2/share/ldlidar_stl_ros2/package.dsv'
[2.784s] INFO:colcon.colcon_core.shell:Creating package script '/root/robot_ws/install/ldlidar_stl_ros2/share/ldlidar_stl_ros2/package.sh'
[2.787s] INFO:colcon.colcon_core.shell:Creating package script '/root/robot_ws/install/ldlidar_stl_ros2/share/ldlidar_stl_ros2/package.bash'
[2.792s] INFO:colcon.colcon_core.shell:Creating package script '/root/robot_ws/install/ldlidar_stl_ros2/share/ldlidar_stl_ros2/package.zsh'
[2.798s] Level 1:colcon.colcon_core.environment:create_file_with_runtime_dependencies(/root/robot_ws/install/ldlidar_stl_ros2/share/colcon-core/packages/ldlidar_stl_ros2)
[2.800s] Level 1:colcon.colcon_core.environment:create_environment_scripts_only(ldlidar_stl_ros2)
[2.801s] Level 1:colcon.colcon_core.environment:checking '/root/robot_ws/install/ldlidar_stl_ros2' for CMake module files
[2.804s] Level 1:colcon.colcon_core.environment:checking '/root/robot_ws/install/ldlidar_stl_ros2' for CMake config files
[2.805s] Level 1:colcon.colcon_core.shell:create_environment_hook('ldlidar_stl_ros2', 'cmake_prefix_path')
[2.806s] INFO:colcon.colcon_core.shell:Creating environment hook '/root/robot_ws/install/ldlidar_stl_ros2/share/ldlidar_stl_ros2/hook/cmake_prefix_path.ps1'
[2.808s] INFO:colcon.colcon_core.shell:Creating environment descriptor '/root/robot_ws/install/ldlidar_stl_ros2/share/ldlidar_stl_ros2/hook/cmake_prefix_path.dsv'
[2.809s] INFO:colcon.colcon_core.shell:Creating environment hook '/root/robot_ws/install/ldlidar_stl_ros2/share/ldlidar_stl_ros2/hook/cmake_prefix_path.sh'
[2.812s] Level 1:colcon.colcon_core.environment:checking '/root/robot_ws/install/ldlidar_stl_ros2/lib'
[2.813s] Level 1:colcon.colcon_core.environment:checking '/root/robot_ws/install/ldlidar_stl_ros2/bin'
[2.813s] Level 1:colcon.colcon_core.environment:checking '/root/robot_ws/install/ldlidar_stl_ros2/lib/pkgconfig/ldlidar_stl_ros2.pc'
[2.814s] Level 1:colcon.colcon_core.environment:checking '/root/robot_ws/install/ldlidar_stl_ros2/lib/python3.12/site-packages'
[2.816s] Level 1:colcon.colcon_core.environment:checking '/root/robot_ws/install/ldlidar_stl_ros2/bin'
[2.817s] INFO:colcon.colcon_core.shell:Creating package script '/root/robot_ws/install/ldlidar_stl_ros2/share/ldlidar_stl_ros2/package.ps1'
[2.819s] INFO:colcon.colcon_core.shell:Creating package descriptor '/root/robot_ws/install/ldlidar_stl_ros2/share/ldlidar_stl_ros2/package.dsv'
[2.823s] INFO:colcon.colcon_core.shell:Creating package script '/root/robot_ws/install/ldlidar_stl_ros2/share/ldlidar_stl_ros2/package.sh'
[2.825s] INFO:colcon.colcon_core.shell:Creating package script '/root/robot_ws/install/ldlidar_stl_ros2/share/ldlidar_stl_ros2/package.bash'
[2.827s] INFO:colcon.colcon_core.shell:Creating package script '/root/robot_ws/install/ldlidar_stl_ros2/share/ldlidar_stl_ros2/package.zsh'
[2.829s] Level 1:colcon.colcon_core.environment:create_file_with_runtime_dependencies(/root/robot_ws/install/ldlidar_stl_ros2/share/colcon-core/packages/ldlidar_stl_ros2)
[5.251s] DEBUG:colcon.colcon_core.event_handler.log_command:Invoking command in '/root/robot_ws/build/thymio_project': PYTHONPATH=/root/robot_ws/build/thymio_project/prefix_override:/usr/lib/python3/dist-packages/colcon_core/task/python/colcon_distutils_commands:/root/robot_ws/install/thymio_project/lib/python3.12/site-packages:${PYTHONPATH} /usr/bin/python3 -W ignore:setup.py install is deprecated -W ignore:easy_install command is deprecated setup.py develop --editable --build-directory /root/robot_ws/build/thymio_project/build --no-deps symlink_data
[7.327s] Level 1:colcon.colcon_core.shell:create_environment_hook('thymio_project', 'pythonpath_develop')
[7.328s] INFO:colcon.colcon_core.shell:Creating environment hook '/root/robot_ws/build/thymio_project/share/thymio_project/hook/pythonpath_develop.ps1'
[7.330s] DEBUG:colcon.colcon_core.event_handler.log_command:Invoked command in '/root/robot_ws/build/thymio_project' returned '0': PYTHONPATH=/root/robot_ws/build/thymio_project/prefix_override:/usr/lib/python3/dist-packages/colcon_core/task/python/colcon_distutils_commands:/root/robot_ws/install/thymio_project/lib/python3.12/site-packages:${PYTHONPATH} /usr/bin/python3 -W ignore:setup.py install is deprecated -W ignore:easy_install command is deprecated setup.py develop --editable --build-directory /root/robot_ws/build/thymio_project/build --no-deps symlink_data
[7.333s] INFO:colcon.colcon_core.shell:Creating environment descriptor '/root/robot_ws/build/thymio_project/share/thymio_project/hook/pythonpath_develop.dsv'
[7.334s] INFO:colcon.colcon_core.shell:Creating environment hook '/root/robot_ws/build/thymio_project/share/thymio_project/hook/pythonpath_develop.sh'
[7.336s] Level 1:colcon.colcon_core.environment:checking '/root/robot_ws/install/thymio_project' for CMake module files
[7.338s] Level 1:colcon.colcon_core.environment:checking '/root/robot_ws/install/thymio_project' for CMake config files
[7.342s] Level 1:colcon.colcon_core.environment:checking '/root/robot_ws/install/thymio_project/lib'
[7.342s] Level 1:colcon.colcon_core.environment:checking '/root/robot_ws/install/thymio_project/bin'
[7.342s] Level 1:colcon.colcon_core.environment:checking '/root/robot_ws/install/thymio_project/lib/pkgconfig/thymio_project.pc'
[7.343s] Level 1:colcon.colcon_core.environment:checking '/root/robot_ws/install/thymio_project/lib/python3.12/site-packages'
[7.344s] Level 1:colcon.colcon_core.shell:create_environment_hook('thymio_project', 'pythonpath')
[7.344s] INFO:colcon.colcon_core.shell:Creating environment hook '/root/robot_ws/install/thymio_project/share/thymio_project/hook/pythonpath.ps1'
[7.346s] INFO:colcon.colcon_core.shell:Creating environment descriptor '/root/robot_ws/install/thymio_project/share/thymio_project/hook/pythonpath.dsv'
[7.347s] INFO:colcon.colcon_core.shell:Creating environment hook '/root/robot_ws/install/thymio_project/share/thymio_project/hook/pythonpath.sh'
[7.350s] Level 1:colcon.colcon_core.environment:checking '/root/robot_ws/install/thymio_project/bin'
[7.350s] Level 1:colcon.colcon_core.environment:create_environment_scripts_only(thymio_project)
[7.351s] INFO:colcon.colcon_core.shell:Creating package script '/root/robot_ws/install/thymio_project/share/thymio_project/package.ps1'
[7.355s] INFO:colcon.colcon_core.shell:Creating package descriptor '/root/robot_ws/install/thymio_project/share/thymio_project/package.dsv'
[7.357s] INFO:colcon.colcon_core.shell:Creating package script '/root/robot_ws/install/thymio_project/share/thymio_project/package.sh'
[7.359s] INFO:colcon.colcon_core.shell:Creating package script '/root/robot_ws/install/thymio_project/share/thymio_project/package.bash'
[7.361s] INFO:colcon.colcon_core.shell:Creating package script '/root/robot_ws/install/thymio_project/share/thymio_project/package.zsh'
[7.362s] Level 1:colcon.colcon_core.environment:create_file_with_runtime_dependencies(/root/robot_ws/install/thymio_project/share/colcon-core/packages/thymio_project)
[7.363s] DEBUG:colcon.colcon_parallel_executor.executor.parallel:closing loop
[7.364s] DEBUG:colcon.colcon_parallel_executor.executor.parallel:loop closed
[7.366s] DEBUG:colcon.colcon_parallel_executor.executor.parallel:run_until_complete finished with '0'
[7.366s] DEBUG:colcon.colcon_core.event_reactor:joining thread
[7.405s] INFO:colcon.colcon_core.plugin_system:Skipping extension 'colcon_notification.desktop_notification.notify_send': Could not find 'notify-send'
[7.405s] INFO:colcon.colcon_core.plugin_system:Skipping extension 'colcon_notification.desktop_notification.terminal_notifier': Not used on non-Darwin systems
[7.406s] INFO:colcon.colcon_core.plugin_system:Skipping extension 'colcon_notification.desktop_notification.win32': Not used on non-Windows systems
[7.406s] INFO:colcon.colcon_notification.desktop_notification:Sending desktop notification using 'notify2'
[7.407s] DEBUG:colcon.colcon_notification.desktop_notification.notify2:Failed to initialize notify2: org.freedesktop.DBus.Error.NotSupported: Unable to autolaunch a dbus-daemon without a $DISPLAY for X11
[7.407s] DEBUG:colcon.colcon_core.event_reactor:joined thread
[7.408s] INFO:colcon.colcon_core.shell:Creating prefix script '/root/robot_ws/install/local_setup.ps1'
[7.412s] INFO:colcon.colcon_core.shell:Creating prefix util module '/root/robot_ws/install/_local_setup_util_ps1.py'
[7.417s] INFO:colcon.colcon_core.shell:Creating prefix chain script '/root/robot_ws/install/setup.ps1'
[7.421s] INFO:colcon.colcon_core.shell:Creating prefix script '/root/robot_ws/install/local_setup.sh'
[7.424s] INFO:colcon.colcon_core.shell:Creating prefix util module '/root/robot_ws/install/_local_setup_util_sh.py'
[7.427s] INFO:colcon.colcon_core.shell:Creating prefix chain script '/root/robot_ws/install/setup.sh'
[7.432s] INFO:colcon.colcon_core.shell:Creating prefix script '/root/robot_ws/install/local_setup.bash'
[7.435s] INFO:colcon.colcon_core.shell:Creating prefix chain script '/root/robot_ws/install/setup.bash'
[7.439s] INFO:colcon.colcon_core.shell:Creating prefix script '/root/robot_ws/install/local_setup.zsh'
[7.441s] INFO:colcon.colcon_core.shell:Creating prefix chain script '/root/robot_ws/install/setup.zsh'
