[0.126s] Invoking command in '/root/robot_ws/build/ldlidar_stl_ros2': CMAKE_PREFIX_PATH=/opt/ros/jazzy /usr/bin/cmake --build /root/robot_ws/build/ldlidar_stl_ros2 -- -j4 -l4
[1.266s] [100%] Built target ldlidar_stl_ros2_node
[1.301s] Invoked command in '/root/robot_ws/build/ldlidar_stl_ros2' returned '0': CMAKE_PREFIX_PATH=/opt/ros/jazzy /usr/bin/cmake --build /root/robot_ws/build/ldlidar_stl_ros2 -- -j4 -l4
[1.344s] Invoking command in '/root/robot_ws/build/ldlidar_stl_ros2': CMAKE_PREFIX_PATH=/opt/ros/jazzy /usr/bin/cmake --install /root/robot_ws/build/ldlidar_stl_ros2
[1.372s] -- Install configuration: ""
[1.377s] -- Execute custom install script
[1.382s] -- Up-to-date symlink: /root/robot_ws/install/ldlidar_stl_ros2/lib/ldlidar_stl_ros2/ldlidar_stl_ros2_node
[1.393s] -- Up-to-date symlink: /root/robot_ws/install/ldlidar_stl_ros2/share/ldlidar_stl_ros2//launch/__pycache__/test_slam.launch.cpython-312.pyc
[1.395s] -- Up-to-date symlink: /root/robot_ws/install/ldlidar_stl_ros2/share/ldlidar_stl_ros2//launch/ld06.launch.py
[1.396s] -- Up-to-date symlink: /root/robot_ws/install/ldlidar_stl_ros2/share/ldlidar_stl_ros2//launch/ld19.launch.py
[1.397s] -- Up-to-date symlink: /root/robot_ws/install/ldlidar_stl_ros2/share/ldlidar_stl_ros2//launch/stl27l.launch.py
[1.398s] -- Up-to-date symlink: /root/robot_ws/install/ldlidar_stl_ros2/share/ldlidar_stl_ros2//launch/test_slam.launch.py
[1.399s] -- Up-to-date symlink: /root/robot_ws/install/ldlidar_stl_ros2/share/ldlidar_stl_ros2//launch/viewer_ld06.launch.py
[1.400s] -- Up-to-date symlink: /root/robot_ws/install/ldlidar_stl_ros2/share/ldlidar_stl_ros2//launch/viewer_ld19.launch.py
[1.401s] -- Up-to-date symlink: /root/robot_ws/install/ldlidar_stl_ros2/share/ldlidar_stl_ros2//launch/viewer_stl27l.launch.py
[1.405s] -- Up-to-date symlink: /root/robot_ws/install/ldlidar_stl_ros2/share/ldlidar_stl_ros2//rviz2/ldlidar.rviz
[1.411s] -- Up-to-date symlink: /root/robot_ws/install/ldlidar_stl_ros2/share/ament_index/resource_index/package_run_dependencies/ldlidar_stl_ros2
[1.413s] -- Up-to-date symlink: /root/robot_ws/install/ldlidar_stl_ros2/share/ament_index/resource_index/parent_prefix_path/ldlidar_stl_ros2
[1.415s] -- Up-to-date symlink: /root/robot_ws/install/ldlidar_stl_ros2/share/ldlidar_stl_ros2/environment/ament_prefix_path.sh
[1.416s] -- Up-to-date symlink: /root/robot_ws/install/ldlidar_stl_ros2/share/ldlidar_stl_ros2/environment/ament_prefix_path.dsv
[1.417s] -- Up-to-date symlink: /root/robot_ws/install/ldlidar_stl_ros2/share/ldlidar_stl_ros2/environment/path.sh
[1.419s] -- Up-to-date symlink: /root/robot_ws/install/ldlidar_stl_ros2/share/ldlidar_stl_ros2/environment/path.dsv
[1.420s] -- Up-to-date symlink: /root/robot_ws/install/ldlidar_stl_ros2/share/ldlidar_stl_ros2/local_setup.bash
[1.421s] -- Up-to-date symlink: /root/robot_ws/install/ldlidar_stl_ros2/share/ldlidar_stl_ros2/local_setup.sh
[1.423s] -- Up-to-date symlink: /root/robot_ws/install/ldlidar_stl_ros2/share/ldlidar_stl_ros2/local_setup.zsh
[1.425s] -- Up-to-date symlink: /root/robot_ws/install/ldlidar_stl_ros2/share/ldlidar_stl_ros2/local_setup.dsv
[1.425s] -- Symlinking: /root/robot_ws/install/ldlidar_stl_ros2/share/ldlidar_stl_ros2/package.dsv
[1.454s] -- Up-to-date symlink: /root/robot_ws/install/ldlidar_stl_ros2/share/ament_index/resource_index/packages/ldlidar_stl_ros2
[1.458s] -- Up-to-date symlink: /root/robot_ws/install/ldlidar_stl_ros2/share/ldlidar_stl_ros2/cmake/ldlidar_stl_ros2Config.cmake
[1.460s] -- Up-to-date symlink: /root/robot_ws/install/ldlidar_stl_ros2/share/ldlidar_stl_ros2/cmake/ldlidar_stl_ros2Config-version.cmake
[1.463s] -- Up-to-date symlink: /root/robot_ws/install/ldlidar_stl_ros2/share/ldlidar_stl_ros2/package.xml
[1.469s] Invoked command in '/root/robot_ws/build/ldlidar_stl_ros2' returned '0': CMAKE_PREFIX_PATH=/opt/ros/jazzy /usr/bin/cmake --install /root/robot_ws/build/ldlidar_stl_ros2
