[0.461s] DEBUG:colcon:Command line arguments: ['/usr/bin/colcon', 'build', '--symlink-install']
[0.461s] DEBUG:colcon:Parsed command line arguments: Namespace(log_base=None, log_level=None, verb_name='build', build_base='build', install_base='install', merge_install=False, symlink_install=True, test_result_base=None, continue_on_error=False, executor='parallel', parallel_workers=4, event_handlers=None, ignore_user_meta=False, metas=['./colcon.meta'], base_paths=['.'], packages_ignore=None, packages_ignore_regex=None, paths=None, packages_up_to=None, packages_up_to_regex=None, packages_above=None, packages_above_and_dependencies=None, packages_above_depth=None, packages_select_by_dep=None, packages_skip_by_dep=None, packages_skip_up_to=None, packages_select_build_failed=False, packages_skip_build_finished=False, packages_select_test_failures=False, packages_skip_test_passed=False, packages_select=None, packages_skip=None, packages_select_regex=None, packages_skip_regex=None, packages_start=None, packages_end=None, cmake_args=None, cmake_target=None, cmake_target_skip_unavailable=False, cmake_clean_cache=False, cmake_clean_first=False, cmake_force_configure=False, ament_cmake_args=None, catkin_cmake_args=None, catkin_skip_building_tests=False, mixin_files=None, mixin=None, verb_parser=<colcon_mixin.mixin.mixin_argument.MixinArgumentDecorator object at 0x7fa4006390>, verb_extension=<colcon_core.verb.build.BuildVerb object at 0x7fa41eaa50>, main=<bound method BuildVerb.main of <colcon_core.verb.build.BuildVerb object at 0x7fa41eaa50>>, mixin_verb=('build',))
[0.620s] Level 1:colcon.colcon_core.package_discovery:discover_packages(colcon_meta) check parameters
[0.623s] INFO:colcon.colcon_metadata.package_discovery.colcon_meta:Using configuration from '/root/.colcon/metadata/default/Gazebo.meta'
[0.624s] INFO:colcon.colcon_metadata.package_discovery.colcon_meta:Using configuration from '/root/.colcon/metadata/default/fastdds.meta'
[0.626s] INFO:colcon.colcon_metadata.package_discovery.colcon_meta:Using configuration from '/root/.colcon/metadata/default/fastrtps.meta'
[0.626s] Level 1:colcon.colcon_core.package_discovery:discover_packages(recursive) check parameters
[0.626s] Level 1:colcon.colcon_core.package_discovery:discover_packages(ignore) check parameters
[0.626s] Level 1:colcon.colcon_core.package_discovery:discover_packages(path) check parameters
[0.626s] Level 1:colcon.colcon_core.package_discovery:discover_packages(colcon_meta) discover
[0.626s] Level 1:colcon.colcon_core.package_discovery:discover_packages(recursive) discover
[0.627s] INFO:colcon.colcon_core.package_discovery:Crawling recursively for packages in '/root/robot_ws'
[0.627s] Level 1:colcon.colcon_core.package_identification:_identify(.) by extensions ['ignore', 'ignore_ament_install']
[0.627s] Level 1:colcon.colcon_core.package_identification:_identify(.) by extension 'ignore'
[0.627s] Level 1:colcon.colcon_core.package_identification:_identify(.) by extension 'ignore_ament_install'
[0.628s] Level 1:colcon.colcon_core.package_identification:_identify(.) by extensions ['colcon_pkg']
[0.628s] Level 1:colcon.colcon_core.package_identification:_identify(.) by extension 'colcon_pkg'
[0.628s] Level 1:colcon.colcon_core.package_identification:_identify(.) by extensions ['colcon_meta']
[0.628s] Level 1:colcon.colcon_core.package_identification:_identify(.) by extension 'colcon_meta'
[0.628s] Level 1:colcon.colcon_core.package_identification:_identify(.) by extensions ['ros']
[0.628s] Level 1:colcon.colcon_core.package_identification:_identify(.) by extension 'ros'
[0.737s] Level 1:colcon.colcon_core.package_identification:_identify(.) by extensions ['cmake', 'python']
[0.737s] Level 1:colcon.colcon_core.package_identification:_identify(.) by extension 'cmake'
[0.737s] Level 1:colcon.colcon_core.package_identification:_identify(.) by extension 'python'
[0.738s] Level 1:colcon.colcon_core.package_identification:_identify(.) by extensions ['python_setup_py']
[0.738s] Level 1:colcon.colcon_core.package_identification:_identify(.) by extension 'python_setup_py'
[0.738s] Level 1:colcon.colcon_core.package_identification:_identify(build) by extensions ['ignore', 'ignore_ament_install']
[0.739s] Level 1:colcon.colcon_core.package_identification:_identify(build) by extension 'ignore'
[0.739s] Level 1:colcon.colcon_core.package_identification:_identify(build) ignored
[0.739s] Level 1:colcon.colcon_core.package_identification:_identify(install) by extensions ['ignore', 'ignore_ament_install']
[0.740s] Level 1:colcon.colcon_core.package_identification:_identify(install) by extension 'ignore'
[0.740s] Level 1:colcon.colcon_core.package_identification:_identify(install) ignored
[0.740s] Level 1:colcon.colcon_core.package_identification:_identify(log) by extensions ['ignore', 'ignore_ament_install']
[0.740s] Level 1:colcon.colcon_core.package_identification:_identify(log) by extension 'ignore'
[0.740s] Level 1:colcon.colcon_core.package_identification:_identify(log) ignored
[0.741s] Level 1:colcon.colcon_core.package_identification:_identify(src) by extensions ['ignore', 'ignore_ament_install']
[0.741s] Level 1:colcon.colcon_core.package_identification:_identify(src) by extension 'ignore'
[0.741s] Level 1:colcon.colcon_core.package_identification:_identify(src) by extension 'ignore_ament_install'
[0.742s] Level 1:colcon.colcon_core.package_identification:_identify(src) by extensions ['colcon_pkg']
[0.742s] Level 1:colcon.colcon_core.package_identification:_identify(src) by extension 'colcon_pkg'
[0.742s] Level 1:colcon.colcon_core.package_identification:_identify(src) by extensions ['colcon_meta']
[0.742s] Level 1:colcon.colcon_core.package_identification:_identify(src) by extension 'colcon_meta'
[0.742s] Level 1:colcon.colcon_core.package_identification:_identify(src) by extensions ['ros']
[0.742s] Level 1:colcon.colcon_core.package_identification:_identify(src) by extension 'ros'
[0.743s] Level 1:colcon.colcon_core.package_identification:_identify(src) by extensions ['cmake', 'python']
[0.743s] Level 1:colcon.colcon_core.package_identification:_identify(src) by extension 'cmake'
[0.743s] Level 1:colcon.colcon_core.package_identification:_identify(src) by extension 'python'
[0.743s] Level 1:colcon.colcon_core.package_identification:_identify(src) by extensions ['python_setup_py']
[0.743s] Level 1:colcon.colcon_core.package_identification:_identify(src) by extension 'python_setup_py'
[0.743s] Level 1:colcon.colcon_core.package_identification:_identify(src/ldlidar_ros2_ws) by extensions ['ignore', 'ignore_ament_install']
[0.744s] Level 1:colcon.colcon_core.package_identification:_identify(src/ldlidar_ros2_ws) by extension 'ignore'
[0.744s] Level 1:colcon.colcon_core.package_identification:_identify(src/ldlidar_ros2_ws) by extension 'ignore_ament_install'
[0.744s] Level 1:colcon.colcon_core.package_identification:_identify(src/ldlidar_ros2_ws) by extensions ['colcon_pkg']
[0.744s] Level 1:colcon.colcon_core.package_identification:_identify(src/ldlidar_ros2_ws) by extension 'colcon_pkg'
[0.744s] Level 1:colcon.colcon_core.package_identification:_identify(src/ldlidar_ros2_ws) by extensions ['colcon_meta']
[0.745s] Level 1:colcon.colcon_core.package_identification:_identify(src/ldlidar_ros2_ws) by extension 'colcon_meta'
[0.745s] Level 1:colcon.colcon_core.package_identification:_identify(src/ldlidar_ros2_ws) by extensions ['ros']
[0.745s] Level 1:colcon.colcon_core.package_identification:_identify(src/ldlidar_ros2_ws) by extension 'ros'
[0.745s] Level 1:colcon.colcon_core.package_identification:_identify(src/ldlidar_ros2_ws) by extensions ['cmake', 'python']
[0.745s] Level 1:colcon.colcon_core.package_identification:_identify(src/ldlidar_ros2_ws) by extension 'cmake'
[0.746s] Level 1:colcon.colcon_core.package_identification:_identify(src/ldlidar_ros2_ws) by extension 'python'
[0.746s] Level 1:colcon.colcon_core.package_identification:_identify(src/ldlidar_ros2_ws) by extensions ['python_setup_py']
[0.746s] Level 1:colcon.colcon_core.package_identification:_identify(src/ldlidar_ros2_ws) by extension 'python_setup_py'
[0.746s] Level 1:colcon.colcon_core.package_identification:_identify(src/ldlidar_ros2_ws/build) by extensions ['ignore', 'ignore_ament_install']
[0.746s] Level 1:colcon.colcon_core.package_identification:_identify(src/ldlidar_ros2_ws/build) by extension 'ignore'
[0.747s] Level 1:colcon.colcon_core.package_identification:_identify(src/ldlidar_ros2_ws/build) ignored
[0.747s] Level 1:colcon.colcon_core.package_identification:_identify(src/ldlidar_ros2_ws/install) by extensions ['ignore', 'ignore_ament_install']
[0.747s] Level 1:colcon.colcon_core.package_identification:_identify(src/ldlidar_ros2_ws/install) by extension 'ignore'
[0.747s] Level 1:colcon.colcon_core.package_identification:_identify(src/ldlidar_ros2_ws/install) ignored
[0.748s] Level 1:colcon.colcon_core.package_identification:_identify(src/ldlidar_ros2_ws/log) by extensions ['ignore', 'ignore_ament_install']
[0.748s] Level 1:colcon.colcon_core.package_identification:_identify(src/ldlidar_ros2_ws/log) by extension 'ignore'
[0.748s] Level 1:colcon.colcon_core.package_identification:_identify(src/ldlidar_ros2_ws/log) ignored
[0.748s] Level 1:colcon.colcon_core.package_identification:_identify(src/ldlidar_ros2_ws/src) by extensions ['ignore', 'ignore_ament_install']
[0.749s] Level 1:colcon.colcon_core.package_identification:_identify(src/ldlidar_ros2_ws/src) by extension 'ignore'
[0.749s] Level 1:colcon.colcon_core.package_identification:_identify(src/ldlidar_ros2_ws/src) by extension 'ignore_ament_install'
[0.749s] Level 1:colcon.colcon_core.package_identification:_identify(src/ldlidar_ros2_ws/src) by extensions ['colcon_pkg']
[0.749s] Level 1:colcon.colcon_core.package_identification:_identify(src/ldlidar_ros2_ws/src) by extension 'colcon_pkg'
[0.749s] Level 1:colcon.colcon_core.package_identification:_identify(src/ldlidar_ros2_ws/src) by extensions ['colcon_meta']
[0.750s] Level 1:colcon.colcon_core.package_identification:_identify(src/ldlidar_ros2_ws/src) by extension 'colcon_meta'
[0.750s] Level 1:colcon.colcon_core.package_identification:_identify(src/ldlidar_ros2_ws/src) by extensions ['ros']
[0.750s] Level 1:colcon.colcon_core.package_identification:_identify(src/ldlidar_ros2_ws/src) by extension 'ros'
[0.750s] Level 1:colcon.colcon_core.package_identification:_identify(src/ldlidar_ros2_ws/src) by extensions ['cmake', 'python']
[0.750s] Level 1:colcon.colcon_core.package_identification:_identify(src/ldlidar_ros2_ws/src) by extension 'cmake'
[0.750s] Level 1:colcon.colcon_core.package_identification:_identify(src/ldlidar_ros2_ws/src) by extension 'python'
[0.751s] Level 1:colcon.colcon_core.package_identification:_identify(src/ldlidar_ros2_ws/src) by extensions ['python_setup_py']
[0.751s] Level 1:colcon.colcon_core.package_identification:_identify(src/ldlidar_ros2_ws/src) by extension 'python_setup_py'
[0.751s] Level 1:colcon.colcon_core.package_identification:_identify(src/ldlidar_ros2_ws/src/ldlidar_stl_ros2) by extensions ['ignore', 'ignore_ament_install']
[0.751s] Level 1:colcon.colcon_core.package_identification:_identify(src/ldlidar_ros2_ws/src/ldlidar_stl_ros2) by extension 'ignore'
[0.752s] Level 1:colcon.colcon_core.package_identification:_identify(src/ldlidar_ros2_ws/src/ldlidar_stl_ros2) by extension 'ignore_ament_install'
[0.752s] Level 1:colcon.colcon_core.package_identification:_identify(src/ldlidar_ros2_ws/src/ldlidar_stl_ros2) by extensions ['colcon_pkg']
[0.752s] Level 1:colcon.colcon_core.package_identification:_identify(src/ldlidar_ros2_ws/src/ldlidar_stl_ros2) by extension 'colcon_pkg'
[0.752s] Level 1:colcon.colcon_core.package_identification:_identify(src/ldlidar_ros2_ws/src/ldlidar_stl_ros2) by extensions ['colcon_meta']
[0.752s] Level 1:colcon.colcon_core.package_identification:_identify(src/ldlidar_ros2_ws/src/ldlidar_stl_ros2) by extension 'colcon_meta'
[0.752s] Level 1:colcon.colcon_core.package_identification:_identify(src/ldlidar_ros2_ws/src/ldlidar_stl_ros2) by extensions ['ros']
[0.752s] Level 1:colcon.colcon_core.package_identification:_identify(src/ldlidar_ros2_ws/src/ldlidar_stl_ros2) by extension 'ros'
[0.761s] DEBUG:colcon.colcon_core.package_identification:Package 'src/ldlidar_ros2_ws/src/ldlidar_stl_ros2' with type 'ros.ament_cmake' and name 'ldlidar_stl_ros2'
[0.762s] Level 1:colcon.colcon_core.package_identification:_identify(src/thymio_project) by extensions ['ignore', 'ignore_ament_install']
[0.762s] Level 1:colcon.colcon_core.package_identification:_identify(src/thymio_project) by extension 'ignore'
[0.763s] Level 1:colcon.colcon_core.package_identification:_identify(src/thymio_project) by extension 'ignore_ament_install'
[0.763s] Level 1:colcon.colcon_core.package_identification:_identify(src/thymio_project) by extensions ['colcon_pkg']
[0.763s] Level 1:colcon.colcon_core.package_identification:_identify(src/thymio_project) by extension 'colcon_pkg'
[0.763s] Level 1:colcon.colcon_core.package_identification:_identify(src/thymio_project) by extensions ['colcon_meta']
[0.763s] Level 1:colcon.colcon_core.package_identification:_identify(src/thymio_project) by extension 'colcon_meta'
[0.763s] Level 1:colcon.colcon_core.package_identification:_identify(src/thymio_project) by extensions ['ros']
[0.763s] Level 1:colcon.colcon_core.package_identification:_identify(src/thymio_project) by extension 'ros'
[0.766s] DEBUG:colcon.colcon_core.package_identification:Package 'src/thymio_project' with type 'ros.ament_python' and name 'thymio_project'
[0.766s] Level 1:colcon.colcon_core.package_discovery:discover_packages(recursive) using defaults
[0.767s] Level 1:colcon.colcon_core.package_discovery:discover_packages(ignore) discover
[0.767s] Level 1:colcon.colcon_core.package_discovery:discover_packages(ignore) using defaults
[0.767s] Level 1:colcon.colcon_core.package_discovery:discover_packages(path) discover
[0.767s] Level 1:colcon.colcon_core.package_discovery:discover_packages(path) using defaults
[0.837s] Level 5:colcon.colcon_core.verb:set package 'ldlidar_stl_ros2' build argument 'cmake_args' from command line to 'None'
[0.838s] Level 5:colcon.colcon_core.verb:set package 'ldlidar_stl_ros2' build argument 'cmake_target' from command line to 'None'
[0.838s] Level 5:colcon.colcon_core.verb:set package 'ldlidar_stl_ros2' build argument 'cmake_target_skip_unavailable' from command line to 'False'
[0.838s] Level 5:colcon.colcon_core.verb:set package 'ldlidar_stl_ros2' build argument 'cmake_clean_cache' from command line to 'False'
[0.838s] Level 5:colcon.colcon_core.verb:set package 'ldlidar_stl_ros2' build argument 'cmake_clean_first' from command line to 'False'
[0.838s] Level 5:colcon.colcon_core.verb:set package 'ldlidar_stl_ros2' build argument 'cmake_force_configure' from command line to 'False'
[0.838s] Level 5:colcon.colcon_core.verb:set package 'ldlidar_stl_ros2' build argument 'ament_cmake_args' from command line to 'None'
[0.838s] Level 5:colcon.colcon_core.verb:set package 'ldlidar_stl_ros2' build argument 'catkin_cmake_args' from command line to 'None'
[0.838s] Level 5:colcon.colcon_core.verb:set package 'ldlidar_stl_ros2' build argument 'catkin_skip_building_tests' from command line to 'False'
[0.838s] DEBUG:colcon.colcon_core.verb:Building package 'ldlidar_stl_ros2' with the following arguments: {'ament_cmake_args': None, 'build_base': '/root/robot_ws/build/ldlidar_stl_ros2', 'catkin_cmake_args': None, 'catkin_skip_building_tests': False, 'cmake_args': None, 'cmake_clean_cache': False, 'cmake_clean_first': False, 'cmake_force_configure': False, 'cmake_target': None, 'cmake_target_skip_unavailable': False, 'install_base': '/root/robot_ws/install/ldlidar_stl_ros2', 'merge_install': False, 'path': '/root/robot_ws/src/ldlidar_ros2_ws/src/ldlidar_stl_ros2', 'symlink_install': True, 'test_result_base': None}
[0.840s] Level 5:colcon.colcon_core.verb:set package 'thymio_project' build argument 'cmake_args' from command line to 'None'
[0.840s] Level 5:colcon.colcon_core.verb:set package 'thymio_project' build argument 'cmake_target' from command line to 'None'
[0.840s] Level 5:colcon.colcon_core.verb:set package 'thymio_project' build argument 'cmake_target_skip_unavailable' from command line to 'False'
[0.840s] Level 5:colcon.colcon_core.verb:set package 'thymio_project' build argument 'cmake_clean_cache' from command line to 'False'
[0.840s] Level 5:colcon.colcon_core.verb:set package 'thymio_project' build argument 'cmake_clean_first' from command line to 'False'
[0.840s] Level 5:colcon.colcon_core.verb:set package 'thymio_project' build argument 'cmake_force_configure' from command line to 'False'
[0.840s] Level 5:colcon.colcon_core.verb:set package 'thymio_project' build argument 'ament_cmake_args' from command line to 'None'
[0.840s] Level 5:colcon.colcon_core.verb:set package 'thymio_project' build argument 'catkin_cmake_args' from command line to 'None'
[0.841s] Level 5:colcon.colcon_core.verb:set package 'thymio_project' build argument 'catkin_skip_building_tests' from command line to 'False'
[0.841s] DEBUG:colcon.colcon_core.verb:Building package 'thymio_project' with the following arguments: {'ament_cmake_args': None, 'build_base': '/root/robot_ws/build/thymio_project', 'catkin_cmake_args': None, 'catkin_skip_building_tests': False, 'cmake_args': None, 'cmake_clean_cache': False, 'cmake_clean_first': False, 'cmake_force_configure': False, 'cmake_target': None, 'cmake_target_skip_unavailable': False, 'install_base': '/root/robot_ws/install/thymio_project', 'merge_install': False, 'path': '/root/robot_ws/src/thymio_project', 'symlink_install': True, 'test_result_base': None}
[0.841s] INFO:colcon.colcon_core.executor:Executing jobs using 'parallel' executor
[0.844s] DEBUG:colcon.colcon_parallel_executor.executor.parallel:run_until_complete
[0.846s] INFO:colcon.colcon_ros.task.ament_cmake.build:Building ROS package in '/root/robot_ws/src/ldlidar_ros2_ws/src/ldlidar_stl_ros2' with build type 'ament_cmake'
[0.847s] INFO:colcon.colcon_cmake.task.cmake.build:Building CMake package in '/root/robot_ws/src/ldlidar_ros2_ws/src/ldlidar_stl_ros2'
[0.855s] INFO:colcon.colcon_core.plugin_system:Skipping extension 'colcon_core.shell.bat': Not used on non-Windows systems
[0.855s] INFO:colcon.colcon_core.shell:Skip shell extension 'powershell' for command environment: Not usable outside of PowerShell
[0.856s] DEBUG:colcon.colcon_core.shell:Skip shell extension 'dsv' for command environment
[0.871s] INFO:colcon.colcon_ros.task.ament_python.build:Building ROS package in '/root/robot_ws/src/thymio_project' with build type 'ament_python'
[0.872s] Level 1:colcon.colcon_core.shell:create_environment_hook('thymio_project', 'ament_prefix_path')
[0.873s] INFO:colcon.colcon_core.shell:Creating environment hook '/root/robot_ws/install/thymio_project/share/thymio_project/hook/ament_prefix_path.ps1'
[0.876s] INFO:colcon.colcon_core.shell:Creating environment descriptor '/root/robot_ws/install/thymio_project/share/thymio_project/hook/ament_prefix_path.dsv'
[0.878s] INFO:colcon.colcon_core.shell:Creating environment hook '/root/robot_ws/install/thymio_project/share/thymio_project/hook/ament_prefix_path.sh'
[0.881s] INFO:colcon.colcon_core.shell:Skip shell extension 'powershell' for command environment: Not usable outside of PowerShell
[0.881s] DEBUG:colcon.colcon_core.shell:Skip shell extension 'dsv' for command environment
[0.904s] DEBUG:colcon.colcon_core.event_handler.log_command:Invoking command in '/root/robot_ws/build/ldlidar_stl_ros2': CMAKE_PREFIX_PATH=${CMAKE_PREFIX_PATH}:/root/robot_ws/install/thymio_project:/opt/ros/jazzy /usr/bin/cmake --build /root/robot_ws/build/ldlidar_stl_ros2 -- -j4 -l4
[1.775s] INFO:colcon.colcon_core.task.python.build:Building Python package in '/root/robot_ws/src/thymio_project'
[1.776s] INFO:colcon.colcon_core.shell:Skip shell extension 'powershell' for command environment: Not usable outside of PowerShell
[1.776s] DEBUG:colcon.colcon_core.shell:Skip shell extension 'dsv' for command environment
[1.791s] DEBUG:colcon.colcon_core.event_handler.log_command:Invoked command in '/root/robot_ws/build/ldlidar_stl_ros2' returned '0': CMAKE_PREFIX_PATH=${CMAKE_PREFIX_PATH}:/root/robot_ws/install/thymio_project:/opt/ros/jazzy /usr/bin/cmake --build /root/robot_ws/build/ldlidar_stl_ros2 -- -j4 -l4
[1.822s] DEBUG:colcon.colcon_core.event_handler.log_command:Invoking command in '/root/robot_ws/build/ldlidar_stl_ros2': CMAKE_PREFIX_PATH=${CMAKE_PREFIX_PATH}:/root/robot_ws/install/thymio_project:/opt/ros/jazzy /usr/bin/cmake --install /root/robot_ws/build/ldlidar_stl_ros2
[1.903s] Level 1:colcon.colcon_core.environment:create_environment_scripts_only(ldlidar_stl_ros2)
[1.906s] DEBUG:colcon.colcon_core.event_handler.log_command:Invoked command in '/root/robot_ws/build/ldlidar_stl_ros2' returned '0': CMAKE_PREFIX_PATH=${CMAKE_PREFIX_PATH}:/root/robot_ws/install/thymio_project:/opt/ros/jazzy /usr/bin/cmake --install /root/robot_ws/build/ldlidar_stl_ros2
[1.915s] Level 1:colcon.colcon_core.environment:checking '/root/robot_ws/install/ldlidar_stl_ros2' for CMake module files
[1.918s] Level 1:colcon.colcon_core.environment:checking '/root/robot_ws/install/ldlidar_stl_ros2' for CMake config files
[1.919s] Level 1:colcon.colcon_core.shell:create_environment_hook('ldlidar_stl_ros2', 'cmake_prefix_path')
[1.920s] INFO:colcon.colcon_core.shell:Creating environment hook '/root/robot_ws/install/ldlidar_stl_ros2/share/ldlidar_stl_ros2/hook/cmake_prefix_path.ps1'
[1.922s] INFO:colcon.colcon_core.shell:Creating environment descriptor '/root/robot_ws/install/ldlidar_stl_ros2/share/ldlidar_stl_ros2/hook/cmake_prefix_path.dsv'
[1.925s] INFO:colcon.colcon_core.shell:Creating environment hook '/root/robot_ws/install/ldlidar_stl_ros2/share/ldlidar_stl_ros2/hook/cmake_prefix_path.sh'
[1.928s] Level 1:colcon.colcon_core.environment:checking '/root/robot_ws/install/ldlidar_stl_ros2/lib'
[1.929s] Level 1:colcon.colcon_core.environment:checking '/root/robot_ws/install/ldlidar_stl_ros2/bin'
[1.930s] Level 1:colcon.colcon_core.environment:checking '/root/robot_ws/install/ldlidar_stl_ros2/lib/pkgconfig/ldlidar_stl_ros2.pc'
[1.931s] Level 1:colcon.colcon_core.environment:checking '/root/robot_ws/install/ldlidar_stl_ros2/lib/python3.12/site-packages'
[1.934s] Level 1:colcon.colcon_core.environment:checking '/root/robot_ws/install/ldlidar_stl_ros2/bin'
[1.936s] INFO:colcon.colcon_core.shell:Creating package script '/root/robot_ws/install/ldlidar_stl_ros2/share/ldlidar_stl_ros2/package.ps1'
[1.940s] INFO:colcon.colcon_core.shell:Creating package descriptor '/root/robot_ws/install/ldlidar_stl_ros2/share/ldlidar_stl_ros2/package.dsv'
[1.943s] INFO:colcon.colcon_core.shell:Creating package script '/root/robot_ws/install/ldlidar_stl_ros2/share/ldlidar_stl_ros2/package.sh'
[1.947s] INFO:colcon.colcon_core.shell:Creating package script '/root/robot_ws/install/ldlidar_stl_ros2/share/ldlidar_stl_ros2/package.bash'
[1.952s] INFO:colcon.colcon_core.shell:Creating package script '/root/robot_ws/install/ldlidar_stl_ros2/share/ldlidar_stl_ros2/package.zsh'
[1.955s] Level 1:colcon.colcon_core.environment:create_file_with_runtime_dependencies(/root/robot_ws/install/ldlidar_stl_ros2/share/colcon-core/packages/ldlidar_stl_ros2)
[1.959s] Level 1:colcon.colcon_core.environment:create_environment_scripts_only(ldlidar_stl_ros2)
[1.959s] Level 1:colcon.colcon_core.environment:checking '/root/robot_ws/install/ldlidar_stl_ros2' for CMake module files
[1.963s] Level 1:colcon.colcon_core.environment:checking '/root/robot_ws/install/ldlidar_stl_ros2' for CMake config files
[1.964s] Level 1:colcon.colcon_core.shell:create_environment_hook('ldlidar_stl_ros2', 'cmake_prefix_path')
[1.965s] INFO:colcon.colcon_core.shell:Creating environment hook '/root/robot_ws/install/ldlidar_stl_ros2/share/ldlidar_stl_ros2/hook/cmake_prefix_path.ps1'
[1.967s] INFO:colcon.colcon_core.shell:Creating environment descriptor '/root/robot_ws/install/ldlidar_stl_ros2/share/ldlidar_stl_ros2/hook/cmake_prefix_path.dsv'
[1.969s] INFO:colcon.colcon_core.shell:Creating environment hook '/root/robot_ws/install/ldlidar_stl_ros2/share/ldlidar_stl_ros2/hook/cmake_prefix_path.sh'
[1.973s] Level 1:colcon.colcon_core.environment:checking '/root/robot_ws/install/ldlidar_stl_ros2/lib'
[1.973s] Level 1:colcon.colcon_core.environment:checking '/root/robot_ws/install/ldlidar_stl_ros2/bin'
[1.974s] Level 1:colcon.colcon_core.environment:checking '/root/robot_ws/install/ldlidar_stl_ros2/lib/pkgconfig/ldlidar_stl_ros2.pc'
[1.975s] Level 1:colcon.colcon_core.environment:checking '/root/robot_ws/install/ldlidar_stl_ros2/lib/python3.12/site-packages'
[1.977s] Level 1:colcon.colcon_core.environment:checking '/root/robot_ws/install/ldlidar_stl_ros2/bin'
[1.979s] INFO:colcon.colcon_core.shell:Creating package script '/root/robot_ws/install/ldlidar_stl_ros2/share/ldlidar_stl_ros2/package.ps1'
[1.982s] INFO:colcon.colcon_core.shell:Creating package descriptor '/root/robot_ws/install/ldlidar_stl_ros2/share/ldlidar_stl_ros2/package.dsv'
[1.985s] INFO:colcon.colcon_core.shell:Creating package script '/root/robot_ws/install/ldlidar_stl_ros2/share/ldlidar_stl_ros2/package.sh'
[1.989s] INFO:colcon.colcon_core.shell:Creating package script '/root/robot_ws/install/ldlidar_stl_ros2/share/ldlidar_stl_ros2/package.bash'
[1.991s] INFO:colcon.colcon_core.shell:Creating package script '/root/robot_ws/install/ldlidar_stl_ros2/share/ldlidar_stl_ros2/package.zsh'
[1.993s] Level 1:colcon.colcon_core.environment:create_file_with_runtime_dependencies(/root/robot_ws/install/ldlidar_stl_ros2/share/colcon-core/packages/ldlidar_stl_ros2)
[3.898s] DEBUG:colcon.colcon_core.event_handler.log_command:Invoking command in '/root/robot_ws/build/thymio_project': PYTHONPATH=/root/robot_ws/build/thymio_project/prefix_override:/usr/lib/python3/dist-packages/colcon_core/task/python/colcon_distutils_commands:/root/robot_ws/install/thymio_project/lib/python3.12/site-packages:${PYTHONPATH} /usr/bin/python3 -W ignore:setup.py install is deprecated -W ignore:easy_install command is deprecated setup.py develop --editable --build-directory /root/robot_ws/build/thymio_project/build --no-deps symlink_data
[6.040s] Level 1:colcon.colcon_core.shell:create_environment_hook('thymio_project', 'pythonpath_develop')
[6.041s] INFO:colcon.colcon_core.shell:Creating environment hook '/root/robot_ws/build/thymio_project/share/thymio_project/hook/pythonpath_develop.ps1'
[6.042s] DEBUG:colcon.colcon_core.event_handler.log_command:Invoked command in '/root/robot_ws/build/thymio_project' returned '0': PYTHONPATH=/root/robot_ws/build/thymio_project/prefix_override:/usr/lib/python3/dist-packages/colcon_core/task/python/colcon_distutils_commands:/root/robot_ws/install/thymio_project/lib/python3.12/site-packages:${PYTHONPATH} /usr/bin/python3 -W ignore:setup.py install is deprecated -W ignore:easy_install command is deprecated setup.py develop --editable --build-directory /root/robot_ws/build/thymio_project/build --no-deps symlink_data
[6.043s] INFO:colcon.colcon_core.shell:Creating environment descriptor '/root/robot_ws/build/thymio_project/share/thymio_project/hook/pythonpath_develop.dsv'
[6.045s] INFO:colcon.colcon_core.shell:Creating environment hook '/root/robot_ws/build/thymio_project/share/thymio_project/hook/pythonpath_develop.sh'
[6.047s] Level 1:colcon.colcon_core.environment:checking '/root/robot_ws/install/thymio_project' for CMake module files
[6.050s] Level 1:colcon.colcon_core.environment:checking '/root/robot_ws/install/thymio_project' for CMake config files
[6.051s] Level 1:colcon.colcon_core.environment:checking '/root/robot_ws/install/thymio_project/lib'
[6.052s] Level 1:colcon.colcon_core.environment:checking '/root/robot_ws/install/thymio_project/bin'
[6.052s] Level 1:colcon.colcon_core.environment:checking '/root/robot_ws/install/thymio_project/lib/pkgconfig/thymio_project.pc'
[6.053s] Level 1:colcon.colcon_core.environment:checking '/root/robot_ws/install/thymio_project/lib/python3.12/site-packages'
[6.053s] Level 1:colcon.colcon_core.shell:create_environment_hook('thymio_project', 'pythonpath')
[6.054s] INFO:colcon.colcon_core.shell:Creating environment hook '/root/robot_ws/install/thymio_project/share/thymio_project/hook/pythonpath.ps1'
[6.056s] INFO:colcon.colcon_core.shell:Creating environment descriptor '/root/robot_ws/install/thymio_project/share/thymio_project/hook/pythonpath.dsv'
[6.057s] INFO:colcon.colcon_core.shell:Creating environment hook '/root/robot_ws/install/thymio_project/share/thymio_project/hook/pythonpath.sh'
[6.060s] Level 1:colcon.colcon_core.environment:checking '/root/robot_ws/install/thymio_project/bin'
[6.060s] Level 1:colcon.colcon_core.environment:create_environment_scripts_only(thymio_project)
[6.061s] INFO:colcon.colcon_core.shell:Creating package script '/root/robot_ws/install/thymio_project/share/thymio_project/package.ps1'
[6.063s] INFO:colcon.colcon_core.shell:Creating package descriptor '/root/robot_ws/install/thymio_project/share/thymio_project/package.dsv'
[6.066s] INFO:colcon.colcon_core.shell:Creating package script '/root/robot_ws/install/thymio_project/share/thymio_project/package.sh'
[6.067s] INFO:colcon.colcon_core.shell:Creating package script '/root/robot_ws/install/thymio_project/share/thymio_project/package.bash'
[6.069s] INFO:colcon.colcon_core.shell:Creating package script '/root/robot_ws/install/thymio_project/share/thymio_project/package.zsh'
[6.070s] Level 1:colcon.colcon_core.environment:create_file_with_runtime_dependencies(/root/robot_ws/install/thymio_project/share/colcon-core/packages/thymio_project)
[6.072s] DEBUG:colcon.colcon_parallel_executor.executor.parallel:closing loop
[6.073s] DEBUG:colcon.colcon_parallel_executor.executor.parallel:loop closed
[6.074s] DEBUG:colcon.colcon_parallel_executor.executor.parallel:run_until_complete finished with '0'
[6.075s] DEBUG:colcon.colcon_core.event_reactor:joining thread
[6.100s] INFO:colcon.colcon_core.plugin_system:Skipping extension 'colcon_notification.desktop_notification.notify_send': Could not find 'notify-send'
[6.100s] INFO:colcon.colcon_core.plugin_system:Skipping extension 'colcon_notification.desktop_notification.terminal_notifier': Not used on non-Darwin systems
[6.100s] INFO:colcon.colcon_core.plugin_system:Skipping extension 'colcon_notification.desktop_notification.win32': Not used on non-Windows systems
[6.100s] INFO:colcon.colcon_notification.desktop_notification:Sending desktop notification using 'notify2'
[6.101s] DEBUG:colcon.colcon_notification.desktop_notification.notify2:Failed to initialize notify2: org.freedesktop.DBus.Error.NotSupported: Unable to autolaunch a dbus-daemon without a $DISPLAY for X11
[6.101s] DEBUG:colcon.colcon_core.event_reactor:joined thread
[6.102s] INFO:colcon.colcon_core.shell:Creating prefix script '/root/robot_ws/install/local_setup.ps1'
[6.105s] INFO:colcon.colcon_core.shell:Creating prefix util module '/root/robot_ws/install/_local_setup_util_ps1.py'
[6.109s] INFO:colcon.colcon_core.shell:Creating prefix chain script '/root/robot_ws/install/setup.ps1'
[6.113s] INFO:colcon.colcon_core.shell:Creating prefix script '/root/robot_ws/install/local_setup.sh'
[6.115s] INFO:colcon.colcon_core.shell:Creating prefix util module '/root/robot_ws/install/_local_setup_util_sh.py'
[6.117s] INFO:colcon.colcon_core.shell:Creating prefix chain script '/root/robot_ws/install/setup.sh'
[6.121s] INFO:colcon.colcon_core.shell:Creating prefix script '/root/robot_ws/install/local_setup.bash'
[6.123s] INFO:colcon.colcon_core.shell:Creating prefix chain script '/root/robot_ws/install/setup.bash'
[6.127s] INFO:colcon.colcon_core.shell:Creating prefix script '/root/robot_ws/install/local_setup.zsh'
[6.128s] INFO:colcon.colcon_core.shell:Creating prefix chain script '/root/robot_ws/install/setup.zsh'
