[0.457s] DEBUG:colcon:Command line arguments: ['/usr/bin/colcon', 'build', '--symlink-install']
[0.458s] DEBUG:colcon:Parsed command line arguments: Namespace(log_base=None, log_level=None, verb_name='build', build_base='build', install_base='install', merge_install=False, symlink_install=True, test_result_base=None, continue_on_error=False, executor='parallel', parallel_workers=4, event_handlers=None, ignore_user_meta=False, metas=['./colcon.meta'], base_paths=['.'], packages_ignore=None, packages_ignore_regex=None, paths=None, packages_up_to=None, packages_up_to_regex=None, packages_above=None, packages_above_and_dependencies=None, packages_above_depth=None, packages_select_by_dep=None, packages_skip_by_dep=None, packages_skip_up_to=None, packages_select_build_failed=False, packages_skip_build_finished=False, packages_select_test_failures=False, packages_skip_test_passed=False, packages_select=None, packages_skip=None, packages_select_regex=None, packages_skip_regex=None, packages_start=None, packages_end=None, cmake_args=None, cmake_target=None, cmake_target_skip_unavailable=False, cmake_clean_cache=False, cmake_clean_first=False, cmake_force_configure=False, ament_cmake_args=None, catkin_cmake_args=None, catkin_skip_building_tests=False, mixin_files=None, mixin=None, verb_parser=<colcon_mixin.mixin.mixin_argument.MixinArgumentDecorator object at 0x7fb4a16450>, verb_extension=<colcon_core.verb.build.BuildVerb object at 0x7fb4c4bce0>, main=<bound method BuildVerb.main of <colcon_core.verb.build.BuildVerb object at 0x7fb4c4bce0>>, mixin_verb=('build',))
[0.618s] Level 1:colcon.colcon_core.package_discovery:discover_packages(colcon_meta) check parameters
[0.621s] INFO:colcon.colcon_metadata.package_discovery.colcon_meta:Using configuration from '/root/.colcon/metadata/default/Gazebo.meta'
[0.622s] INFO:colcon.colcon_metadata.package_discovery.colcon_meta:Using configuration from '/root/.colcon/metadata/default/fastdds.meta'
[0.624s] INFO:colcon.colcon_metadata.package_discovery.colcon_meta:Using configuration from '/root/.colcon/metadata/default/fastrtps.meta'
[0.624s] Level 1:colcon.colcon_core.package_discovery:discover_packages(recursive) check parameters
[0.624s] Level 1:colcon.colcon_core.package_discovery:discover_packages(ignore) check parameters
[0.624s] Level 1:colcon.colcon_core.package_discovery:discover_packages(path) check parameters
[0.624s] Level 1:colcon.colcon_core.package_discovery:discover_packages(colcon_meta) discover
[0.625s] Level 1:colcon.colcon_core.package_discovery:discover_packages(recursive) discover
[0.625s] INFO:colcon.colcon_core.package_discovery:Crawling recursively for packages in '/root/robot_ws/src/thymio_project'
[0.625s] Level 1:colcon.colcon_core.package_identification:_identify(.) by extensions ['ignore', 'ignore_ament_install']
[0.625s] Level 1:colcon.colcon_core.package_identification:_identify(.) by extension 'ignore'
[0.626s] Level 1:colcon.colcon_core.package_identification:_identify(.) by extension 'ignore_ament_install'
[0.626s] Level 1:colcon.colcon_core.package_identification:_identify(.) by extensions ['colcon_pkg']
[0.626s] Level 1:colcon.colcon_core.package_identification:_identify(.) by extension 'colcon_pkg'
[0.626s] Level 1:colcon.colcon_core.package_identification:_identify(.) by extensions ['colcon_meta']
[0.626s] Level 1:colcon.colcon_core.package_identification:_identify(.) by extension 'colcon_meta'
[0.626s] Level 1:colcon.colcon_core.package_identification:_identify(.) by extensions ['ros']
[0.626s] Level 1:colcon.colcon_core.package_identification:_identify(.) by extension 'ros'
[0.745s] DEBUG:colcon.colcon_core.package_identification:Package '.' with type 'ros.ament_python' and name 'thymio_project'
[0.745s] Level 1:colcon.colcon_core.package_discovery:discover_packages(recursive) using defaults
[0.745s] Level 1:colcon.colcon_core.package_discovery:discover_packages(ignore) discover
[0.745s] Level 1:colcon.colcon_core.package_discovery:discover_packages(ignore) using defaults
[0.745s] Level 1:colcon.colcon_core.package_discovery:discover_packages(path) discover
[0.745s] Level 1:colcon.colcon_core.package_discovery:discover_packages(path) using defaults
[0.816s] Level 5:colcon.colcon_core.verb:set package 'thymio_project' build argument 'cmake_args' from command line to 'None'
[0.816s] Level 5:colcon.colcon_core.verb:set package 'thymio_project' build argument 'cmake_target' from command line to 'None'
[0.816s] Level 5:colcon.colcon_core.verb:set package 'thymio_project' build argument 'cmake_target_skip_unavailable' from command line to 'False'
[0.816s] Level 5:colcon.colcon_core.verb:set package 'thymio_project' build argument 'cmake_clean_cache' from command line to 'False'
[0.817s] Level 5:colcon.colcon_core.verb:set package 'thymio_project' build argument 'cmake_clean_first' from command line to 'False'
[0.817s] Level 5:colcon.colcon_core.verb:set package 'thymio_project' build argument 'cmake_force_configure' from command line to 'False'
[0.817s] Level 5:colcon.colcon_core.verb:set package 'thymio_project' build argument 'ament_cmake_args' from command line to 'None'
[0.817s] Level 5:colcon.colcon_core.verb:set package 'thymio_project' build argument 'catkin_cmake_args' from command line to 'None'
[0.817s] Level 5:colcon.colcon_core.verb:set package 'thymio_project' build argument 'catkin_skip_building_tests' from command line to 'False'
[0.817s] DEBUG:colcon.colcon_core.verb:Building package 'thymio_project' with the following arguments: {'ament_cmake_args': None, 'build_base': '/root/robot_ws/src/thymio_project/build/thymio_project', 'catkin_cmake_args': None, 'catkin_skip_building_tests': False, 'cmake_args': None, 'cmake_clean_cache': False, 'cmake_clean_first': False, 'cmake_force_configure': False, 'cmake_target': None, 'cmake_target_skip_unavailable': False, 'install_base': '/root/robot_ws/src/thymio_project/install/thymio_project', 'merge_install': False, 'path': '/root/robot_ws/src/thymio_project', 'symlink_install': True, 'test_result_base': None}
[0.817s] INFO:colcon.colcon_core.executor:Executing jobs using 'parallel' executor
[0.820s] DEBUG:colcon.colcon_parallel_executor.executor.parallel:run_until_complete
[0.822s] INFO:colcon.colcon_ros.task.ament_python.build:Building ROS package in '/root/robot_ws/src/thymio_project' with build type 'ament_python'
[0.822s] Level 1:colcon.colcon_core.shell:create_environment_hook('thymio_project', 'ament_prefix_path')
[0.830s] INFO:colcon.colcon_core.plugin_system:Skipping extension 'colcon_core.shell.bat': Not used on non-Windows systems
[0.831s] INFO:colcon.colcon_core.shell:Creating environment hook '/root/robot_ws/src/thymio_project/install/thymio_project/share/thymio_project/hook/ament_prefix_path.ps1'
[0.833s] INFO:colcon.colcon_core.shell:Creating environment descriptor '/root/robot_ws/src/thymio_project/install/thymio_project/share/thymio_project/hook/ament_prefix_path.dsv'
[0.835s] INFO:colcon.colcon_core.shell:Creating environment hook '/root/robot_ws/src/thymio_project/install/thymio_project/share/thymio_project/hook/ament_prefix_path.sh'
[0.838s] INFO:colcon.colcon_core.shell:Skip shell extension 'powershell' for command environment: Not usable outside of PowerShell
[0.838s] DEBUG:colcon.colcon_core.shell:Skip shell extension 'dsv' for command environment
[1.685s] INFO:colcon.colcon_core.task.python.build:Building Python package in '/root/robot_ws/src/thymio_project'
[1.686s] INFO:colcon.colcon_core.shell:Skip shell extension 'powershell' for command environment: Not usable outside of PowerShell
[1.686s] DEBUG:colcon.colcon_core.shell:Skip shell extension 'dsv' for command environment
[3.766s] DEBUG:colcon.colcon_core.event_handler.log_command:Invoking command in '/root/robot_ws/src/thymio_project/build/thymio_project': PYTHONPATH=/root/robot_ws/src/thymio_project/build/thymio_project/prefix_override:/usr/lib/python3/dist-packages/colcon_core/task/python/colcon_distutils_commands:/root/robot_ws/src/thymio_project/install/thymio_project/lib/python3.12/site-packages:${PYTHONPATH} /usr/bin/python3 -W ignore:setup.py install is deprecated -W ignore:easy_install command is deprecated setup.py develop --editable --build-directory /root/robot_ws/src/thymio_project/build/thymio_project/build --no-deps symlink_data
[5.917s] Level 1:colcon.colcon_core.shell:create_environment_hook('thymio_project', 'pythonpath_develop')
[5.918s] INFO:colcon.colcon_core.shell:Creating environment hook '/root/robot_ws/src/thymio_project/build/thymio_project/share/thymio_project/hook/pythonpath_develop.ps1'
[5.919s] DEBUG:colcon.colcon_core.event_handler.log_command:Invoked command in '/root/robot_ws/src/thymio_project/build/thymio_project' returned '0': PYTHONPATH=/root/robot_ws/src/thymio_project/build/thymio_project/prefix_override:/usr/lib/python3/dist-packages/colcon_core/task/python/colcon_distutils_commands:/root/robot_ws/src/thymio_project/install/thymio_project/lib/python3.12/site-packages:${PYTHONPATH} /usr/bin/python3 -W ignore:setup.py install is deprecated -W ignore:easy_install command is deprecated setup.py develop --editable --build-directory /root/robot_ws/src/thymio_project/build/thymio_project/build --no-deps symlink_data
[5.920s] INFO:colcon.colcon_core.shell:Creating environment descriptor '/root/robot_ws/src/thymio_project/build/thymio_project/share/thymio_project/hook/pythonpath_develop.dsv'
[5.922s] INFO:colcon.colcon_core.shell:Creating environment hook '/root/robot_ws/src/thymio_project/build/thymio_project/share/thymio_project/hook/pythonpath_develop.sh'
[5.932s] Level 1:colcon.colcon_core.environment:checking '/root/robot_ws/src/thymio_project/install/thymio_project' for CMake module files
[5.934s] Level 1:colcon.colcon_core.environment:checking '/root/robot_ws/src/thymio_project/install/thymio_project' for CMake config files
[5.936s] Level 1:colcon.colcon_core.environment:checking '/root/robot_ws/src/thymio_project/install/thymio_project/lib'
[5.937s] Level 1:colcon.colcon_core.environment:checking '/root/robot_ws/src/thymio_project/install/thymio_project/bin'
[5.937s] Level 1:colcon.colcon_core.environment:checking '/root/robot_ws/src/thymio_project/install/thymio_project/lib/pkgconfig/thymio_project.pc'
[5.938s] Level 1:colcon.colcon_core.environment:checking '/root/robot_ws/src/thymio_project/install/thymio_project/lib/python3.12/site-packages'
[5.939s] Level 1:colcon.colcon_core.shell:create_environment_hook('thymio_project', 'pythonpath')
[5.939s] INFO:colcon.colcon_core.shell:Creating environment hook '/root/robot_ws/src/thymio_project/install/thymio_project/share/thymio_project/hook/pythonpath.ps1'
[5.941s] INFO:colcon.colcon_core.shell:Creating environment descriptor '/root/robot_ws/src/thymio_project/install/thymio_project/share/thymio_project/hook/pythonpath.dsv'
[5.942s] INFO:colcon.colcon_core.shell:Creating environment hook '/root/robot_ws/src/thymio_project/install/thymio_project/share/thymio_project/hook/pythonpath.sh'
[5.945s] Level 1:colcon.colcon_core.environment:checking '/root/robot_ws/src/thymio_project/install/thymio_project/bin'
[5.946s] Level 1:colcon.colcon_core.environment:create_environment_scripts_only(thymio_project)
[5.947s] INFO:colcon.colcon_core.shell:Creating package script '/root/robot_ws/src/thymio_project/install/thymio_project/share/thymio_project/package.ps1'
[5.950s] INFO:colcon.colcon_core.shell:Creating package descriptor '/root/robot_ws/src/thymio_project/install/thymio_project/share/thymio_project/package.dsv'
[5.952s] INFO:colcon.colcon_core.shell:Creating package script '/root/robot_ws/src/thymio_project/install/thymio_project/share/thymio_project/package.sh'
[5.957s] INFO:colcon.colcon_core.shell:Creating package script '/root/robot_ws/src/thymio_project/install/thymio_project/share/thymio_project/package.bash'
[5.959s] INFO:colcon.colcon_core.shell:Creating package script '/root/robot_ws/src/thymio_project/install/thymio_project/share/thymio_project/package.zsh'
[5.962s] Level 1:colcon.colcon_core.environment:create_file_with_runtime_dependencies(/root/robot_ws/src/thymio_project/install/thymio_project/share/colcon-core/packages/thymio_project)
[5.963s] DEBUG:colcon.colcon_parallel_executor.executor.parallel:closing loop
[5.963s] DEBUG:colcon.colcon_parallel_executor.executor.parallel:loop closed
[5.964s] DEBUG:colcon.colcon_parallel_executor.executor.parallel:run_until_complete finished with '0'
[5.964s] DEBUG:colcon.colcon_core.event_reactor:joining thread
[5.992s] INFO:colcon.colcon_core.plugin_system:Skipping extension 'colcon_notification.desktop_notification.notify_send': Could not find 'notify-send'
[5.993s] INFO:colcon.colcon_core.plugin_system:Skipping extension 'colcon_notification.desktop_notification.terminal_notifier': Not used on non-Darwin systems
[5.993s] INFO:colcon.colcon_core.plugin_system:Skipping extension 'colcon_notification.desktop_notification.win32': Not used on non-Windows systems
[5.993s] INFO:colcon.colcon_notification.desktop_notification:Sending desktop notification using 'notify2'
[5.993s] DEBUG:colcon.colcon_notification.desktop_notification.notify2:Failed to initialize notify2: org.freedesktop.DBus.Error.NotSupported: Unable to autolaunch a dbus-daemon without a $DISPLAY for X11
[5.994s] DEBUG:colcon.colcon_core.event_reactor:joined thread
[5.994s] INFO:colcon.colcon_core.shell:Creating prefix script '/root/robot_ws/src/thymio_project/install/local_setup.ps1'
[5.997s] INFO:colcon.colcon_core.shell:Creating prefix util module '/root/robot_ws/src/thymio_project/install/_local_setup_util_ps1.py'
[6.002s] INFO:colcon.colcon_core.shell:Creating prefix chain script '/root/robot_ws/src/thymio_project/install/setup.ps1'
[6.006s] INFO:colcon.colcon_core.shell:Creating prefix script '/root/robot_ws/src/thymio_project/install/local_setup.sh'
[6.008s] INFO:colcon.colcon_core.shell:Creating prefix util module '/root/robot_ws/src/thymio_project/install/_local_setup_util_sh.py'
[6.010s] INFO:colcon.colcon_core.shell:Creating prefix chain script '/root/robot_ws/src/thymio_project/install/setup.sh'
[6.014s] INFO:colcon.colcon_core.shell:Creating prefix script '/root/robot_ws/src/thymio_project/install/local_setup.bash'
[6.016s] INFO:colcon.colcon_core.shell:Creating prefix chain script '/root/robot_ws/src/thymio_project/install/setup.bash'
[6.020s] INFO:colcon.colcon_core.shell:Creating prefix script '/root/robot_ws/src/thymio_project/install/local_setup.zsh'
[6.022s] INFO:colcon.colcon_core.shell:Creating prefix chain script '/root/robot_ws/src/thymio_project/install/setup.zsh'
