[0.934s] Invoking command in '/home/rafael/mb_project/build/thymio_project': DEBUGINFOD_URLS=https://debuginfod.ubuntu.com PYTHONPATH=/home/rafael/mb_project/build/thymio_project/prefix_override:/usr/lib/python3/dist-packages/colcon_core/task/python/colcon_distutils_commands:/home/rafael/mb_project/install/thymio_project/lib/python3.12/site-packages:${PYTHONPATH} /usr/bin/python3 -W ignore:setup.py install is deprecated -W ignore:easy_install command is deprecated setup.py develop --editable --build-directory /home/rafael/mb_project/build/thymio_project/build --no-deps symlink_data
[1.311s] running develop
[1.518s] /usr/lib/python3/dist-packages/setuptools/command/easy_install.py:363: UserWarning: Unbuilt egg for pytest-repeat [unknown version] (/usr/lib/python3/dist-packages)
[1.518s]   self.local_index = Environment(self.shadow_path + sys.path)
[1.564s] running egg_info
[1.589s] writing thymio_project.egg-info/PKG-INFO
[1.589s] writing dependency_links to thymio_project.egg-info/dependency_links.txt
[1.590s] writing entry points to thymio_project.egg-info/entry_points.txt
[1.590s] writing requirements to thymio_project.egg-info/requires.txt
[1.590s] writing top-level names to thymio_project.egg-info/top_level.txt
[1.640s] reading manifest file 'thymio_project.egg-info/SOURCES.txt'
[1.640s] writing manifest file 'thymio_project.egg-info/SOURCES.txt'
[1.666s] running build_ext
[1.666s] Creating /home/rafael/mb_project/install/thymio_project/lib/python3.12/site-packages/thymio-project.egg-link (link to .)
[1.667s] Installing main script to /home/rafael/mb_project/install/thymio_project/lib/thymio_project
[1.667s] 
[1.668s] Installed /home/rafael/mb_project/build/thymio_project
[1.668s] running symlink_data
[1.668s] symbolically linking /home/rafael/mb_project/build/thymio_project/launch/pc_server.launch.py -> /home/rafael/mb_project/install/thymio_project/share/thymio_project/launch
[1.700s] Invoked command in '/home/rafael/mb_project/build/thymio_project' returned '0': DEBUGINFOD_URLS=https://debuginfod.ubuntu.com PYTHONPATH=/home/rafael/mb_project/build/thymio_project/prefix_override:/usr/lib/python3/dist-packages/colcon_core/task/python/colcon_distutils_commands:/home/rafael/mb_project/install/thymio_project/lib/python3.12/site-packages:${PYTHONPATH} /usr/bin/python3 -W ignore:setup.py install is deprecated -W ignore:easy_install command is deprecated setup.py develop --editable --build-directory /home/rafael/mb_project/build/thymio_project/build --no-deps symlink_data
