[0.451s] DEBUG:colcon:Command line arguments: ['/usr/bin/colcon', 'build', '--symlink-install']
[0.452s] DEBUG:colcon:Parsed command line arguments: Namespace(log_base=None, log_level=None, verb_name='build', build_base='build', install_base='install', merge_install=False, symlink_install=True, test_result_base=None, continue_on_error=False, executor='parallel', parallel_workers=4, event_handlers=None, ignore_user_meta=False, metas=['./colcon.meta'], base_paths=['.'], packages_ignore=None, packages_ignore_regex=None, paths=None, packages_up_to=None, packages_up_to_regex=None, packages_above=None, packages_above_and_dependencies=None, packages_above_depth=None, packages_select_by_dep=None, packages_skip_by_dep=None, packages_skip_up_to=None, packages_select_build_failed=False, packages_skip_build_finished=False, packages_select_test_failures=False, packages_skip_test_passed=False, packages_select=None, packages_skip=None, packages_select_regex=None, packages_skip_regex=None, packages_start=None, packages_end=None, cmake_args=None, cmake_target=None, cmake_target_skip_unavailable=False, cmake_clean_cache=False, cmake_clean_first=False, cmake_force_configure=False, ament_cmake_args=None, catkin_cmake_args=None, catkin_skip_building_tests=False, mixin_files=None, mixin=None, verb_parser=<colcon_mixin.mixin.mixin_argument.MixinArgumentDecorator object at 0x7fbaa5f260>, verb_extension=<colcon_core.verb.build.BuildVerb object at 0x7fba17a6f0>, main=<bound method BuildVerb.main of <colcon_core.verb.build.BuildVerb object at 0x7fba17a6f0>>, mixin_verb=('build',))
[0.612s] Level 1:colcon.colcon_core.package_discovery:discover_packages(colcon_meta) check parameters
[0.614s] INFO:colcon.colcon_metadata.package_discovery.colcon_meta:Using configuration from '/root/.colcon/metadata/default/Gazebo.meta'
[0.615s] INFO:colcon.colcon_metadata.package_discovery.colcon_meta:Using configuration from '/root/.colcon/metadata/default/fastdds.meta'
[0.617s] INFO:colcon.colcon_metadata.package_discovery.colcon_meta:Using configuration from '/root/.colcon/metadata/default/fastrtps.meta'
[0.617s] Level 1:colcon.colcon_core.package_discovery:discover_packages(recursive) check parameters
[0.617s] Level 1:colcon.colcon_core.package_discovery:discover_packages(ignore) check parameters
[0.618s] Level 1:colcon.colcon_core.package_discovery:discover_packages(path) check parameters
[0.618s] Level 1:colcon.colcon_core.package_discovery:discover_packages(colcon_meta) discover
[0.618s] Level 1:colcon.colcon_core.package_discovery:discover_packages(recursive) discover
[0.618s] INFO:colcon.colcon_core.package_discovery:Crawling recursively for packages in '/root/robot_ws/src/thymio_project'
[0.618s] Level 1:colcon.colcon_core.package_identification:_identify(.) by extensions ['ignore', 'ignore_ament_install']
[0.619s] Level 1:colcon.colcon_core.package_identification:_identify(.) by extension 'ignore'
[0.619s] Level 1:colcon.colcon_core.package_identification:_identify(.) by extension 'ignore_ament_install'
[0.619s] Level 1:colcon.colcon_core.package_identification:_identify(.) by extensions ['colcon_pkg']
[0.619s] Level 1:colcon.colcon_core.package_identification:_identify(.) by extension 'colcon_pkg'
[0.619s] Level 1:colcon.colcon_core.package_identification:_identify(.) by extensions ['colcon_meta']
[0.620s] Level 1:colcon.colcon_core.package_identification:_identify(.) by extension 'colcon_meta'
[0.620s] Level 1:colcon.colcon_core.package_identification:_identify(.) by extensions ['ros']
[0.620s] Level 1:colcon.colcon_core.package_identification:_identify(.) by extension 'ros'
[0.739s] DEBUG:colcon.colcon_core.package_identification:Package '.' with type 'ros.ament_python' and name 'thymio_project'
[0.739s] Level 1:colcon.colcon_core.package_discovery:discover_packages(recursive) using defaults
[0.739s] Level 1:colcon.colcon_core.package_discovery:discover_packages(ignore) discover
[0.740s] Level 1:colcon.colcon_core.package_discovery:discover_packages(ignore) using defaults
[0.740s] Level 1:colcon.colcon_core.package_discovery:discover_packages(path) discover
[0.740s] Level 1:colcon.colcon_core.package_discovery:discover_packages(path) using defaults
[0.809s] Level 5:colcon.colcon_core.verb:set package 'thymio_project' build argument 'cmake_args' from command line to 'None'
[0.809s] Level 5:colcon.colcon_core.verb:set package 'thymio_project' build argument 'cmake_target' from command line to 'None'
[0.810s] Level 5:colcon.colcon_core.verb:set package 'thymio_project' build argument 'cmake_target_skip_unavailable' from command line to 'False'
[0.810s] Level 5:colcon.colcon_core.verb:set package 'thymio_project' build argument 'cmake_clean_cache' from command line to 'False'
[0.810s] Level 5:colcon.colcon_core.verb:set package 'thymio_project' build argument 'cmake_clean_first' from command line to 'False'
[0.810s] Level 5:colcon.colcon_core.verb:set package 'thymio_project' build argument 'cmake_force_configure' from command line to 'False'
[0.810s] Level 5:colcon.colcon_core.verb:set package 'thymio_project' build argument 'ament_cmake_args' from command line to 'None'
[0.810s] Level 5:colcon.colcon_core.verb:set package 'thymio_project' build argument 'catkin_cmake_args' from command line to 'None'
[0.810s] Level 5:colcon.colcon_core.verb:set package 'thymio_project' build argument 'catkin_skip_building_tests' from command line to 'False'
[0.810s] DEBUG:colcon.colcon_core.verb:Building package 'thymio_project' with the following arguments: {'ament_cmake_args': None, 'build_base': '/root/robot_ws/src/thymio_project/build/thymio_project', 'catkin_cmake_args': None, 'catkin_skip_building_tests': False, 'cmake_args': None, 'cmake_clean_cache': False, 'cmake_clean_first': False, 'cmake_force_configure': False, 'cmake_target': None, 'cmake_target_skip_unavailable': False, 'install_base': '/root/robot_ws/src/thymio_project/install/thymio_project', 'merge_install': False, 'path': '/root/robot_ws/src/thymio_project', 'symlink_install': True, 'test_result_base': None}
[0.811s] INFO:colcon.colcon_core.executor:Executing jobs using 'parallel' executor
[0.814s] DEBUG:colcon.colcon_parallel_executor.executor.parallel:run_until_complete
[0.815s] INFO:colcon.colcon_ros.task.ament_python.build:Building ROS package in '/root/robot_ws/src/thymio_project' with build type 'ament_python'
[0.816s] Level 1:colcon.colcon_core.shell:create_environment_hook('thymio_project', 'ament_prefix_path')
[0.824s] INFO:colcon.colcon_core.plugin_system:Skipping extension 'colcon_core.shell.bat': Not used on non-Windows systems
[0.825s] INFO:colcon.colcon_core.shell:Creating environment hook '/root/robot_ws/src/thymio_project/install/thymio_project/share/thymio_project/hook/ament_prefix_path.ps1'
[0.828s] INFO:colcon.colcon_core.shell:Creating environment descriptor '/root/robot_ws/src/thymio_project/install/thymio_project/share/thymio_project/hook/ament_prefix_path.dsv'
[0.829s] INFO:colcon.colcon_core.shell:Creating environment hook '/root/robot_ws/src/thymio_project/install/thymio_project/share/thymio_project/hook/ament_prefix_path.sh'
[0.832s] INFO:colcon.colcon_core.shell:Skip shell extension 'powershell' for command environment: Not usable outside of PowerShell
[0.832s] DEBUG:colcon.colcon_core.shell:Skip shell extension 'dsv' for command environment
[1.658s] INFO:colcon.colcon_core.task.python.build:Building Python package in '/root/robot_ws/src/thymio_project'
[1.659s] INFO:colcon.colcon_core.shell:Skip shell extension 'powershell' for command environment: Not usable outside of PowerShell
[1.659s] DEBUG:colcon.colcon_core.shell:Skip shell extension 'dsv' for command environment
[3.792s] DEBUG:colcon.colcon_core.event_handler.log_command:Invoking command in '/root/robot_ws/src/thymio_project/build/thymio_project': PYTHONPATH=/root/robot_ws/src/thymio_project/build/thymio_project/prefix_override:/usr/lib/python3/dist-packages/colcon_core/task/python/colcon_distutils_commands:/root/robot_ws/src/thymio_project/install/thymio_project/lib/python3.12/site-packages:${PYTHONPATH} /usr/bin/python3 -W ignore:setup.py install is deprecated -W ignore:easy_install command is deprecated setup.py develop --editable --build-directory /root/robot_ws/src/thymio_project/build/thymio_project/build --no-deps symlink_data
[5.947s] Level 1:colcon.colcon_core.shell:create_environment_hook('thymio_project', 'pythonpath_develop')
[5.949s] INFO:colcon.colcon_core.shell:Creating environment hook '/root/robot_ws/src/thymio_project/build/thymio_project/share/thymio_project/hook/pythonpath_develop.ps1'
[5.949s] DEBUG:colcon.colcon_core.event_handler.log_command:Invoked command in '/root/robot_ws/src/thymio_project/build/thymio_project' returned '0': PYTHONPATH=/root/robot_ws/src/thymio_project/build/thymio_project/prefix_override:/usr/lib/python3/dist-packages/colcon_core/task/python/colcon_distutils_commands:/root/robot_ws/src/thymio_project/install/thymio_project/lib/python3.12/site-packages:${PYTHONPATH} /usr/bin/python3 -W ignore:setup.py install is deprecated -W ignore:easy_install command is deprecated setup.py develop --editable --build-directory /root/robot_ws/src/thymio_project/build/thymio_project/build --no-deps symlink_data
[5.952s] INFO:colcon.colcon_core.shell:Creating environment descriptor '/root/robot_ws/src/thymio_project/build/thymio_project/share/thymio_project/hook/pythonpath_develop.dsv'
[5.953s] INFO:colcon.colcon_core.shell:Creating environment hook '/root/robot_ws/src/thymio_project/build/thymio_project/share/thymio_project/hook/pythonpath_develop.sh'
[5.963s] Level 1:colcon.colcon_core.environment:checking '/root/robot_ws/src/thymio_project/install/thymio_project' for CMake module files
[5.965s] Level 1:colcon.colcon_core.environment:checking '/root/robot_ws/src/thymio_project/install/thymio_project' for CMake config files
[5.967s] Level 1:colcon.colcon_core.environment:checking '/root/robot_ws/src/thymio_project/install/thymio_project/lib'
[5.968s] Level 1:colcon.colcon_core.environment:checking '/root/robot_ws/src/thymio_project/install/thymio_project/bin'
[5.968s] Level 1:colcon.colcon_core.environment:checking '/root/robot_ws/src/thymio_project/install/thymio_project/lib/pkgconfig/thymio_project.pc'
[5.969s] Level 1:colcon.colcon_core.environment:checking '/root/robot_ws/src/thymio_project/install/thymio_project/lib/python3.12/site-packages'
[5.970s] Level 1:colcon.colcon_core.shell:create_environment_hook('thymio_project', 'pythonpath')
[5.971s] INFO:colcon.colcon_core.shell:Creating environment hook '/root/robot_ws/src/thymio_project/install/thymio_project/share/thymio_project/hook/pythonpath.ps1'
[5.972s] INFO:colcon.colcon_core.shell:Creating environment descriptor '/root/robot_ws/src/thymio_project/install/thymio_project/share/thymio_project/hook/pythonpath.dsv'
[5.973s] INFO:colcon.colcon_core.shell:Creating environment hook '/root/robot_ws/src/thymio_project/install/thymio_project/share/thymio_project/hook/pythonpath.sh'
[5.976s] Level 1:colcon.colcon_core.environment:checking '/root/robot_ws/src/thymio_project/install/thymio_project/bin'
[5.977s] Level 1:colcon.colcon_core.environment:create_environment_scripts_only(thymio_project)
[5.978s] INFO:colcon.colcon_core.shell:Creating package script '/root/robot_ws/src/thymio_project/install/thymio_project/share/thymio_project/package.ps1'
[5.981s] INFO:colcon.colcon_core.shell:Creating package descriptor '/root/robot_ws/src/thymio_project/install/thymio_project/share/thymio_project/package.dsv'
[5.983s] INFO:colcon.colcon_core.shell:Creating package script '/root/robot_ws/src/thymio_project/install/thymio_project/share/thymio_project/package.sh'
[5.987s] INFO:colcon.colcon_core.shell:Creating package script '/root/robot_ws/src/thymio_project/install/thymio_project/share/thymio_project/package.bash'
[5.989s] INFO:colcon.colcon_core.shell:Creating package script '/root/robot_ws/src/thymio_project/install/thymio_project/share/thymio_project/package.zsh'
[5.991s] Level 1:colcon.colcon_core.environment:create_file_with_runtime_dependencies(/root/robot_ws/src/thymio_project/install/thymio_project/share/colcon-core/packages/thymio_project)
[5.992s] DEBUG:colcon.colcon_parallel_executor.executor.parallel:closing loop
[5.994s] DEBUG:colcon.colcon_parallel_executor.executor.parallel:loop closed
[5.994s] DEBUG:colcon.colcon_parallel_executor.executor.parallel:run_until_complete finished with '0'
[5.994s] DEBUG:colcon.colcon_core.event_reactor:joining thread
[6.019s] INFO:colcon.colcon_core.plugin_system:Skipping extension 'colcon_notification.desktop_notification.notify_send': Could not find 'notify-send'
[6.019s] INFO:colcon.colcon_core.plugin_system:Skipping extension 'colcon_notification.desktop_notification.terminal_notifier': Not used on non-Darwin systems
[6.020s] INFO:colcon.colcon_core.plugin_system:Skipping extension 'colcon_notification.desktop_notification.win32': Not used on non-Windows systems
[6.020s] INFO:colcon.colcon_notification.desktop_notification:Sending desktop notification using 'notify2'
[6.020s] DEBUG:colcon.colcon_notification.desktop_notification.notify2:Failed to initialize notify2: org.freedesktop.DBus.Error.NotSupported: Unable to autolaunch a dbus-daemon without a $DISPLAY for X11
[6.020s] DEBUG:colcon.colcon_core.event_reactor:joined thread
[6.021s] INFO:colcon.colcon_core.shell:Creating prefix script '/root/robot_ws/src/thymio_project/install/local_setup.ps1'
[6.024s] INFO:colcon.colcon_core.shell:Creating prefix util module '/root/robot_ws/src/thymio_project/install/_local_setup_util_ps1.py'
[6.028s] INFO:colcon.colcon_core.shell:Creating prefix chain script '/root/robot_ws/src/thymio_project/install/setup.ps1'
[6.032s] INFO:colcon.colcon_core.shell:Creating prefix script '/root/robot_ws/src/thymio_project/install/local_setup.sh'
[6.034s] INFO:colcon.colcon_core.shell:Creating prefix util module '/root/robot_ws/src/thymio_project/install/_local_setup_util_sh.py'
[6.036s] INFO:colcon.colcon_core.shell:Creating prefix chain script '/root/robot_ws/src/thymio_project/install/setup.sh'
[6.040s] INFO:colcon.colcon_core.shell:Creating prefix script '/root/robot_ws/src/thymio_project/install/local_setup.bash'
[6.041s] INFO:colcon.colcon_core.shell:Creating prefix chain script '/root/robot_ws/src/thymio_project/install/setup.bash'
[6.045s] INFO:colcon.colcon_core.shell:Creating prefix script '/root/robot_ws/src/thymio_project/install/local_setup.zsh'
[6.047s] INFO:colcon.colcon_core.shell:Creating prefix chain script '/root/robot_ws/src/thymio_project/install/setup.zsh'
