[1.267s] Invoking command in '/home/rafael/mb_project/build/thymio_project': DEBUGINFOD_URLS=https://debuginfod.ubuntu.com PYTHONPATH=/home/rafael/mb_project/build/thymio_project/prefix_override:/usr/lib/python3/dist-packages/colcon_core/task/python/colcon_distutils_commands:/home/rafael/mb_project/install/thymio_project/lib/python3.12/site-packages:${PYTHONPATH} /usr/bin/python3 -W ignore:setup.py install is deprecated -W ignore:easy_install command is deprecated setup.py develop --editable --build-directory /home/rafael/mb_project/build/thymio_project/build --no-deps symlink_data
[1.647s] running develop
[1.859s] /usr/lib/python3/dist-packages/setuptools/command/easy_install.py:363: UserWarning: Unbuilt egg for pytest-repeat [unknown version] (/usr/lib/python3/dist-packages)
[1.859s]   self.local_index = Environment(self.shadow_path + sys.path)
[1.904s] running egg_info
[1.905s] creating thymio_project.egg-info
[1.929s] writing thymio_project.egg-info/PKG-INFO
[1.930s] writing dependency_links to thymio_project.egg-info/dependency_links.txt
[1.930s] writing entry points to thymio_project.egg-info/entry_points.txt
[1.930s] writing requirements to thymio_project.egg-info/requires.txt
[1.930s] writing top-level names to thymio_project.egg-info/top_level.txt
[1.930s] writing manifest file 'thymio_project.egg-info/SOURCES.txt'
[1.980s] reading manifest file 'thymio_project.egg-info/SOURCES.txt'
[1.980s] writing manifest file 'thymio_project.egg-info/SOURCES.txt'
[2.007s] running build_ext
[2.008s] Creating /home/rafael/mb_project/install/thymio_project/lib/python3.12/site-packages/thymio-project.egg-link (link to .)
[2.009s] Installing main script to /home/rafael/mb_project/install/thymio_project/lib/thymio_project
[2.009s] 
[2.009s] Installed /home/rafael/mb_project/build/thymio_project
[2.010s] running symlink_data
[2.010s] creating /home/rafael/mb_project/install/thymio_project/share/ament_index
[2.010s] creating /home/rafael/mb_project/install/thymio_project/share/ament_index/resource_index
[2.010s] creating /home/rafael/mb_project/install/thymio_project/share/ament_index/resource_index/packages
[2.010s] symbolically linking /home/rafael/mb_project/build/thymio_project/resource/thymio_project -> /home/rafael/mb_project/install/thymio_project/share/ament_index/resource_index/packages
[2.010s] symbolically linking /home/rafael/mb_project/build/thymio_project/package.xml -> /home/rafael/mb_project/install/thymio_project/share/thymio_project
[2.046s] Invoked command in '/home/rafael/mb_project/build/thymio_project' returned '0': DEBUGINFOD_URLS=https://debuginfod.ubuntu.com PYTHONPATH=/home/rafael/mb_project/build/thymio_project/prefix_override:/usr/lib/python3/dist-packages/colcon_core/task/python/colcon_distutils_commands:/home/rafael/mb_project/install/thymio_project/lib/python3.12/site-packages:${PYTHONPATH} /usr/bin/python3 -W ignore:setup.py install is deprecated -W ignore:easy_install command is deprecated setup.py develop --editable --build-directory /home/rafael/mb_project/build/thymio_project/build --no-deps symlink_data
