[0.654s] DEBUG:colcon:Command line arguments: ['/usr/bin/colcon', 'build', '--symlink-install']
[0.654s] DEBUG:colcon:Parsed command line arguments: Namespace(log_base=None, log_level=None, verb_name='build', build_base='build', install_base='install', merge_install=False, symlink_install=True, test_result_base=None, continue_on_error=False, executor='parallel', parallel_workers=4, event_handlers=None, ignore_user_meta=False, metas=['./colcon.meta'], base_paths=['.'], packages_ignore=None, packages_ignore_regex=None, paths=None, packages_up_to=None, packages_up_to_regex=None, packages_above=None, packages_above_and_dependencies=None, packages_above_depth=None, packages_select_by_dep=None, packages_skip_by_dep=None, packages_skip_up_to=None, packages_select_build_failed=False, packages_skip_build_finished=False, packages_select_test_failures=False, packages_skip_test_passed=False, packages_select=None, packages_skip=None, packages_select_regex=None, packages_skip_regex=None, packages_start=None, packages_end=None, cmake_args=None, cmake_target=None, cmake_target_skip_unavailable=False, cmake_clean_cache=False, cmake_clean_first=False, cmake_force_configure=False, ament_cmake_args=None, catkin_cmake_args=None, catkin_skip_building_tests=False, mixin_files=None, mixin=None, verb_parser=<colcon_mixin.mixin.mixin_argument.MixinArgumentDecorator object at 0x7fa8371550>, verb_extension=<colcon_core.verb.build.BuildVerb object at 0x7fa8529340>, main=<bound method BuildVerb.main of <colcon_core.verb.build.BuildVerb object at 0x7fa8529340>>, mixin_verb=('build',))
[0.910s] Level 1:colcon.colcon_core.package_discovery:discover_packages(colcon_meta) check parameters
[0.914s] INFO:colcon.colcon_metadata.package_discovery.colcon_meta:Using configuration from '/root/.colcon/metadata/default/Gazebo.meta'
[0.916s] INFO:colcon.colcon_metadata.package_discovery.colcon_meta:Using configuration from '/root/.colcon/metadata/default/fastdds.meta'
[0.918s] INFO:colcon.colcon_metadata.package_discovery.colcon_meta:Using configuration from '/root/.colcon/metadata/default/fastrtps.meta'
[0.919s] Level 1:colcon.colcon_core.package_discovery:discover_packages(recursive) check parameters
[0.919s] Level 1:colcon.colcon_core.package_discovery:discover_packages(ignore) check parameters
[0.919s] Level 1:colcon.colcon_core.package_discovery:discover_packages(path) check parameters
[0.919s] Level 1:colcon.colcon_core.package_discovery:discover_packages(colcon_meta) discover
[0.919s] Level 1:colcon.colcon_core.package_discovery:discover_packages(recursive) discover
[0.919s] INFO:colcon.colcon_core.package_discovery:Crawling recursively for packages in '/root/robot_ws'
[0.920s] Level 1:colcon.colcon_core.package_identification:_identify(.) by extensions ['ignore', 'ignore_ament_install']
[0.920s] Level 1:colcon.colcon_core.package_identification:_identify(.) by extension 'ignore'
[0.920s] Level 1:colcon.colcon_core.package_identification:_identify(.) by extension 'ignore_ament_install'
[0.920s] Level 1:colcon.colcon_core.package_identification:_identify(.) by extensions ['colcon_pkg']
[0.921s] Level 1:colcon.colcon_core.package_identification:_identify(.) by extension 'colcon_pkg'
[0.921s] Level 1:colcon.colcon_core.package_identification:_identify(.) by extensions ['colcon_meta']
[0.921s] Level 1:colcon.colcon_core.package_identification:_identify(.) by extension 'colcon_meta'
[0.921s] Level 1:colcon.colcon_core.package_identification:_identify(.) by extensions ['ros']
[0.921s] Level 1:colcon.colcon_core.package_identification:_identify(.) by extension 'ros'
[1.054s] Level 1:colcon.colcon_core.package_identification:_identify(.) by extensions ['cmake', 'python']
[1.055s] Level 1:colcon.colcon_core.package_identification:_identify(.) by extension 'cmake'
[1.055s] Level 1:colcon.colcon_core.package_identification:_identify(.) by extension 'python'
[1.055s] Level 1:colcon.colcon_core.package_identification:_identify(.) by extensions ['python_setup_py']
[1.055s] Level 1:colcon.colcon_core.package_identification:_identify(.) by extension 'python_setup_py'
[1.055s] Level 1:colcon.colcon_core.package_identification:_identify(build) by extensions ['ignore', 'ignore_ament_install']
[1.056s] Level 1:colcon.colcon_core.package_identification:_identify(build) by extension 'ignore'
[1.056s] Level 1:colcon.colcon_core.package_identification:_identify(build) ignored
[1.057s] Level 1:colcon.colcon_core.package_identification:_identify(install) by extensions ['ignore', 'ignore_ament_install']
[1.057s] Level 1:colcon.colcon_core.package_identification:_identify(install) by extension 'ignore'
[1.057s] Level 1:colcon.colcon_core.package_identification:_identify(install) ignored
[1.057s] Level 1:colcon.colcon_core.package_identification:_identify(log) by extensions ['ignore', 'ignore_ament_install']
[1.058s] Level 1:colcon.colcon_core.package_identification:_identify(log) by extension 'ignore'
[1.058s] Level 1:colcon.colcon_core.package_identification:_identify(log) ignored
[1.059s] Level 1:colcon.colcon_core.package_identification:_identify(src) by extensions ['ignore', 'ignore_ament_install']
[1.060s] Level 1:colcon.colcon_core.package_identification:_identify(src) by extension 'ignore'
[1.060s] Level 1:colcon.colcon_core.package_identification:_identify(src) by extension 'ignore_ament_install'
[1.060s] Level 1:colcon.colcon_core.package_identification:_identify(src) by extensions ['colcon_pkg']
[1.060s] Level 1:colcon.colcon_core.package_identification:_identify(src) by extension 'colcon_pkg'
[1.060s] Level 1:colcon.colcon_core.package_identification:_identify(src) by extensions ['colcon_meta']
[1.060s] Level 1:colcon.colcon_core.package_identification:_identify(src) by extension 'colcon_meta'
[1.061s] Level 1:colcon.colcon_core.package_identification:_identify(src) by extensions ['ros']
[1.061s] Level 1:colcon.colcon_core.package_identification:_identify(src) by extension 'ros'
[1.061s] Level 1:colcon.colcon_core.package_identification:_identify(src) by extensions ['cmake', 'python']
[1.061s] Level 1:colcon.colcon_core.package_identification:_identify(src) by extension 'cmake'
[1.061s] Level 1:colcon.colcon_core.package_identification:_identify(src) by extension 'python'
[1.062s] Level 1:colcon.colcon_core.package_identification:_identify(src) by extensions ['python_setup_py']
[1.062s] Level 1:colcon.colcon_core.package_identification:_identify(src) by extension 'python_setup_py'
[1.063s] Level 1:colcon.colcon_core.package_identification:_identify(src/ldlidar_ros2_ws) by extensions ['ignore', 'ignore_ament_install']
[1.063s] Level 1:colcon.colcon_core.package_identification:_identify(src/ldlidar_ros2_ws) by extension 'ignore'
[1.063s] Level 1:colcon.colcon_core.package_identification:_identify(src/ldlidar_ros2_ws) by extension 'ignore_ament_install'
[1.063s] Level 1:colcon.colcon_core.package_identification:_identify(src/ldlidar_ros2_ws) by extensions ['colcon_pkg']
[1.064s] Level 1:colcon.colcon_core.package_identification:_identify(src/ldlidar_ros2_ws) by extension 'colcon_pkg'
[1.064s] Level 1:colcon.colcon_core.package_identification:_identify(src/ldlidar_ros2_ws) by extensions ['colcon_meta']
[1.064s] Level 1:colcon.colcon_core.package_identification:_identify(src/ldlidar_ros2_ws) by extension 'colcon_meta'
[1.064s] Level 1:colcon.colcon_core.package_identification:_identify(src/ldlidar_ros2_ws) by extensions ['ros']
[1.064s] Level 1:colcon.colcon_core.package_identification:_identify(src/ldlidar_ros2_ws) by extension 'ros'
[1.065s] Level 1:colcon.colcon_core.package_identification:_identify(src/ldlidar_ros2_ws) by extensions ['cmake', 'python']
[1.065s] Level 1:colcon.colcon_core.package_identification:_identify(src/ldlidar_ros2_ws) by extension 'cmake'
[1.065s] Level 1:colcon.colcon_core.package_identification:_identify(src/ldlidar_ros2_ws) by extension 'python'
[1.065s] Level 1:colcon.colcon_core.package_identification:_identify(src/ldlidar_ros2_ws) by extensions ['python_setup_py']
[1.065s] Level 1:colcon.colcon_core.package_identification:_identify(src/ldlidar_ros2_ws) by extension 'python_setup_py'
[1.066s] Level 1:colcon.colcon_core.package_identification:_identify(src/ldlidar_ros2_ws/build) by extensions ['ignore', 'ignore_ament_install']
[1.066s] Level 1:colcon.colcon_core.package_identification:_identify(src/ldlidar_ros2_ws/build) by extension 'ignore'
[1.067s] Level 1:colcon.colcon_core.package_identification:_identify(src/ldlidar_ros2_ws/build) ignored
[1.067s] Level 1:colcon.colcon_core.package_identification:_identify(src/ldlidar_ros2_ws/install) by extensions ['ignore', 'ignore_ament_install']
[1.068s] Level 1:colcon.colcon_core.package_identification:_identify(src/ldlidar_ros2_ws/install) by extension 'ignore'
[1.068s] Level 1:colcon.colcon_core.package_identification:_identify(src/ldlidar_ros2_ws/install) ignored
[1.069s] Level 1:colcon.colcon_core.package_identification:_identify(src/ldlidar_ros2_ws/log) by extensions ['ignore', 'ignore_ament_install']
[1.069s] Level 1:colcon.colcon_core.package_identification:_identify(src/ldlidar_ros2_ws/log) by extension 'ignore'
[1.069s] Level 1:colcon.colcon_core.package_identification:_identify(src/ldlidar_ros2_ws/log) ignored
[1.070s] Level 1:colcon.colcon_core.package_identification:_identify(src/ldlidar_ros2_ws/src) by extensions ['ignore', 'ignore_ament_install']
[1.070s] Level 1:colcon.colcon_core.package_identification:_identify(src/ldlidar_ros2_ws/src) by extension 'ignore'
[1.071s] Level 1:colcon.colcon_core.package_identification:_identify(src/ldlidar_ros2_ws/src) by extension 'ignore_ament_install'
[1.071s] Level 1:colcon.colcon_core.package_identification:_identify(src/ldlidar_ros2_ws/src) by extensions ['colcon_pkg']
[1.071s] Level 1:colcon.colcon_core.package_identification:_identify(src/ldlidar_ros2_ws/src) by extension 'colcon_pkg'
[1.071s] Level 1:colcon.colcon_core.package_identification:_identify(src/ldlidar_ros2_ws/src) by extensions ['colcon_meta']
[1.071s] Level 1:colcon.colcon_core.package_identification:_identify(src/ldlidar_ros2_ws/src) by extension 'colcon_meta'
[1.071s] Level 1:colcon.colcon_core.package_identification:_identify(src/ldlidar_ros2_ws/src) by extensions ['ros']
[1.071s] Level 1:colcon.colcon_core.package_identification:_identify(src/ldlidar_ros2_ws/src) by extension 'ros'
[1.072s] Level 1:colcon.colcon_core.package_identification:_identify(src/ldlidar_ros2_ws/src) by extensions ['cmake', 'python']
[1.072s] Level 1:colcon.colcon_core.package_identification:_identify(src/ldlidar_ros2_ws/src) by extension 'cmake'
[1.072s] Level 1:colcon.colcon_core.package_identification:_identify(src/ldlidar_ros2_ws/src) by extension 'python'
[1.072s] Level 1:colcon.colcon_core.package_identification:_identify(src/ldlidar_ros2_ws/src) by extensions ['python_setup_py']
[1.072s] Level 1:colcon.colcon_core.package_identification:_identify(src/ldlidar_ros2_ws/src) by extension 'python_setup_py'
[1.073s] Level 1:colcon.colcon_core.package_identification:_identify(src/ldlidar_ros2_ws/src/ldlidar_stl_ros2) by extensions ['ignore', 'ignore_ament_install']
[1.074s] Level 1:colcon.colcon_core.package_identification:_identify(src/ldlidar_ros2_ws/src/ldlidar_stl_ros2) by extension 'ignore'
[1.074s] Level 1:colcon.colcon_core.package_identification:_identify(src/ldlidar_ros2_ws/src/ldlidar_stl_ros2) by extension 'ignore_ament_install'
[1.074s] Level 1:colcon.colcon_core.package_identification:_identify(src/ldlidar_ros2_ws/src/ldlidar_stl_ros2) by extensions ['colcon_pkg']
[1.074s] Level 1:colcon.colcon_core.package_identification:_identify(src/ldlidar_ros2_ws/src/ldlidar_stl_ros2) by extension 'colcon_pkg'
[1.074s] Level 1:colcon.colcon_core.package_identification:_identify(src/ldlidar_ros2_ws/src/ldlidar_stl_ros2) by extensions ['colcon_meta']
[1.075s] Level 1:colcon.colcon_core.package_identification:_identify(src/ldlidar_ros2_ws/src/ldlidar_stl_ros2) by extension 'colcon_meta'
[1.075s] Level 1:colcon.colcon_core.package_identification:_identify(src/ldlidar_ros2_ws/src/ldlidar_stl_ros2) by extensions ['ros']
[1.075s] Level 1:colcon.colcon_core.package_identification:_identify(src/ldlidar_ros2_ws/src/ldlidar_stl_ros2) by extension 'ros'
[1.093s] DEBUG:colcon.colcon_core.package_identification:Package 'src/ldlidar_ros2_ws/src/ldlidar_stl_ros2' with type 'ros.ament_cmake' and name 'ldlidar_stl_ros2'
[1.094s] Level 1:colcon.colcon_core.package_identification:_identify(src/thymio_project) by extensions ['ignore', 'ignore_ament_install']
[1.095s] Level 1:colcon.colcon_core.package_identification:_identify(src/thymio_project) by extension 'ignore'
[1.095s] Level 1:colcon.colcon_core.package_identification:_identify(src/thymio_project) by extension 'ignore_ament_install'
[1.095s] Level 1:colcon.colcon_core.package_identification:_identify(src/thymio_project) by extensions ['colcon_pkg']
[1.095s] Level 1:colcon.colcon_core.package_identification:_identify(src/thymio_project) by extension 'colcon_pkg'
[1.096s] Level 1:colcon.colcon_core.package_identification:_identify(src/thymio_project) by extensions ['colcon_meta']
[1.096s] Level 1:colcon.colcon_core.package_identification:_identify(src/thymio_project) by extension 'colcon_meta'
[1.096s] Level 1:colcon.colcon_core.package_identification:_identify(src/thymio_project) by extensions ['ros']
[1.096s] Level 1:colcon.colcon_core.package_identification:_identify(src/thymio_project) by extension 'ros'
[1.099s] DEBUG:colcon.colcon_core.package_identification:Package 'src/thymio_project' with type 'ros.ament_python' and name 'thymio_project'
[1.100s] Level 1:colcon.colcon_core.package_discovery:discover_packages(recursive) using defaults
[1.100s] Level 1:colcon.colcon_core.package_discovery:discover_packages(ignore) discover
[1.100s] Level 1:colcon.colcon_core.package_discovery:discover_packages(ignore) using defaults
[1.100s] Level 1:colcon.colcon_core.package_discovery:discover_packages(path) discover
[1.100s] Level 1:colcon.colcon_core.package_discovery:discover_packages(path) using defaults
[1.201s] Level 5:colcon.colcon_core.verb:set package 'ldlidar_stl_ros2' build argument 'cmake_args' from command line to 'None'
[1.201s] Level 5:colcon.colcon_core.verb:set package 'ldlidar_stl_ros2' build argument 'cmake_target' from command line to 'None'
[1.201s] Level 5:colcon.colcon_core.verb:set package 'ldlidar_stl_ros2' build argument 'cmake_target_skip_unavailable' from command line to 'False'
[1.201s] Level 5:colcon.colcon_core.verb:set package 'ldlidar_stl_ros2' build argument 'cmake_clean_cache' from command line to 'False'
[1.201s] Level 5:colcon.colcon_core.verb:set package 'ldlidar_stl_ros2' build argument 'cmake_clean_first' from command line to 'False'
[1.202s] Level 5:colcon.colcon_core.verb:set package 'ldlidar_stl_ros2' build argument 'cmake_force_configure' from command line to 'False'
[1.202s] Level 5:colcon.colcon_core.verb:set package 'ldlidar_stl_ros2' build argument 'ament_cmake_args' from command line to 'None'
[1.202s] Level 5:colcon.colcon_core.verb:set package 'ldlidar_stl_ros2' build argument 'catkin_cmake_args' from command line to 'None'
[1.202s] Level 5:colcon.colcon_core.verb:set package 'ldlidar_stl_ros2' build argument 'catkin_skip_building_tests' from command line to 'False'
[1.202s] DEBUG:colcon.colcon_core.verb:Building package 'ldlidar_stl_ros2' with the following arguments: {'ament_cmake_args': None, 'build_base': '/root/robot_ws/build/ldlidar_stl_ros2', 'catkin_cmake_args': None, 'catkin_skip_building_tests': False, 'cmake_args': None, 'cmake_clean_cache': False, 'cmake_clean_first': False, 'cmake_force_configure': False, 'cmake_target': None, 'cmake_target_skip_unavailable': False, 'install_base': '/root/robot_ws/install/ldlidar_stl_ros2', 'merge_install': False, 'path': '/root/robot_ws/src/ldlidar_ros2_ws/src/ldlidar_stl_ros2', 'symlink_install': True, 'test_result_base': None}
[1.203s] Level 5:colcon.colcon_core.verb:set package 'thymio_project' build argument 'cmake_args' from command line to 'None'
[1.203s] Level 5:colcon.colcon_core.verb:set package 'thymio_project' build argument 'cmake_target' from command line to 'None'
[1.204s] Level 5:colcon.colcon_core.verb:set package 'thymio_project' build argument 'cmake_target_skip_unavailable' from command line to 'False'
[1.204s] Level 5:colcon.colcon_core.verb:set package 'thymio_project' build argument 'cmake_clean_cache' from command line to 'False'
[1.204s] Level 5:colcon.colcon_core.verb:set package 'thymio_project' build argument 'cmake_clean_first' from command line to 'False'
[1.204s] Level 5:colcon.colcon_core.verb:set package 'thymio_project' build argument 'cmake_force_configure' from command line to 'False'
[1.204s] Level 5:colcon.colcon_core.verb:set package 'thymio_project' build argument 'ament_cmake_args' from command line to 'None'
[1.204s] Level 5:colcon.colcon_core.verb:set package 'thymio_project' build argument 'catkin_cmake_args' from command line to 'None'
[1.204s] Level 5:colcon.colcon_core.verb:set package 'thymio_project' build argument 'catkin_skip_building_tests' from command line to 'False'
[1.204s] DEBUG:colcon.colcon_core.verb:Building package 'thymio_project' with the following arguments: {'ament_cmake_args': None, 'build_base': '/root/robot_ws/build/thymio_project', 'catkin_cmake_args': None, 'catkin_skip_building_tests': False, 'cmake_args': None, 'cmake_clean_cache': False, 'cmake_clean_first': False, 'cmake_force_configure': False, 'cmake_target': None, 'cmake_target_skip_unavailable': False, 'install_base': '/root/robot_ws/install/thymio_project', 'merge_install': False, 'path': '/root/robot_ws/src/thymio_project', 'symlink_install': True, 'test_result_base': None}
[1.205s] INFO:colcon.colcon_core.executor:Executing jobs using 'parallel' executor
[1.207s] DEBUG:colcon.colcon_parallel_executor.executor.parallel:run_until_complete
[1.209s] INFO:colcon.colcon_ros.task.ament_cmake.build:Building ROS package in '/root/robot_ws/src/ldlidar_ros2_ws/src/ldlidar_stl_ros2' with build type 'ament_cmake'
[1.210s] INFO:colcon.colcon_cmake.task.cmake.build:Building CMake package in '/root/robot_ws/src/ldlidar_ros2_ws/src/ldlidar_stl_ros2'
[1.231s] INFO:colcon.colcon_core.plugin_system:Skipping extension 'colcon_core.shell.bat': Not used on non-Windows systems
[1.232s] INFO:colcon.colcon_core.shell:Skip shell extension 'powershell' for command environment: Not usable outside of PowerShell
[1.232s] DEBUG:colcon.colcon_core.shell:Skip shell extension 'dsv' for command environment
[1.252s] INFO:colcon.colcon_ros.task.ament_python.build:Building ROS package in '/root/robot_ws/src/thymio_project' with build type 'ament_python'
[1.252s] Level 1:colcon.colcon_core.shell:create_environment_hook('thymio_project', 'ament_prefix_path')
[1.253s] INFO:colcon.colcon_core.shell:Creating environment hook '/root/robot_ws/install/thymio_project/share/thymio_project/hook/ament_prefix_path.ps1'
[1.260s] INFO:colcon.colcon_core.shell:Creating environment descriptor '/root/robot_ws/install/thymio_project/share/thymio_project/hook/ament_prefix_path.dsv'
[1.262s] INFO:colcon.colcon_core.shell:Creating environment hook '/root/robot_ws/install/thymio_project/share/thymio_project/hook/ament_prefix_path.sh'
[1.265s] INFO:colcon.colcon_core.shell:Skip shell extension 'powershell' for command environment: Not usable outside of PowerShell
[1.265s] DEBUG:colcon.colcon_core.shell:Skip shell extension 'dsv' for command environment
[1.290s] DEBUG:colcon.colcon_core.event_handler.log_command:Invoking command in '/root/robot_ws/build/ldlidar_stl_ros2': CMAKE_PREFIX_PATH=/opt/ros/jazzy /usr/bin/cmake --build /root/robot_ws/build/ldlidar_stl_ros2 -- -j4 -l4
[2.159s] INFO:colcon.colcon_core.task.python.build:Building Python package in '/root/robot_ws/src/thymio_project'
[2.160s] INFO:colcon.colcon_core.shell:Skip shell extension 'powershell' for command environment: Not usable outside of PowerShell
[2.160s] DEBUG:colcon.colcon_core.shell:Skip shell extension 'dsv' for command environment
[2.172s] DEBUG:colcon.colcon_core.event_handler.log_command:Invoked command in '/root/robot_ws/build/ldlidar_stl_ros2' returned '0': CMAKE_PREFIX_PATH=/opt/ros/jazzy /usr/bin/cmake --build /root/robot_ws/build/ldlidar_stl_ros2 -- -j4 -l4
[2.207s] DEBUG:colcon.colcon_core.event_handler.log_command:Invoking command in '/root/robot_ws/build/ldlidar_stl_ros2': CMAKE_PREFIX_PATH=/opt/ros/jazzy /usr/bin/cmake --install /root/robot_ws/build/ldlidar_stl_ros2
[2.321s] Level 1:colcon.colcon_core.environment:create_environment_scripts_only(ldlidar_stl_ros2)
[2.323s] DEBUG:colcon.colcon_core.event_handler.log_command:Invoked command in '/root/robot_ws/build/ldlidar_stl_ros2' returned '0': CMAKE_PREFIX_PATH=/opt/ros/jazzy /usr/bin/cmake --install /root/robot_ws/build/ldlidar_stl_ros2
[2.348s] Level 1:colcon.colcon_core.environment:checking '/root/robot_ws/install/ldlidar_stl_ros2' for CMake module files
[2.351s] Level 1:colcon.colcon_core.environment:checking '/root/robot_ws/install/ldlidar_stl_ros2' for CMake config files
[2.352s] Level 1:colcon.colcon_core.shell:create_environment_hook('ldlidar_stl_ros2', 'cmake_prefix_path')
[2.353s] INFO:colcon.colcon_core.shell:Creating environment hook '/root/robot_ws/install/ldlidar_stl_ros2/share/ldlidar_stl_ros2/hook/cmake_prefix_path.ps1'
[2.355s] INFO:colcon.colcon_core.shell:Creating environment descriptor '/root/robot_ws/install/ldlidar_stl_ros2/share/ldlidar_stl_ros2/hook/cmake_prefix_path.dsv'
[2.357s] INFO:colcon.colcon_core.shell:Creating environment hook '/root/robot_ws/install/ldlidar_stl_ros2/share/ldlidar_stl_ros2/hook/cmake_prefix_path.sh'
[2.360s] Level 1:colcon.colcon_core.environment:checking '/root/robot_ws/install/ldlidar_stl_ros2/lib'
[2.361s] Level 1:colcon.colcon_core.environment:checking '/root/robot_ws/install/ldlidar_stl_ros2/bin'
[2.361s] Level 1:colcon.colcon_core.environment:checking '/root/robot_ws/install/ldlidar_stl_ros2/lib/pkgconfig/ldlidar_stl_ros2.pc'
[2.362s] Level 1:colcon.colcon_core.environment:checking '/root/robot_ws/install/ldlidar_stl_ros2/lib/python3.12/site-packages'
[2.364s] Level 1:colcon.colcon_core.environment:checking '/root/robot_ws/install/ldlidar_stl_ros2/bin'
[2.365s] INFO:colcon.colcon_core.shell:Creating package script '/root/robot_ws/install/ldlidar_stl_ros2/share/ldlidar_stl_ros2/package.ps1'
[2.370s] INFO:colcon.colcon_core.shell:Creating package descriptor '/root/robot_ws/install/ldlidar_stl_ros2/share/ldlidar_stl_ros2/package.dsv'
[2.373s] INFO:colcon.colcon_core.shell:Creating package script '/root/robot_ws/install/ldlidar_stl_ros2/share/ldlidar_stl_ros2/package.sh'
[2.377s] INFO:colcon.colcon_core.shell:Creating package script '/root/robot_ws/install/ldlidar_stl_ros2/share/ldlidar_stl_ros2/package.bash'
[2.381s] INFO:colcon.colcon_core.shell:Creating package script '/root/robot_ws/install/ldlidar_stl_ros2/share/ldlidar_stl_ros2/package.zsh'
[2.387s] Level 1:colcon.colcon_core.environment:create_file_with_runtime_dependencies(/root/robot_ws/install/ldlidar_stl_ros2/share/colcon-core/packages/ldlidar_stl_ros2)
[2.389s] Level 1:colcon.colcon_core.environment:create_environment_scripts_only(ldlidar_stl_ros2)
[2.390s] Level 1:colcon.colcon_core.environment:checking '/root/robot_ws/install/ldlidar_stl_ros2' for CMake module files
[2.393s] Level 1:colcon.colcon_core.environment:checking '/root/robot_ws/install/ldlidar_stl_ros2' for CMake config files
[2.394s] Level 1:colcon.colcon_core.shell:create_environment_hook('ldlidar_stl_ros2', 'cmake_prefix_path')
[2.395s] INFO:colcon.colcon_core.shell:Creating environment hook '/root/robot_ws/install/ldlidar_stl_ros2/share/ldlidar_stl_ros2/hook/cmake_prefix_path.ps1'
[2.396s] INFO:colcon.colcon_core.shell:Creating environment descriptor '/root/robot_ws/install/ldlidar_stl_ros2/share/ldlidar_stl_ros2/hook/cmake_prefix_path.dsv'
[2.398s] INFO:colcon.colcon_core.shell:Creating environment hook '/root/robot_ws/install/ldlidar_stl_ros2/share/ldlidar_stl_ros2/hook/cmake_prefix_path.sh'
[2.401s] Level 1:colcon.colcon_core.environment:checking '/root/robot_ws/install/ldlidar_stl_ros2/lib'
[2.401s] Level 1:colcon.colcon_core.environment:checking '/root/robot_ws/install/ldlidar_stl_ros2/bin'
[2.402s] Level 1:colcon.colcon_core.environment:checking '/root/robot_ws/install/ldlidar_stl_ros2/lib/pkgconfig/ldlidar_stl_ros2.pc'
[2.403s] Level 1:colcon.colcon_core.environment:checking '/root/robot_ws/install/ldlidar_stl_ros2/lib/python3.12/site-packages'
[2.404s] Level 1:colcon.colcon_core.environment:checking '/root/robot_ws/install/ldlidar_stl_ros2/bin'
[2.405s] INFO:colcon.colcon_core.shell:Creating package script '/root/robot_ws/install/ldlidar_stl_ros2/share/ldlidar_stl_ros2/package.ps1'
[2.408s] INFO:colcon.colcon_core.shell:Creating package descriptor '/root/robot_ws/install/ldlidar_stl_ros2/share/ldlidar_stl_ros2/package.dsv'
[2.410s] INFO:colcon.colcon_core.shell:Creating package script '/root/robot_ws/install/ldlidar_stl_ros2/share/ldlidar_stl_ros2/package.sh'
[2.412s] INFO:colcon.colcon_core.shell:Creating package script '/root/robot_ws/install/ldlidar_stl_ros2/share/ldlidar_stl_ros2/package.bash'
[2.414s] INFO:colcon.colcon_core.shell:Creating package script '/root/robot_ws/install/ldlidar_stl_ros2/share/ldlidar_stl_ros2/package.zsh'
[2.416s] Level 1:colcon.colcon_core.environment:create_file_with_runtime_dependencies(/root/robot_ws/install/ldlidar_stl_ros2/share/colcon-core/packages/ldlidar_stl_ros2)
[4.708s] DEBUG:colcon.colcon_core.event_handler.log_command:Invoking command in '/root/robot_ws/build/thymio_project': PYTHONPATH=/root/robot_ws/build/thymio_project/prefix_override:/usr/lib/python3/dist-packages/colcon_core/task/python/colcon_distutils_commands:/root/robot_ws/install/thymio_project/lib/python3.12/site-packages:${PYTHONPATH} /usr/bin/python3 -W ignore:setup.py install is deprecated -W ignore:easy_install command is deprecated setup.py develop --editable --build-directory /root/robot_ws/build/thymio_project/build --no-deps symlink_data
[6.712s] Level 1:colcon.colcon_core.shell:create_environment_hook('thymio_project', 'pythonpath_develop')
[6.713s] INFO:colcon.colcon_core.shell:Creating environment hook '/root/robot_ws/build/thymio_project/share/thymio_project/hook/pythonpath_develop.ps1'
[6.714s] INFO:colcon.colcon_core.shell:Creating environment descriptor '/root/robot_ws/build/thymio_project/share/thymio_project/hook/pythonpath_develop.dsv'
[6.715s] DEBUG:colcon.colcon_core.event_handler.log_command:Invoked command in '/root/robot_ws/build/thymio_project' returned '0': PYTHONPATH=/root/robot_ws/build/thymio_project/prefix_override:/usr/lib/python3/dist-packages/colcon_core/task/python/colcon_distutils_commands:/root/robot_ws/install/thymio_project/lib/python3.12/site-packages:${PYTHONPATH} /usr/bin/python3 -W ignore:setup.py install is deprecated -W ignore:easy_install command is deprecated setup.py develop --editable --build-directory /root/robot_ws/build/thymio_project/build --no-deps symlink_data
[6.717s] INFO:colcon.colcon_core.shell:Creating environment hook '/root/robot_ws/build/thymio_project/share/thymio_project/hook/pythonpath_develop.sh'
[6.719s] Level 1:colcon.colcon_core.environment:checking '/root/robot_ws/install/thymio_project' for CMake module files
[6.721s] Level 1:colcon.colcon_core.environment:checking '/root/robot_ws/install/thymio_project' for CMake config files
[6.723s] Level 1:colcon.colcon_core.environment:checking '/root/robot_ws/install/thymio_project/lib'
[6.724s] Level 1:colcon.colcon_core.environment:checking '/root/robot_ws/install/thymio_project/bin'
[6.724s] Level 1:colcon.colcon_core.environment:checking '/root/robot_ws/install/thymio_project/lib/pkgconfig/thymio_project.pc'
[6.725s] Level 1:colcon.colcon_core.environment:checking '/root/robot_ws/install/thymio_project/lib/python3.12/site-packages'
[6.725s] Level 1:colcon.colcon_core.shell:create_environment_hook('thymio_project', 'pythonpath')
[6.726s] INFO:colcon.colcon_core.shell:Creating environment hook '/root/robot_ws/install/thymio_project/share/thymio_project/hook/pythonpath.ps1'
[6.728s] INFO:colcon.colcon_core.shell:Creating environment descriptor '/root/robot_ws/install/thymio_project/share/thymio_project/hook/pythonpath.dsv'
[6.729s] INFO:colcon.colcon_core.shell:Creating environment hook '/root/robot_ws/install/thymio_project/share/thymio_project/hook/pythonpath.sh'
[6.732s] Level 1:colcon.colcon_core.environment:checking '/root/robot_ws/install/thymio_project/bin'
[6.732s] Level 1:colcon.colcon_core.environment:create_environment_scripts_only(thymio_project)
[6.733s] INFO:colcon.colcon_core.shell:Creating package script '/root/robot_ws/install/thymio_project/share/thymio_project/package.ps1'
[6.735s] INFO:colcon.colcon_core.shell:Creating package descriptor '/root/robot_ws/install/thymio_project/share/thymio_project/package.dsv'
[6.737s] INFO:colcon.colcon_core.shell:Creating package script '/root/robot_ws/install/thymio_project/share/thymio_project/package.sh'
[6.739s] INFO:colcon.colcon_core.shell:Creating package script '/root/robot_ws/install/thymio_project/share/thymio_project/package.bash'
[6.741s] INFO:colcon.colcon_core.shell:Creating package script '/root/robot_ws/install/thymio_project/share/thymio_project/package.zsh'
[6.742s] Level 1:colcon.colcon_core.environment:create_file_with_runtime_dependencies(/root/robot_ws/install/thymio_project/share/colcon-core/packages/thymio_project)
[6.743s] DEBUG:colcon.colcon_parallel_executor.executor.parallel:closing loop
[6.744s] DEBUG:colcon.colcon_parallel_executor.executor.parallel:loop closed
[6.744s] DEBUG:colcon.colcon_parallel_executor.executor.parallel:run_until_complete finished with '0'
[6.744s] DEBUG:colcon.colcon_core.event_reactor:joining thread
[6.783s] INFO:colcon.colcon_core.plugin_system:Skipping extension 'colcon_notification.desktop_notification.notify_send': Could not find 'notify-send'
[6.784s] INFO:colcon.colcon_core.plugin_system:Skipping extension 'colcon_notification.desktop_notification.terminal_notifier': Not used on non-Darwin systems
[6.784s] INFO:colcon.colcon_core.plugin_system:Skipping extension 'colcon_notification.desktop_notification.win32': Not used on non-Windows systems
[6.784s] INFO:colcon.colcon_notification.desktop_notification:Sending desktop notification using 'notify2'
[6.785s] DEBUG:colcon.colcon_notification.desktop_notification.notify2:Failed to initialize notify2: org.freedesktop.DBus.Error.NotSupported: Unable to autolaunch a dbus-daemon without a $DISPLAY for X11
[6.786s] DEBUG:colcon.colcon_core.event_reactor:joined thread
[6.786s] INFO:colcon.colcon_core.shell:Creating prefix script '/root/robot_ws/install/local_setup.ps1'
[6.790s] INFO:colcon.colcon_core.shell:Creating prefix util module '/root/robot_ws/install/_local_setup_util_ps1.py'
[6.795s] INFO:colcon.colcon_core.shell:Creating prefix chain script '/root/robot_ws/install/setup.ps1'
[6.799s] INFO:colcon.colcon_core.shell:Creating prefix script '/root/robot_ws/install/local_setup.sh'
[6.805s] INFO:colcon.colcon_core.shell:Creating prefix util module '/root/robot_ws/install/_local_setup_util_sh.py'
[6.807s] INFO:colcon.colcon_core.shell:Creating prefix chain script '/root/robot_ws/install/setup.sh'
[6.811s] INFO:colcon.colcon_core.shell:Creating prefix script '/root/robot_ws/install/local_setup.bash'
[6.814s] INFO:colcon.colcon_core.shell:Creating prefix chain script '/root/robot_ws/install/setup.bash'
[6.822s] INFO:colcon.colcon_core.shell:Creating prefix script '/root/robot_ws/install/local_setup.zsh'
[6.824s] INFO:colcon.colcon_core.shell:Creating prefix chain script '/root/robot_ws/install/setup.zsh'
