[1.013s] Invoking command in '/home/rafael/mb_project/build/thymio_project': DEBUGINFOD_URLS=https://debuginfod.ubuntu.com PS1=(venv) \[\e]0;\u@\h: \w\a\]${debian_chroot:+($debian_chroot)}\[\033[01;32m\]\u@\h\[\033[00m\]:\[\033[01;34m\]\w\[\033[00m\]\$ PYTHONPATH=/home/rafael/mb_project/build/thymio_project/prefix_override:/usr/lib/python3/dist-packages/colcon_core/task/python/colcon_distutils_commands:/home/rafael/mb_project/install/thymio_project/lib/python3.12/site-packages:${PYTHONPATH} VIRTUAL_ENV_PROMPT=(venv) /usr/bin/python3 -W ignore:setup.py install is deprecated -W ignore:easy_install command is deprecated setup.py develop --editable --build-directory /home/rafael/mb_project/build/thymio_project/build --no-deps symlink_data
[1.425s] running develop
[1.654s] /usr/lib/python3/dist-packages/setuptools/command/easy_install.py:363: UserWarning: Unbuilt egg for pytest-repeat [unknown version] (/usr/lib/python3/dist-packages)
[1.654s]   self.local_index = Environment(self.shadow_path + sys.path)
[1.704s] running egg_info
[1.731s] writing thymio_project.egg-info/PKG-INFO
[1.732s] writing dependency_links to thymio_project.egg-info/dependency_links.txt
[1.732s] writing entry points to thymio_project.egg-info/entry_points.txt
[1.732s] writing requirements to thymio_project.egg-info/requires.txt
[1.732s] writing top-level names to thymio_project.egg-info/top_level.txt
[1.786s] reading manifest file 'thymio_project.egg-info/SOURCES.txt'
[1.787s] writing manifest file 'thymio_project.egg-info/SOURCES.txt'
[1.814s] running build_ext
[1.814s] Creating /home/rafael/mb_project/install/thymio_project/lib/python3.12/site-packages/thymio-project.egg-link (link to .)
[1.815s] Installing main script to /home/rafael/mb_project/install/thymio_project/lib/thymio_project
[1.816s] 
[1.816s] Installed /home/rafael/mb_project/build/thymio_project
[1.817s] running symlink_data
[1.817s] creating /home/rafael/mb_project/install/thymio_project/share/thymio_project/config
[1.817s] symbolically linking /home/rafael/mb_project/build/thymio_project/config/slam_config.yaml -> /home/rafael/mb_project/install/thymio_project/share/thymio_project/config
[1.850s] Invoked command in '/home/rafael/mb_project/build/thymio_project' returned '0': DEBUGINFOD_URLS=https://debuginfod.ubuntu.com PS1=(venv) \[\e]0;\u@\h: \w\a\]${debian_chroot:+($debian_chroot)}\[\033[01;32m\]\u@\h\[\033[00m\]:\[\033[01;34m\]\w\[\033[00m\]\$ PYTHONPATH=/home/rafael/mb_project/build/thymio_project/prefix_override:/usr/lib/python3/dist-packages/colcon_core/task/python/colcon_distutils_commands:/home/rafael/mb_project/install/thymio_project/lib/python3.12/site-packages:${PYTHONPATH} VIRTUAL_ENV_PROMPT=(venv) /usr/bin/python3 -W ignore:setup.py install is deprecated -W ignore:easy_install command is deprecated setup.py develop --editable --build-directory /home/rafael/mb_project/build/thymio_project/build --no-deps symlink_data
