[0.065s] Invoking command in '/root/robot_ws/build/ldlidar_stl_ros2': CMAKE_PREFIX_PATH=/opt/ros/jazzy /usr/bin/cmake /root/robot_ws/src/ldlidar_ros2_ws/src/ldlidar_stl_ros2 -DAMENT_CMAKE_SYMLINK_INSTALL=1 -DCMAKE_INSTALL_PREFIX=/root/robot_ws/install/ldlidar_stl_ros2
[0.949s] -- The C compiler identification is GNU 13.3.0
[1.408s] -- The CXX compiler identification is GNU 13.3.0
[1.479s] -- Detecting C compiler ABI info
[1.818s] -- Detecting C compiler ABI info - done
[1.859s] -- Check for working C compiler: /usr/bin/cc - skipped
[1.861s] -- Detecting C compile features
[1.864s] -- Detecting C compile features - done
[1.893s] -- Detecting CXX compiler ABI info
[2.220s] -- Detecting CXX compiler ABI info - done
[2.264s] -- Check for working CXX compiler: /usr/bin/c++ - skipped
[2.265s] -- Detecting CXX compile features
[2.268s] -- Detecting CXX compile features - done
[2.295s] -- Found ament_cmake: 2.5.4 (/opt/ros/jazzy/share/ament_cmake/cmake)
[2.740s] -- Found Python3: /usr/bin/python3 (found version "3.12.3") found components: Interpreter 
[3.094s] -- Override CMake install command with custom implementation using symlinks instead of copying resources
[3.224s] -- Found rclcpp: 28.1.12 (/opt/ros/jazzy/share/rclcpp/cmake)
[3.456s] -- Found rosidl_generator_c: 4.6.6 (/opt/ros/jazzy/share/rosidl_generator_c/cmake)
[3.531s] -- Found rosidl_generator_cpp: 4.6.6 (/opt/ros/jazzy/share/rosidl_generator_cpp/cmake)
[3.630s] -- Using all available rosidl_typesupport_c: rosidl_typesupport_fastrtps_c;rosidl_typesupport_introspection_c
[3.734s] -- Using all available rosidl_typesupport_cpp: rosidl_typesupport_fastrtps_cpp;rosidl_typesupport_introspection_cpp
[4.193s] -- Found rmw_implementation_cmake: 7.3.2 (/opt/ros/jazzy/share/rmw_implementation_cmake/cmake)
[4.208s] -- Found rmw_fastrtps_cpp: 8.4.3 (/opt/ros/jazzy/share/rmw_fastrtps_cpp/cmake)
[4.514s] -- Found OpenSSL: /usr/lib/aarch64-linux-gnu/libcrypto.so (found version "3.0.13")  
[4.571s] -- Found FastRTPS: /opt/ros/jazzy/include (Required is at least version "2.13") 
[4.650s] -- Using RMW implementation 'rmw_fastrtps_cpp' as default
[5.026s] -- Found sensor_msgs: 5.3.6 (/opt/ros/jazzy/share/sensor_msgs/cmake)
[5.343s] -- Found ament_lint_auto: 0.17.3 (/opt/ros/jazzy/share/ament_lint_auto/cmake)
[5.843s] -- Added test 'copyright' to check source files copyright and LICENSE
[5.876s] -- Added test 'cppcheck' to perform static code analysis on C / C++ code
[5.879s] -- Configured cppcheck include dirs: /root/robot_ws/src/ldlidar_ros2_ws/src/ldlidar_stl_ros2/include;/root/robot_ws/src/ldlidar_ros2_ws/src/ldlidar_stl_ros2/ldlidar_driver/include/core;/root/robot_ws/src/ldlidar_ros2_ws/src/ldlidar_stl_ros2/ldlidar_driver/include/dataprocess;/root/robot_ws/src/ldlidar_ros2_ws/src/ldlidar_stl_ros2/ldlidar_driver/include/filter;/root/robot_ws/src/ldlidar_ros2_ws/src/ldlidar_stl_ros2/ldlidar_driver/include/logger;/root/robot_ws/src/ldlidar_ros2_ws/src/ldlidar_stl_ros2/ldlidar_driver/include/networkcom;/root/robot_ws/src/ldlidar_ros2_ws/src/ldlidar_stl_ros2/ldlidar_driver/include/serialcom
[5.880s] -- Configured cppcheck exclude dirs and/or files: 
[5.899s] -- Added test 'cpplint' to check C / C++ code against the Google style
[5.899s] -- Configured cpplint exclude dirs and/or files: 
[5.906s] -- Added test 'flake8' to check Python code syntax and style conventions
[5.906s] -- Configured 'flake8' exclude dirs and/or files: 
[5.912s] -- Added test 'lint_cmake' to check CMake code style
[5.920s] -- Added test 'pep257' to check Python code against some of the docstring style conventions in PEP 257
[5.937s] -- Added test 'uncrustify' to check C / C++ code style
[5.937s] -- Configured uncrustify additional arguments: 
[5.943s] -- Added test 'xmllint' to check XML markup files
[5.952s] -- Configuring done (5.6s)
[6.005s] -- Generating done (0.0s)
[6.020s] -- Build files have been written to: /root/robot_ws/build/ldlidar_stl_ros2
[6.056s] Invoked command in '/root/robot_ws/build/ldlidar_stl_ros2' returned '0': CMAKE_PREFIX_PATH=/opt/ros/jazzy /usr/bin/cmake /root/robot_ws/src/ldlidar_ros2_ws/src/ldlidar_stl_ros2 -DAMENT_CMAKE_SYMLINK_INSTALL=1 -DCMAKE_INSTALL_PREFIX=/root/robot_ws/install/ldlidar_stl_ros2
[6.062s] Invoking command in '/root/robot_ws/build/ldlidar_stl_ros2': CMAKE_PREFIX_PATH=/opt/ros/jazzy /usr/bin/cmake --build /root/robot_ws/build/ldlidar_stl_ros2 -- -j4 -l4
[6.260s] [ 12%] [32mBuilding CXX object CMakeFiles/ldlidar_stl_ros2_node.dir/ldlidar_driver/src/core/ldlidar_driver.cpp.o[0m
[6.268s] [ 25%] [32mBuilding CXX object CMakeFiles/ldlidar_stl_ros2_node.dir/ldlidar_driver/src/filter/tofbf.cpp.o[0m
[6.281s] [ 37%] [32mBuilding CXX object CMakeFiles/ldlidar_stl_ros2_node.dir/src/demo.cpp.o[0m
[6.288s] [ 50%] [32mBuilding CXX object CMakeFiles/ldlidar_stl_ros2_node.dir/ldlidar_driver/src/dataprocess/lipkg.cpp.o[0m
[10.472s] [ 62%] [32mBuilding CXX object CMakeFiles/ldlidar_stl_ros2_node.dir/ldlidar_driver/src/logger/log_module.cpp.o[0m
[11.056s] [ 75%] [32mBuilding CXX object CMakeFiles/ldlidar_stl_ros2_node.dir/ldlidar_driver/src/networkcom/network_socket_interface_linux.cpp.o[0m
[11.477s] [ 87%] [32mBuilding CXX object CMakeFiles/ldlidar_stl_ros2_node.dir/ldlidar_driver/src/serialcom/serial_interface_linux.cpp.o[0m
[27.699s] [100%] [32m[1mLinking CXX executable ldlidar_stl_ros2_node[0m
[28.835s] [100%] Built target ldlidar_stl_ros2_node
[28.867s] Invoked command in '/root/robot_ws/build/ldlidar_stl_ros2' returned '0': CMAKE_PREFIX_PATH=/opt/ros/jazzy /usr/bin/cmake --build /root/robot_ws/build/ldlidar_stl_ros2 -- -j4 -l4
[28.894s] Invoking command in '/root/robot_ws/build/ldlidar_stl_ros2': CMAKE_PREFIX_PATH=/opt/ros/jazzy /usr/bin/cmake --install /root/robot_ws/build/ldlidar_stl_ros2
[28.919s] -- Install configuration: ""
[28.920s] -- Execute custom install script
[28.920s] -- Symlinking: /root/robot_ws/install/ldlidar_stl_ros2/lib/ldlidar_stl_ros2/ldlidar_stl_ros2_node
[28.944s] -- Symlinking: /root/robot_ws/install/ldlidar_stl_ros2/share/ldlidar_stl_ros2//launch/__pycache__/test_slam.launch.cpython-312.pyc
[28.969s] -- Symlinking: /root/robot_ws/install/ldlidar_stl_ros2/share/ldlidar_stl_ros2//launch/ld06.launch.py
[28.994s] -- Symlinking: /root/robot_ws/install/ldlidar_stl_ros2/share/ldlidar_stl_ros2//launch/ld19.launch.py
[29.018s] -- Symlinking: /root/robot_ws/install/ldlidar_stl_ros2/share/ldlidar_stl_ros2//launch/stl27l.launch.py
[29.043s] -- Symlinking: /root/robot_ws/install/ldlidar_stl_ros2/share/ldlidar_stl_ros2//launch/test_slam.launch.py
[29.067s] -- Symlinking: /root/robot_ws/install/ldlidar_stl_ros2/share/ldlidar_stl_ros2//launch/viewer_ld06.launch.py
[29.092s] -- Symlinking: /root/robot_ws/install/ldlidar_stl_ros2/share/ldlidar_stl_ros2//launch/viewer_ld19.launch.py
[29.117s] -- Symlinking: /root/robot_ws/install/ldlidar_stl_ros2/share/ldlidar_stl_ros2//launch/viewer_stl27l.launch.py
[29.143s] -- Symlinking: /root/robot_ws/install/ldlidar_stl_ros2/share/ldlidar_stl_ros2//rviz2/ldlidar.rviz
[29.168s] -- Symlinking: /root/robot_ws/install/ldlidar_stl_ros2/share/ament_index/resource_index/package_run_dependencies/ldlidar_stl_ros2
[29.194s] -- Symlinking: /root/robot_ws/install/ldlidar_stl_ros2/share/ament_index/resource_index/parent_prefix_path/ldlidar_stl_ros2
[29.219s] -- Symlinking: /root/robot_ws/install/ldlidar_stl_ros2/share/ldlidar_stl_ros2/environment/ament_prefix_path.sh
[29.244s] -- Symlinking: /root/robot_ws/install/ldlidar_stl_ros2/share/ldlidar_stl_ros2/environment/ament_prefix_path.dsv
[29.269s] -- Symlinking: /root/robot_ws/install/ldlidar_stl_ros2/share/ldlidar_stl_ros2/environment/path.sh
[29.294s] -- Symlinking: /root/robot_ws/install/ldlidar_stl_ros2/share/ldlidar_stl_ros2/environment/path.dsv
[29.319s] -- Symlinking: /root/robot_ws/install/ldlidar_stl_ros2/share/ldlidar_stl_ros2/local_setup.bash
[29.344s] -- Symlinking: /root/robot_ws/install/ldlidar_stl_ros2/share/ldlidar_stl_ros2/local_setup.sh
[29.368s] -- Symlinking: /root/robot_ws/install/ldlidar_stl_ros2/share/ldlidar_stl_ros2/local_setup.zsh
[29.394s] -- Symlinking: /root/robot_ws/install/ldlidar_stl_ros2/share/ldlidar_stl_ros2/local_setup.dsv
[29.418s] -- Symlinking: /root/robot_ws/install/ldlidar_stl_ros2/share/ldlidar_stl_ros2/package.dsv
[29.443s] -- Symlinking: /root/robot_ws/install/ldlidar_stl_ros2/share/ament_index/resource_index/packages/ldlidar_stl_ros2
[29.468s] -- Symlinking: /root/robot_ws/install/ldlidar_stl_ros2/share/ldlidar_stl_ros2/cmake/ldlidar_stl_ros2Config.cmake
[29.494s] -- Symlinking: /root/robot_ws/install/ldlidar_stl_ros2/share/ldlidar_stl_ros2/cmake/ldlidar_stl_ros2Config-version.cmake
[29.519s] -- Symlinking: /root/robot_ws/install/ldlidar_stl_ros2/share/ldlidar_stl_ros2/package.xml
[29.549s] Invoked command in '/root/robot_ws/build/ldlidar_stl_ros2' returned '0': CMAKE_PREFIX_PATH=/opt/ros/jazzy /usr/bin/cmake --install /root/robot_ws/build/ldlidar_stl_ros2
