[0.078s] Invoking command in '/root/robot_ws/build/ldlidar_stl_ros2': CMAKE_PREFIX_PATH=/opt/ros/jazzy /usr/bin/cmake --build /root/robot_ws/build/ldlidar_stl_ros2 -- -j4 -l4
[0.623s] [100%] Built target ldlidar_stl_ros2_node
[0.946s] Invoked command in '/root/robot_ws/build/ldlidar_stl_ros2' returned '0': CMAKE_PREFIX_PATH=/opt/ros/jazzy /usr/bin/cmake --build /root/robot_ws/build/ldlidar_stl_ros2 -- -j4 -l4
[0.981s] Invoking command in '/root/robot_ws/build/ldlidar_stl_ros2': CMAKE_PREFIX_PATH=/opt/ros/jazzy /usr/bin/cmake --install /root/robot_ws/build/ldlidar_stl_ros2
[1.009s] -- Install configuration: ""
[1.011s] -- Execute custom install script
[1.015s] -- Up-to-date symlink: /root/robot_ws/install/ldlidar_stl_ros2/lib/ldlidar_stl_ros2/ldlidar_stl_ros2_node
[1.022s] -- Up-to-date symlink: /root/robot_ws/install/ldlidar_stl_ros2/share/ldlidar_stl_ros2//launch/__pycache__/test_slam.launch.cpython-312.pyc
[1.023s] -- Up-to-date symlink: /root/robot_ws/install/ldlidar_stl_ros2/share/ldlidar_stl_ros2//launch/ld06.launch.py
[1.025s] -- Up-to-date symlink: /root/robot_ws/install/ldlidar_stl_ros2/share/ldlidar_stl_ros2//launch/ld19.launch.py
[1.029s] -- Up-to-date symlink: /root/robot_ws/install/ldlidar_stl_ros2/share/ldlidar_stl_ros2//launch/stl27l.launch.py
[1.030s] -- Up-to-date symlink: /root/robot_ws/install/ldlidar_stl_ros2/share/ldlidar_stl_ros2//launch/test_slam.launch.py
[1.031s] -- Up-to-date symlink: /root/robot_ws/install/ldlidar_stl_ros2/share/ldlidar_stl_ros2//launch/viewer_ld06.launch.py
[1.032s] -- Up-to-date symlink: /root/robot_ws/install/ldlidar_stl_ros2/share/ldlidar_stl_ros2//launch/viewer_ld19.launch.py
[1.033s] -- Up-to-date symlink: /root/robot_ws/install/ldlidar_stl_ros2/share/ldlidar_stl_ros2//launch/viewer_stl27l.launch.py
[1.037s] -- Up-to-date symlink: /root/robot_ws/install/ldlidar_stl_ros2/share/ldlidar_stl_ros2//rviz2/ldlidar.rviz
[1.040s] -- Up-to-date symlink: /root/robot_ws/install/ldlidar_stl_ros2/share/ament_index/resource_index/package_run_dependencies/ldlidar_stl_ros2
[1.041s] -- Up-to-date symlink: /root/robot_ws/install/ldlidar_stl_ros2/share/ament_index/resource_index/parent_prefix_path/ldlidar_stl_ros2
[1.043s] -- Up-to-date symlink: /root/robot_ws/install/ldlidar_stl_ros2/share/ldlidar_stl_ros2/environment/ament_prefix_path.sh
[1.044s] -- Up-to-date symlink: /root/robot_ws/install/ldlidar_stl_ros2/share/ldlidar_stl_ros2/environment/ament_prefix_path.dsv
[1.046s] -- Up-to-date symlink: /root/robot_ws/install/ldlidar_stl_ros2/share/ldlidar_stl_ros2/environment/path.sh
[1.047s] -- Up-to-date symlink: /root/robot_ws/install/ldlidar_stl_ros2/share/ldlidar_stl_ros2/environment/path.dsv
[1.048s] -- Up-to-date symlink: /root/robot_ws/install/ldlidar_stl_ros2/share/ldlidar_stl_ros2/local_setup.bash
[1.049s] -- Up-to-date symlink: /root/robot_ws/install/ldlidar_stl_ros2/share/ldlidar_stl_ros2/local_setup.sh
[1.051s] -- Up-to-date symlink: /root/robot_ws/install/ldlidar_stl_ros2/share/ldlidar_stl_ros2/local_setup.zsh
[1.052s] -- Up-to-date symlink: /root/robot_ws/install/ldlidar_stl_ros2/share/ldlidar_stl_ros2/local_setup.dsv
[1.053s] -- Symlinking: /root/robot_ws/install/ldlidar_stl_ros2/share/ldlidar_stl_ros2/package.dsv
[1.082s] -- Up-to-date symlink: /root/robot_ws/install/ldlidar_stl_ros2/share/ament_index/resource_index/packages/ldlidar_stl_ros2
[1.084s] -- Up-to-date symlink: /root/robot_ws/install/ldlidar_stl_ros2/share/ldlidar_stl_ros2/cmake/ldlidar_stl_ros2Config.cmake
[1.085s] -- Up-to-date symlink: /root/robot_ws/install/ldlidar_stl_ros2/share/ldlidar_stl_ros2/cmake/ldlidar_stl_ros2Config-version.cmake
[1.086s] -- Up-to-date symlink: /root/robot_ws/install/ldlidar_stl_ros2/share/ldlidar_stl_ros2/package.xml
[1.092s] Invoked command in '/root/robot_ws/build/ldlidar_stl_ros2' returned '0': CMAKE_PREFIX_PATH=/opt/ros/jazzy /usr/bin/cmake --install /root/robot_ws/build/ldlidar_stl_ros2
